{"D:\\dev\\study\\my-messenger\\app\\src\\components\\icons\\arrow-left\\index.tsx": {"path":"D:\\dev\\study\\my-messenger\\app\\src\\components\\icons\\arrow-left\\index.tsx","statementMap":{"0":{"start":{"line":8,"column":0},"end":{"line":8,"column":24}},"1":{"start":{"line":9,"column":18},"end":{"line":9,"column":63}},"2":{"start":{"line":11,"column":1},"end":{"line":28,"column":8}}},"fnMap":{"0":{"name":"ArrowLeftIconComponent","decl":{"start":{"line":8,"column":24},"end":{"line":8,"column":46}},"loc":{"start":{"line":8,"column":96},"end":{"line":29,"column":1}}}},"branchMap":{"0":{"loc":{"start":{"line":8,"column":69},"end":{"line":8,"column":78}},"type":"default-arg","locations":[{"start":{"line":8,"column":76},"end":{"line":8,"column":78}}]},"1":{"loc":{"start":{"line":9,"column":18},"end":{"line":9,"column":63}},"type":"cond-expr","locations":[{"start":{"line":9,"column":45},"end":{"line":9,"column":56}},{"start":{"line":9,"column":59},"end":{"line":9,"column":63}}]}},"s":{"0":10,"1":19,"2":19},"f":{"0":19},"b":{"0":[15],"1":[17,2]}}
,"D:\\dev\\study\\my-messenger\\app\\src\\components\\icons\\arrow-right\\index.tsx": {"path":"D:\\dev\\study\\my-messenger\\app\\src\\components\\icons\\arrow-right\\index.tsx","statementMap":{"0":{"start":{"line":8,"column":0},"end":{"line":8,"column":24}},"1":{"start":{"line":9,"column":18},"end":{"line":9,"column":63}},"2":{"start":{"line":11,"column":1},"end":{"line":28,"column":8}}},"fnMap":{"0":{"name":"ArrowRightIconComponent","decl":{"start":{"line":8,"column":24},"end":{"line":8,"column":47}},"loc":{"start":{"line":8,"column":98},"end":{"line":29,"column":1}}}},"branchMap":{"0":{"loc":{"start":{"line":8,"column":70},"end":{"line":8,"column":79}},"type":"default-arg","locations":[{"start":{"line":8,"column":77},"end":{"line":8,"column":79}}]},"1":{"loc":{"start":{"line":9,"column":18},"end":{"line":9,"column":63}},"type":"cond-expr","locations":[{"start":{"line":9,"column":45},"end":{"line":9,"column":56}},{"start":{"line":9,"column":59},"end":{"line":9,"column":63}}]}},"s":{"0":10,"1":20,"2":20},"f":{"0":20},"b":{"0":[16],"1":[18,2]}}
,"D:\\dev\\study\\my-messenger\\app\\src\\components\\icons\\close\\index.tsx": {"path":"D:\\dev\\study\\my-messenger\\app\\src\\components\\icons\\close\\index.tsx","statementMap":{"0":{"start":{"line":8,"column":0},"end":{"line":8,"column":24}},"1":{"start":{"line":9,"column":18},"end":{"line":9,"column":63}},"2":{"start":{"line":11,"column":1},"end":{"line":27,"column":8}}},"fnMap":{"0":{"name":"CloseIconComponent","decl":{"start":{"line":8,"column":24},"end":{"line":8,"column":42}},"loc":{"start":{"line":8,"column":88},"end":{"line":28,"column":1}}}},"branchMap":{"0":{"loc":{"start":{"line":8,"column":65},"end":{"line":8,"column":74}},"type":"default-arg","locations":[{"start":{"line":8,"column":72},"end":{"line":8,"column":74}}]},"1":{"loc":{"start":{"line":9,"column":18},"end":{"line":9,"column":63}},"type":"cond-expr","locations":[{"start":{"line":9,"column":45},"end":{"line":9,"column":56}},{"start":{"line":9,"column":59},"end":{"line":9,"column":63}}]}},"s":{"0":21,"1":56,"2":56},"f":{"0":56},"b":{"0":[5],"1":[7,49]}}
,"D:\\dev\\study\\my-messenger\\app\\src\\components\\icons\\lock\\index.tsx": {"path":"D:\\dev\\study\\my-messenger\\app\\src\\components\\icons\\lock\\index.tsx","statementMap":{"0":{"start":{"line":8,"column":0},"end":{"line":8,"column":24}},"1":{"start":{"line":9,"column":18},"end":{"line":9,"column":63}},"2":{"start":{"line":11,"column":1},"end":{"line":22,"column":8}}},"fnMap":{"0":{"name":"LockIconComponent","decl":{"start":{"line":8,"column":24},"end":{"line":8,"column":41}},"loc":{"start":{"line":8,"column":86},"end":{"line":23,"column":1}}}},"branchMap":{"0":{"loc":{"start":{"line":8,"column":64},"end":{"line":8,"column":73}},"type":"default-arg","locations":[{"start":{"line":8,"column":71},"end":{"line":8,"column":73}}]},"1":{"loc":{"start":{"line":9,"column":18},"end":{"line":9,"column":63}},"type":"cond-expr","locations":[{"start":{"line":9,"column":45},"end":{"line":9,"column":56}},{"start":{"line":9,"column":59},"end":{"line":9,"column":63}}]}},"s":{"0":7,"1":128,"2":128},"f":{"0":128},"b":{"0":[5],"1":[126,2]}}
,"D:\\dev\\study\\my-messenger\\app\\src\\components\\icons\\main-logo\\index.tsx": {"path":"D:\\dev\\study\\my-messenger\\app\\src\\components\\icons\\main-logo\\index.tsx","statementMap":{"0":{"start":{"line":2,"column":0},"end":{"line":2,"column":24}},"1":{"start":{"line":3,"column":1},"end":{"line":33,"column":8}}},"fnMap":{"0":{"name":"MainLogoIconComponent","decl":{"start":{"line":2,"column":24},"end":{"line":2,"column":45}},"loc":{"start":{"line":2,"column":45},"end":{"line":34,"column":1}}}},"branchMap":{},"s":{"0":5,"1":21},"f":{"0":21},"b":{}}
,"D:\\dev\\study\\my-messenger\\app\\src\\components\\layouts\\content\\index.tsx": {"path":"D:\\dev\\study\\my-messenger\\app\\src\\components\\layouts\\content\\index.tsx","statementMap":{"0":{"start":{"line":12,"column":0},"end":{"line":12,"column":24}},"1":{"start":{"line":3,"column":0},"end":{"line":3,"column":46}},"2":{"start":{"line":5,"column":0},"end":{"line":5,"column":24}},"3":{"start":{"line":13,"column":1},"end":{"line":15,"column":17}}},"fnMap":{"0":{"name":"ContentLayoutComponent","decl":{"start":{"line":12,"column":24},"end":{"line":12,"column":46}},"loc":{"start":{"line":12,"column":75},"end":{"line":16,"column":1}}}},"branchMap":{},"s":{"0":4,"1":4,"2":4,"3":11},"f":{"0":11},"b":{}}
,"D:\\dev\\study\\my-messenger\\app\\src\\components\\layouts\\header\\index.tsx": {"path":"D:\\dev\\study\\my-messenger\\app\\src\\components\\layouts\\header\\index.tsx","statementMap":{"0":{"start":{"line":22,"column":0},"end":{"line":22,"column":24}},"1":{"start":{"line":1,"column":0},"end":{"line":1,"column":50}},"2":{"start":{"line":2,"column":0},"end":{"line":2,"column":47}},"3":{"start":{"line":4,"column":0},"end":{"line":4,"column":64}},"4":{"start":{"line":5,"column":0},"end":{"line":5,"column":75}},"5":{"start":{"line":6,"column":0},"end":{"line":6,"column":48}},"6":{"start":{"line":7,"column":0},"end":{"line":7,"column":57}},"7":{"start":{"line":8,"column":0},"end":{"line":8,"column":60}},"8":{"start":{"line":9,"column":0},"end":{"line":9,"column":49}},"9":{"start":{"line":10,"column":0},"end":{"line":10,"column":33}},"10":{"start":{"line":11,"column":0},"end":{"line":11,"column":35}},"11":{"start":{"line":12,"column":0},"end":{"line":12,"column":39}},"12":{"start":{"line":13,"column":0},"end":{"line":13,"column":44}},"13":{"start":{"line":14,"column":0},"end":{"line":14,"column":44}},"14":{"start":{"line":16,"column":0},"end":{"line":16,"column":23}},"15":{"start":{"line":18,"column":21},"end":{"line":18,"column":69}},"16":{"start":{"line":19,"column":25},"end":{"line":19,"column":26}},"17":{"start":{"line":23,"column":20},"end":{"line":23,"column":35}},"18":{"start":{"line":24,"column":18},"end":{"line":24,"column":31}},"19":{"start":{"line":26,"column":43},"end":{"line":26,"column":77}},"20":{"start":{"line":28,"column":18},"end":{"line":28,"column":55}},"21":{"start":{"line":28,"column":40},"end":{"line":28,"column":54}},"22":{"start":{"line":31,"column":20},"end":{"line":40,"column":2}},"23":{"start":{"line":38,"column":2},"end":{"line":38,"column":26}},"24":{"start":{"line":39,"column":2},"end":{"line":39,"column":39}},"25":{"start":{"line":43,"column":27},"end":{"line":46,"column":2}},"26":{"start":{"line":44,"column":2},"end":{"line":44,"column":14}},"27":{"start":{"line":45,"column":2},"end":{"line":45,"column":47}},"28":{"start":{"line":49,"column":14},"end":{"line":52,"column":2}},"29":{"start":{"line":50,"column":2},"end":{"line":50,"column":32}},"30":{"start":{"line":50,"column":20},"end":{"line":50,"column":32}},"31":{"start":{"line":51,"column":2},"end":{"line":51,"column":17}},"32":{"start":{"line":55,"column":21},"end":{"line":59,"column":2}},"33":{"start":{"line":56,"column":2},"end":{"line":58,"column":3}},"34":{"start":{"line":57,"column":3},"end":{"line":57,"column":25}},"35":{"start":{"line":62,"column":19},"end":{"line":62,"column":46}},"36":{"start":{"line":62,"column":25},"end":{"line":62,"column":46}},"37":{"start":{"line":65,"column":16},"end":{"line":68,"column":2}},"38":{"start":{"line":66,"column":2},"end":{"line":66,"column":14}},"39":{"start":{"line":67,"column":2},"end":{"line":67,"column":30}},"40":{"start":{"line":70,"column":1},"end":{"line":110,"column":11}},"41":{"start":{"line":73,"column":68},"end":{"line":73,"column":87}},"42":{"start":{"line":95,"column":40},"end":{"line":95,"column":56}}},"fnMap":{"0":{"name":"HeaderComponent","decl":{"start":{"line":22,"column":24},"end":{"line":22,"column":39}},"loc":{"start":{"line":22,"column":39},"end":{"line":111,"column":1}}},"1":{"name":"(anonymous_2)","decl":{"start":{"line":28,"column":31},"end":{"line":28,"column":36}},"loc":{"start":{"line":28,"column":40},"end":{"line":28,"column":54}}},"2":{"name":"(anonymous_3)","decl":{"start":{"line":31,"column":20},"end":{"line":31,"column":21}},"loc":{"start":{"line":31,"column":81},"end":{"line":40,"column":2}}},"3":{"name":"(anonymous_4)","decl":{"start":{"line":43,"column":27},"end":{"line":43,"column":30}},"loc":{"start":{"line":43,"column":32},"end":{"line":46,"column":2}}},"4":{"name":"(anonymous_5)","decl":{"start":{"line":49,"column":14},"end":{"line":49,"column":15}},"loc":{"start":{"line":49,"column":30},"end":{"line":52,"column":2}}},"5":{"name":"(anonymous_6)","decl":{"start":{"line":55,"column":21},"end":{"line":55,"column":22}},"loc":{"start":{"line":55,"column":59},"end":{"line":59,"column":2}}},"6":{"name":"(anonymous_7)","decl":{"start":{"line":62,"column":19},"end":{"line":62,"column":22}},"loc":{"start":{"line":62,"column":25},"end":{"line":62,"column":46}}},"7":{"name":"(anonymous_8)","decl":{"start":{"line":65,"column":16},"end":{"line":65,"column":19}},"loc":{"start":{"line":65,"column":21},"end":{"line":68,"column":2}}},"8":{"name":"(anonymous_9)","decl":{"start":{"line":73,"column":62},"end":{"line":73,"column":65}},"loc":{"start":{"line":73,"column":68},"end":{"line":73,"column":87}}},"9":{"name":"(anonymous_10)","decl":{"start":{"line":95,"column":34},"end":{"line":95,"column":37}},"loc":{"start":{"line":95,"column":40},"end":{"line":95,"column":56}}}},"branchMap":{"0":{"loc":{"start":{"line":50,"column":2},"end":{"line":50,"column":32}},"type":"if","locations":[{"start":{"line":50,"column":2},"end":{"line":50,"column":32}}]},"1":{"loc":{"start":{"line":56,"column":2},"end":{"line":58,"column":3}},"type":"if","locations":[{"start":{"line":56,"column":2},"end":{"line":58,"column":3}}]}},"s":{"0":4,"1":4,"2":4,"3":4,"4":4,"5":4,"6":4,"7":4,"8":4,"9":4,"10":4,"11":4,"12":4,"13":4,"14":4,"15":4,"16":4,"17":18,"18":18,"19":18,"20":18,"21":18,"22":18,"23":5,"24":5,"25":18,"26":1,"27":1,"28":18,"29":2,"30":1,"31":2,"32":18,"33":1,"34":1,"35":18,"36":3,"37":18,"38":1,"39":1,"40":18,"41":1,"42":1},"f":{"0":18,"1":18,"2":5,"3":1,"4":2,"5":1,"6":3,"7":1,"8":1,"9":1},"b":{"0":[1],"1":[1]}}
,"D:\\dev\\study\\my-messenger\\app\\src\\components\\layouts\\menu\\index.tsx": {"path":"D:\\dev\\study\\my-messenger\\app\\src\\components\\layouts\\menu\\index.tsx","statementMap":{"0":{"start":{"line":18,"column":0},"end":{"line":18,"column":24}},"1":{"start":{"line":1,"column":0},"end":{"line":1,"column":34}},"2":{"start":{"line":2,"column":0},"end":{"line":2,"column":47}},"3":{"start":{"line":3,"column":0},"end":{"line":3,"column":82}},"4":{"start":{"line":4,"column":0},"end":{"line":4,"column":58}},"5":{"start":{"line":5,"column":0},"end":{"line":5,"column":70}},"6":{"start":{"line":6,"column":0},"end":{"line":6,"column":68}},"7":{"start":{"line":8,"column":0},"end":{"line":8,"column":79}},"8":{"start":{"line":9,"column":0},"end":{"line":9,"column":57}},"9":{"start":{"line":10,"column":0},"end":{"line":10,"column":57}},"10":{"start":{"line":11,"column":0},"end":{"line":11,"column":49}},"11":{"start":{"line":12,"column":0},"end":{"line":12,"column":33}},"12":{"start":{"line":13,"column":0},"end":{"line":13,"column":44}},"13":{"start":{"line":15,"column":0},"end":{"line":15,"column":21}},"14":{"start":{"line":19,"column":21},"end":{"line":19,"column":36}},"15":{"start":{"line":20,"column":18},"end":{"line":20,"column":31}},"16":{"start":{"line":23,"column":1},"end":{"line":29,"column":8}},"17":{"start":{"line":25,"column":2},"end":{"line":25,"column":35}},"18":{"start":{"line":28,"column":2},"end":{"line":28,"column":35}},"19":{"start":{"line":44,"column":23},"end":{"line":46,"column":2}},"20":{"start":{"line":45,"column":2},"end":{"line":45,"column":25}},"21":{"start":{"line":48,"column":1},"end":{"line":92,"column":8}},"22":{"start":{"line":51,"column":66},"end":{"line":51,"column":89}},"23":{"start":{"line":59,"column":66},"end":{"line":59,"column":90}},"24":{"start":{"line":69,"column":66},"end":{"line":69,"column":89}}},"fnMap":{"0":{"name":"MenuComponent","decl":{"start":{"line":18,"column":24},"end":{"line":18,"column":37}},"loc":{"start":{"line":18,"column":37},"end":{"line":93,"column":1}}},"1":{"name":"(anonymous_2)","decl":{"start":{"line":23,"column":11},"end":{"line":23,"column":14}},"loc":{"start":{"line":23,"column":16},"end":{"line":29,"column":2}}},"2":{"name":"(anonymous_3)","decl":{"start":{"line":44,"column":23},"end":{"line":44,"column":26}},"loc":{"start":{"line":44,"column":28},"end":{"line":46,"column":2}}},"3":{"name":"(anonymous_4)","decl":{"start":{"line":51,"column":60},"end":{"line":51,"column":63}},"loc":{"start":{"line":51,"column":66},"end":{"line":51,"column":89}}},"4":{"name":"(anonymous_5)","decl":{"start":{"line":59,"column":60},"end":{"line":59,"column":63}},"loc":{"start":{"line":59,"column":66},"end":{"line":59,"column":90}}},"5":{"name":"(anonymous_6)","decl":{"start":{"line":69,"column":60},"end":{"line":69,"column":63}},"loc":{"start":{"line":69,"column":66},"end":{"line":69,"column":89}}}},"branchMap":{},"s":{"0":4,"1":4,"2":4,"3":4,"4":4,"5":4,"6":4,"7":4,"8":4,"9":4,"10":4,"11":4,"12":4,"13":4,"14":10,"15":10,"16":10,"17":10,"18":10,"19":10,"20":1,"21":10,"22":1,"23":1,"24":1},"f":{"0":10,"1":10,"2":1,"3":1,"4":1,"5":1},"b":{}}
,"D:\\dev\\study\\my-messenger\\app\\src\\components\\main\\MainClientProvider.tsx": {"path":"D:\\dev\\study\\my-messenger\\app\\src\\components\\main\\MainClientProvider.tsx","statementMap":{"0":{"start":{"line":12,"column":0},"end":{"line":12,"column":24}},"1":{"start":{"line":1,"column":0},"end":{"line":1,"column":38}},"2":{"start":{"line":3,"column":0},"end":{"line":3,"column":39}},"3":{"start":{"line":4,"column":0},"end":{"line":4,"column":42}},"4":{"start":{"line":6,"column":19},"end":{"line":6,"column":35}},"5":{"start":{"line":9,"column":13},"end":{"line":9,"column":71}},"6":{"start":{"line":13,"column":1},"end":{"line":15,"column":31}}},"fnMap":{"0":{"name":"MainClientProvider","decl":{"start":{"line":12,"column":24},"end":{"line":12,"column":42}},"loc":{"start":{"line":12,"column":42},"end":{"line":16,"column":1}}}},"branchMap":{},"s":{"0":2,"1":2,"2":2,"3":2,"4":2,"5":2,"6":1},"f":{"0":1},"b":{}}
,"D:\\dev\\study\\my-messenger\\app\\src\\components\\main\\Router.tsx": {"path":"D:\\dev\\study\\my-messenger\\app\\src\\components\\main\\Router.tsx","statementMap":{"0":{"start":{"line":1,"column":0},"end":{"line":1,"column":40}},"1":{"start":{"line":2,"column":0},"end":{"line":2,"column":72}},"2":{"start":{"line":4,"column":0},"end":{"line":4,"column":31}},"3":{"start":{"line":5,"column":0},"end":{"line":5,"column":35}},"4":{"start":{"line":6,"column":0},"end":{"line":6,"column":37}},"5":{"start":{"line":7,"column":0},"end":{"line":7,"column":35}},"6":{"start":{"line":8,"column":0},"end":{"line":8,"column":35}},"7":{"start":{"line":9,"column":0},"end":{"line":9,"column":43}},"8":{"start":{"line":10,"column":0},"end":{"line":10,"column":44}},"9":{"start":{"line":13,"column":0},"end":{"line":40,"column":3}},"10":{"start":{"line":14,"column":20},"end":{"line":14,"column":61}},"11":{"start":{"line":14,"column":44},"end":{"line":14,"column":60}},"12":{"start":{"line":15,"column":18},"end":{"line":15,"column":31}},"13":{"start":{"line":18,"column":1},"end":{"line":25,"column":20}},"14":{"start":{"line":19,"column":22},"end":{"line":19,"column":46}},"15":{"start":{"line":20,"column":30},"end":{"line":20,"column":89}},"16":{"start":{"line":22,"column":2},"end":{"line":24,"column":3}},"17":{"start":{"line":23,"column":3},"end":{"line":23,"column":24}},"18":{"start":{"line":27,"column":1},"end":{"line":39,"column":12}}},"fnMap":{"0":{"name":"Router","decl":{"start":{"line":13,"column":29},"end":{"line":13,"column":35}},"loc":{"start":{"line":13,"column":68},"end":{"line":40,"column":1}}},"1":{"name":"(anonymous_2)","decl":{"start":{"line":14,"column":35},"end":{"line":14,"column":40}},"loc":{"start":{"line":14,"column":44},"end":{"line":14,"column":60}}},"2":{"name":"(anonymous_3)","decl":{"start":{"line":18,"column":11},"end":{"line":18,"column":14}},"loc":{"start":{"line":18,"column":16},"end":{"line":25,"column":2}}}},"branchMap":{"0":{"loc":{"start":{"line":20,"column":30},"end":{"line":20,"column":89}},"type":"binary-expr","locations":[{"start":{"line":20,"column":30},"end":{"line":20,"column":57}},{"start":{"line":20,"column":61},"end":{"line":20,"column":89}}]},"1":{"loc":{"start":{"line":22,"column":2},"end":{"line":24,"column":3}},"type":"if","locations":[{"start":{"line":22,"column":2},"end":{"line":24,"column":3}}]},"2":{"loc":{"start":{"line":22,"column":6},"end":{"line":22,"column":70}},"type":"binary-expr","locations":[{"start":{"line":22,"column":6},"end":{"line":22,"column":16}},{"start":{"line":22,"column":20},"end":{"line":22,"column":40}},{"start":{"line":22,"column":44},"end":{"line":22,"column":70}}]},"3":{"loc":{"start":{"line":27,"column":8},"end":{"line":38,"column":null}},"type":"cond-expr","locations":[{"start":{"line":28,"column":4},"end":{"line":33,"column":null}},{"start":{"line":35,"column":5},"end":{"line":38,"column":null}}]}},"s":{"0":4,"1":4,"2":4,"3":4,"4":4,"5":4,"6":4,"7":4,"8":4,"9":4,"10":8,"11":8,"12":8,"13":8,"14":8,"15":8,"16":8,"17":7,"18":8},"f":{"0":8,"1":8,"2":8},"b":{"0":[8,8],"1":[7],"2":[8,8,7],"3":[3,5]}}
,"D:\\dev\\study\\my-messenger\\app\\src\\components\\main\\ServiceComponents.tsx": {"path":"D:\\dev\\study\\my-messenger\\app\\src\\components\\main\\ServiceComponents.tsx","statementMap":{"0":{"start":{"line":1,"column":0},"end":{"line":1,"column":29}},"1":{"start":{"line":3,"column":0},"end":{"line":3,"column":75}},"2":{"start":{"line":4,"column":0},"end":{"line":4,"column":67}},"3":{"start":{"line":5,"column":0},"end":{"line":5,"column":63}},"4":{"start":{"line":6,"column":0},"end":{"line":6,"column":69}},"5":{"start":{"line":7,"column":0},"end":{"line":7,"column":65}},"6":{"start":{"line":10,"column":0},"end":{"line":23,"column":3}},"7":{"start":{"line":11,"column":1},"end":{"line":22,"column":5}}},"fnMap":{"0":{"name":"ServiceComponents","decl":{"start":{"line":10,"column":29},"end":{"line":10,"column":46}},"loc":{"start":{"line":10,"column":79},"end":{"line":23,"column":1}}}},"branchMap":{"0":{"loc":{"start":{"line":16,"column":3},"end":{"line":21,"column":9}},"type":"cond-expr","locations":[{"start":{"line":17,"column":5},"end":{"line":19,"column":null}},{"start":{"line":21,"column":5},"end":{"line":21,"column":9}}]}},"s":{"0":4,"1":4,"2":4,"3":4,"4":4,"5":4,"6":4,"7":9},"f":{"0":9},"b":{"0":[3,6]}}
,"D:\\dev\\study\\my-messenger\\app\\src\\components\\main\\app\\index.tsx": {"path":"D:\\dev\\study\\my-messenger\\app\\src\\components\\main\\app\\index.tsx","statementMap":{"0":{"start":{"line":12,"column":0},"end":{"line":12,"column":24}},"1":{"start":{"line":1,"column":0},"end":{"line":1,"column":65}},"2":{"start":{"line":2,"column":0},"end":{"line":2,"column":57}},"3":{"start":{"line":3,"column":0},"end":{"line":3,"column":53}},"4":{"start":{"line":4,"column":0},"end":{"line":4,"column":45}},"5":{"start":{"line":5,"column":0},"end":{"line":5,"column":67}},"6":{"start":{"line":6,"column":0},"end":{"line":6,"column":54}},"7":{"start":{"line":7,"column":0},"end":{"line":7,"column":39}},"8":{"start":{"line":9,"column":0},"end":{"line":9,"column":20}},"9":{"start":{"line":13,"column":19},"end":{"line":13,"column":61}},"10":{"start":{"line":13,"column":41},"end":{"line":13,"column":60}},"11":{"start":{"line":14,"column":14},"end":{"line":14,"column":47}},"12":{"start":{"line":14,"column":36},"end":{"line":14,"column":46}},"13":{"start":{"line":16,"column":1},"end":{"line":35,"column":8}}},"fnMap":{"0":{"name":"App","decl":{"start":{"line":12,"column":24},"end":{"line":12,"column":27}},"loc":{"start":{"line":12,"column":27},"end":{"line":36,"column":1}}},"1":{"name":"(anonymous_2)","decl":{"start":{"line":13,"column":32},"end":{"line":13,"column":37}},"loc":{"start":{"line":13,"column":41},"end":{"line":13,"column":60}}},"2":{"name":"(anonymous_3)","decl":{"start":{"line":14,"column":27},"end":{"line":14,"column":32}},"loc":{"start":{"line":14,"column":36},"end":{"line":14,"column":46}}}},"branchMap":{"0":{"loc":{"start":{"line":19,"column":3},"end":{"line":32,"column":null}},"type":"cond-expr","locations":[{"start":{"line":20,"column":5},"end":{"line":20,"column":25}},{"start":{"line":21,"column":5},"end":{"line":32,"column":null}}]},"1":{"loc":{"start":{"line":22,"column":5},"end":{"line":22,"column":38}},"type":"cond-expr","locations":[{"start":{"line":22,"column":12},"end":{"line":22,"column":31}},{"start":{"line":22,"column":34},"end":{"line":22,"column":38}}]},"2":{"loc":{"start":{"line":24,"column":37},"end":{"line":24,"column":65}},"type":"cond-expr","locations":[{"start":{"line":24,"column":44},"end":{"line":24,"column":46}},{"start":{"line":24,"column":49},"end":{"line":24,"column":65}}]},"3":{"loc":{"start":{"line":26,"column":7},"end":{"line":26,"column":38}},"type":"cond-expr","locations":[{"start":{"line":26,"column":14},"end":{"line":26,"column":31}},{"start":{"line":26,"column":34},"end":{"line":26,"column":38}}]}},"s":{"0":3,"1":3,"2":3,"3":3,"4":3,"5":3,"6":3,"7":3,"8":3,"9":4,"10":4,"11":4,"12":4,"13":4},"f":{"0":4,"1":4,"2":4},"b":{"0":[1,3],"1":[1,2],"2":[1,2],"3":[1,2]}}
,"D:\\dev\\study\\my-messenger\\app\\src\\components\\services\\avatars\\big-user-avatar\\index.tsx": {"path":"D:\\dev\\study\\my-messenger\\app\\src\\components\\services\\avatars\\big-user-avatar\\index.tsx","statementMap":{"0":{"start":{"line":1,"column":0},"end":{"line":1,"column":29}},"1":{"start":{"line":3,"column":0},"end":{"line":3,"column":75}},"2":{"start":{"line":5,"column":0},"end":{"line":5,"column":32}},"3":{"start":{"line":14,"column":0},"end":{"line":21,"column":3}},"4":{"start":{"line":15,"column":1},"end":{"line":20,"column":4}}},"fnMap":{"0":{"name":"BigUserUserAvatar","decl":{"start":{"line":14,"column":29},"end":{"line":14,"column":46}},"loc":{"start":{"line":14,"column":87},"end":{"line":21,"column":1}}}},"branchMap":{},"s":{"0":9,"1":9,"2":9,"3":9,"4":13},"f":{"0":13},"b":{}}
,"D:\\dev\\study\\my-messenger\\app\\src\\components\\services\\avatars\\system-avatar\\index.tsx": {"path":"D:\\dev\\study\\my-messenger\\app\\src\\components\\services\\avatars\\system-avatar\\index.tsx","statementMap":{"0":{"start":{"line":1,"column":0},"end":{"line":1,"column":45}},"1":{"start":{"line":2,"column":0},"end":{"line":2,"column":39}},"2":{"start":{"line":4,"column":0},"end":{"line":4,"column":30}},"3":{"start":{"line":12,"column":0},"end":{"line":19,"column":3}},"4":{"start":{"line":13,"column":1},"end":{"line":18,"column":4}}},"fnMap":{"0":{"name":"SystemAvatarComponent","decl":{"start":{"line":12,"column":29},"end":{"line":12,"column":50}},"loc":{"start":{"line":12,"column":103},"end":{"line":19,"column":1}}}},"branchMap":{"0":{"loc":{"start":{"line":12,"column":63},"end":{"line":12,"column":77}},"type":"default-arg","locations":[{"start":{"line":12,"column":75},"end":{"line":12,"column":77}}]}},"s":{"0":7,"1":7,"2":7,"3":7,"4":122},"f":{"0":122},"b":{"0":[120]}}
,"D:\\dev\\study\\my-messenger\\app\\src\\components\\services\\avatars\\user-avatar\\index.tsx": {"path":"D:\\dev\\study\\my-messenger\\app\\src\\components\\services\\avatars\\user-avatar\\index.tsx","statementMap":{"0":{"start":{"line":1,"column":0},"end":{"line":1,"column":29}},"1":{"start":{"line":3,"column":0},"end":{"line":3,"column":52}},"2":{"start":{"line":5,"column":0},"end":{"line":5,"column":28}},"3":{"start":{"line":16,"column":0},"end":{"line":22,"column":3}},"4":{"start":{"line":17,"column":1},"end":{"line":21,"column":4}}},"fnMap":{"0":{"name":"UserAvatarComponent","decl":{"start":{"line":16,"column":29},"end":{"line":16,"column":48}},"loc":{"start":{"line":16,"column":99},"end":{"line":22,"column":1}}}},"branchMap":{"0":{"loc":{"start":{"line":16,"column":51},"end":{"line":16,"column":65}},"type":"default-arg","locations":[{"start":{"line":16,"column":63},"end":{"line":16,"column":65}}]}},"s":{"0":12,"1":12,"2":12,"3":12,"4":37},"f":{"0":37},"b":{"0":[22]}}
,"D:\\dev\\study\\my-messenger\\app\\src\\components\\services\\badges\\notification-badge\\index.tsx": {"path":"D:\\dev\\study\\my-messenger\\app\\src\\components\\services\\badges\\notification-badge\\index.tsx","statementMap":{"0":{"start":{"line":1,"column":0},"end":{"line":1,"column":29}},"1":{"start":{"line":2,"column":0},"end":{"line":2,"column":61}},"2":{"start":{"line":4,"column":0},"end":{"line":4,"column":35}},"3":{"start":{"line":12,"column":0},"end":{"line":20,"column":3}},"4":{"start":{"line":13,"column":1},"end":{"line":19,"column":4}}},"fnMap":{"0":{"name":"NotificationBadge","decl":{"start":{"line":12,"column":29},"end":{"line":12,"column":46}},"loc":{"start":{"line":12,"column":116},"end":{"line":20,"column":1}}}},"branchMap":{"0":{"loc":{"start":{"line":12,"column":49},"end":{"line":12,"column":68}},"type":"default-arg","locations":[{"start":{"line":12,"column":59},"end":{"line":12,"column":68}}]},"1":{"loc":{"start":{"line":12,"column":70},"end":{"line":12,"column":84}},"type":"default-arg","locations":[{"start":{"line":12,"column":82},"end":{"line":12,"column":84}}]}},"s":{"0":5,"1":5,"2":5,"3":5,"4":30},"f":{"0":30},"b":{"0":[3],"1":[28]}}
,"D:\\dev\\study\\my-messenger\\app\\src\\components\\services\\buttons\\large-button\\index.tsx": {"path":"D:\\dev\\study\\my-messenger\\app\\src\\components\\services\\buttons\\large-button\\index.tsx","statementMap":{"0":{"start":{"line":4,"column":0},"end":{"line":4,"column":24}},"1":{"start":{"line":1,"column":0},"end":{"line":1,"column":79}},"2":{"start":{"line":5,"column":1},"end":{"line":5,"column":52}}},"fnMap":{"0":{"name":"LargeButtonComponent","decl":{"start":{"line":4,"column":24},"end":{"line":4,"column":44}},"loc":{"start":{"line":4,"column":82},"end":{"line":6,"column":1}}}},"branchMap":{},"s":{"0":1,"1":1,"2":5},"f":{"0":5},"b":{}}
,"D:\\dev\\study\\my-messenger\\app\\src\\components\\services\\buttons\\medium-button\\index.tsx": {"path":"D:\\dev\\study\\my-messenger\\app\\src\\components\\services\\buttons\\medium-button\\index.tsx","statementMap":{"0":{"start":{"line":4,"column":0},"end":{"line":4,"column":24}},"1":{"start":{"line":1,"column":0},"end":{"line":1,"column":79}},"2":{"start":{"line":5,"column":1},"end":{"line":5,"column":53}}},"fnMap":{"0":{"name":"MediumButtonComponent","decl":{"start":{"line":4,"column":24},"end":{"line":4,"column":45}},"loc":{"start":{"line":4,"column":83},"end":{"line":6,"column":1}}}},"branchMap":{},"s":{"0":1,"1":1,"2":5},"f":{"0":5},"b":{}}
,"D:\\dev\\study\\my-messenger\\app\\src\\components\\services\\buttons\\small-button\\index.tsx": {"path":"D:\\dev\\study\\my-messenger\\app\\src\\components\\services\\buttons\\small-button\\index.tsx","statementMap":{"0":{"start":{"line":4,"column":0},"end":{"line":4,"column":24}},"1":{"start":{"line":1,"column":0},"end":{"line":1,"column":79}},"2":{"start":{"line":5,"column":1},"end":{"line":5,"column":52}}},"fnMap":{"0":{"name":"SmallButtonComponent","decl":{"start":{"line":4,"column":24},"end":{"line":4,"column":44}},"loc":{"start":{"line":4,"column":82},"end":{"line":6,"column":1}}}},"branchMap":{},"s":{"0":21,"1":21,"2":119},"f":{"0":119},"b":{}}
,"D:\\dev\\study\\my-messenger\\app\\src\\components\\services\\carousels\\avatar-carousel.tsx": {"path":"D:\\dev\\study\\my-messenger\\app\\src\\components\\services\\carousels\\avatar-carousel.tsx","statementMap":{"0":{"start":{"line":1,"column":0},"end":{"line":1,"column":50}},"1":{"start":{"line":3,"column":0},"end":{"line":3,"column":37}},"2":{"start":{"line":4,"column":0},"end":{"line":4,"column":61}},"3":{"start":{"line":5,"column":0},"end":{"line":5,"column":72}},"4":{"start":{"line":8,"column":0},"end":{"line":31,"column":3}},"5":{"start":{"line":9,"column":45},"end":{"line":9,"column":82}},"6":{"start":{"line":11,"column":16},"end":{"line":11,"column":35}},"7":{"start":{"line":12,"column":14},"end":{"line":12,"column":29}},"8":{"start":{"line":14,"column":1},"end":{"line":22,"column":14}},"9":{"start":{"line":15,"column":2},"end":{"line":21,"column":5}},"10":{"start":{"line":24,"column":1},"end":{"line":24,"column":33}},"11":{"start":{"line":24,"column":21},"end":{"line":24,"column":33}},"12":{"start":{"line":26,"column":1},"end":{"line":30,"column":4}}},"fnMap":{"0":{"name":"AvatarCarousel","decl":{"start":{"line":8,"column":29},"end":{"line":8,"column":43}},"loc":{"start":{"line":8,"column":43},"end":{"line":31,"column":1}}},"1":{"name":"(anonymous_2)","decl":{"start":{"line":14,"column":11},"end":{"line":14,"column":14}},"loc":{"start":{"line":14,"column":16},"end":{"line":22,"column":2}}}},"branchMap":{"0":{"loc":{"start":{"line":24,"column":1},"end":{"line":24,"column":33}},"type":"if","locations":[{"start":{"line":24,"column":1},"end":{"line":24,"column":33}}]}},"s":{"0":6,"1":6,"2":6,"3":6,"4":6,"5":18,"6":18,"7":18,"8":18,"9":9,"10":18,"11":9,"12":9},"f":{"0":18,"1":9},"b":{"0":[9]}}
,"D:\\dev\\study\\my-messenger\\app\\src\\components\\services\\carousels\\photos-carousel.tsx": {"path":"D:\\dev\\study\\my-messenger\\app\\src\\components\\services\\carousels\\photos-carousel.tsx","statementMap":{"0":{"start":{"line":1,"column":0},"end":{"line":1,"column":50}},"1":{"start":{"line":3,"column":0},"end":{"line":3,"column":37}},"2":{"start":{"line":4,"column":0},"end":{"line":4,"column":61}},"3":{"start":{"line":5,"column":0},"end":{"line":5,"column":72}},"4":{"start":{"line":6,"column":0},"end":{"line":6,"column":60}},"5":{"start":{"line":8,"column":32},"end":{"line":8,"column":33}},"6":{"start":{"line":11,"column":0},"end":{"line":55,"column":3}},"7":{"start":{"line":12,"column":45},"end":{"line":12,"column":82}},"8":{"start":{"line":14,"column":19},"end":{"line":14,"column":68}},"9":{"start":{"line":14,"column":51},"end":{"line":14,"column":67}},"10":{"start":{"line":16,"column":16},"end":{"line":16,"column":35}},"11":{"start":{"line":17,"column":14},"end":{"line":17,"column":29}},"12":{"start":{"line":18,"column":23},"end":{"line":18,"column":41}},"13":{"start":{"line":21,"column":1},"end":{"line":46,"column":40}},"14":{"start":{"line":22,"column":2},"end":{"line":45,"column":3}},"15":{"start":{"line":23,"column":22},"end":{"line":23,"column":53}},"16":{"start":{"line":25,"column":3},"end":{"line":28,"column":4}},"17":{"start":{"line":26,"column":4},"end":{"line":26,"column":27}},"18":{"start":{"line":27,"column":4},"end":{"line":27,"column":11}},"19":{"start":{"line":30,"column":3},"end":{"line":36,"column":6}},"20":{"start":{"line":42,"column":3},"end":{"line":44,"column":4}},"21":{"start":{"line":43,"column":4},"end":{"line":43,"column":33}},"22":{"start":{"line":48,"column":1},"end":{"line":48,"column":55}},"23":{"start":{"line":48,"column":43},"end":{"line":48,"column":55}},"24":{"start":{"line":50,"column":1},"end":{"line":54,"column":4}}},"fnMap":{"0":{"name":"PhotosCarousel","decl":{"start":{"line":11,"column":29},"end":{"line":11,"column":43}},"loc":{"start":{"line":11,"column":43},"end":{"line":55,"column":1}}},"1":{"name":"(anonymous_2)","decl":{"start":{"line":14,"column":42},"end":{"line":14,"column":47}},"loc":{"start":{"line":14,"column":51},"end":{"line":14,"column":67}}},"2":{"name":"(anonymous_3)","decl":{"start":{"line":21,"column":11},"end":{"line":21,"column":14}},"loc":{"start":{"line":21,"column":16},"end":{"line":46,"column":2}}}},"branchMap":{"0":{"loc":{"start":{"line":22,"column":2},"end":{"line":45,"column":3}},"type":"if","locations":[{"start":{"line":22,"column":2},"end":{"line":45,"column":3}}]},"1":{"loc":{"start":{"line":25,"column":3},"end":{"line":28,"column":4}},"type":"if","locations":[{"start":{"line":25,"column":3},"end":{"line":28,"column":4}}]},"2":{"loc":{"start":{"line":42,"column":3},"end":{"line":44,"column":4}},"type":"if","locations":[{"start":{"line":42,"column":3},"end":{"line":44,"column":4}}]},"3":{"loc":{"start":{"line":48,"column":1},"end":{"line":48,"column":55}},"type":"if","locations":[{"start":{"line":48,"column":1},"end":{"line":48,"column":55}}]},"4":{"loc":{"start":{"line":48,"column":5},"end":{"line":48,"column":41}},"type":"binary-expr","locations":[{"start":{"line":48,"column":5},"end":{"line":48,"column":19}},{"start":{"line":48,"column":23},"end":{"line":48,"column":41}}]}},"s":{"0":6,"1":6,"2":6,"3":6,"4":6,"5":6,"6":6,"7":17,"8":17,"9":17,"10":17,"11":17,"12":17,"13":17,"14":11,"15":9,"16":9,"17":3,"18":3,"19":6,"20":6,"21":6,"22":17,"23":11,"24":6},"f":{"0":17,"1":17,"2":11},"b":{"0":[9],"1":[3],"2":[6],"3":[11],"4":[17,6]}}
,"D:\\dev\\study\\my-messenger\\app\\src\\components\\services\\forms\\switch-form-group\\index.tsx": {"path":"D:\\dev\\study\\my-messenger\\app\\src\\components\\services\\forms\\switch-form-group\\index.tsx","statementMap":{"0":{"start":{"line":1,"column":0},"end":{"line":1,"column":47}},"1":{"start":{"line":2,"column":0},"end":{"line":2,"column":62}},"2":{"start":{"line":3,"column":0},"end":{"line":3,"column":48}},"3":{"start":{"line":5,"column":0},"end":{"line":5,"column":52}},"4":{"start":{"line":6,"column":0},"end":{"line":6,"column":36}},"5":{"start":{"line":15,"column":0},"end":{"line":34,"column":3}},"6":{"start":{"line":16,"column":22},"end":{"line":18,"column":2}},"7":{"start":{"line":17,"column":2},"end":{"line":17,"column":99}},"8":{"start":{"line":20,"column":1},"end":{"line":33,"column":14}}},"fnMap":{"0":{"name":"SwitchFormGroup","decl":{"start":{"line":15,"column":29},"end":{"line":15,"column":44}},"loc":{"start":{"line":15,"column":81},"end":{"line":34,"column":1}}},"1":{"name":"(anonymous_2)","decl":{"start":{"line":16,"column":22},"end":{"line":16,"column":23}},"loc":{"start":{"line":16,"column":63},"end":{"line":18,"column":2}}}},"branchMap":{},"s":{"0":6,"1":6,"2":6,"3":6,"4":6,"5":6,"6":26,"7":4,"8":26},"f":{"0":26,"1":4},"b":{}}
,"D:\\dev\\study\\my-messenger\\app\\src\\components\\services\\modals\\carousel\\index.tsx": {"path":"D:\\dev\\study\\my-messenger\\app\\src\\components\\services\\modals\\carousel\\index.tsx","statementMap":{"0":{"start":{"line":11,"column":0},"end":{"line":11,"column":24}},"1":{"start":{"line":1,"column":0},"end":{"line":1,"column":76}},"2":{"start":{"line":2,"column":0},"end":{"line":2,"column":76}},"3":{"start":{"line":3,"column":0},"end":{"line":3,"column":50}},"4":{"start":{"line":5,"column":0},"end":{"line":5,"column":60}},"5":{"start":{"line":7,"column":20},"end":{"line":7,"column":42}},"6":{"start":{"line":8,"column":26},"end":{"line":8,"column":54}},"7":{"start":{"line":12,"column":34},"end":{"line":12,"column":72}},"8":{"start":{"line":12,"column":66},"end":{"line":12,"column":71}},"9":{"start":{"line":15,"column":17},"end":{"line":17,"column":2}},"10":{"start":{"line":16,"column":2},"end":{"line":16,"column":44}},"11":{"start":{"line":19,"column":1},"end":{"line":19,"column":71}},"12":{"start":{"line":19,"column":59},"end":{"line":19,"column":71}},"13":{"start":{"line":21,"column":1},"end":{"line":30,"column":19}}},"fnMap":{"0":{"name":"ModalWithImagesCarousel","decl":{"start":{"line":11,"column":24},"end":{"line":11,"column":47}},"loc":{"start":{"line":11,"column":47},"end":{"line":31,"column":1}}},"1":{"name":"(anonymous_2)","decl":{"start":{"line":12,"column":57},"end":{"line":12,"column":62}},"loc":{"start":{"line":12,"column":66},"end":{"line":12,"column":71}}},"2":{"name":"(anonymous_3)","decl":{"start":{"line":15,"column":17},"end":{"line":15,"column":20}},"loc":{"start":{"line":15,"column":22},"end":{"line":17,"column":2}}}},"branchMap":{"0":{"loc":{"start":{"line":19,"column":1},"end":{"line":19,"column":71}},"type":"if","locations":[{"start":{"line":19,"column":1},"end":{"line":19,"column":71}}]},"1":{"loc":{"start":{"line":19,"column":5},"end":{"line":19,"column":57}},"type":"binary-expr","locations":[{"start":{"line":19,"column":5},"end":{"line":19,"column":14}},{"start":{"line":19,"column":19},"end":{"line":19,"column":38}},{"start":{"line":19,"column":42},"end":{"line":19,"column":56}}]},"2":{"loc":{"start":{"line":28,"column":3},"end":{"line":28,"column":33}},"type":"binary-expr","locations":[{"start":{"line":28,"column":3},"end":{"line":28,"column":11}},{"start":{"line":28,"column":15},"end":{"line":28,"column":33}}]},"3":{"loc":{"start":{"line":29,"column":3},"end":{"line":29,"column":63}},"type":"binary-expr","locations":[{"start":{"line":29,"column":3},"end":{"line":29,"column":22}},{"start":{"line":29,"column":26},"end":{"line":29,"column":41}},{"start":{"line":29,"column":45},"end":{"line":29,"column":63}}]}},"s":{"0":5,"1":5,"2":5,"3":5,"4":5,"5":5,"6":5,"7":9,"8":9,"9":9,"10":1,"11":9,"12":4,"13":5},"f":{"0":9,"1":9,"2":1},"b":{"0":[4],"1":[9,5,2],"2":[5,4],"3":[5,4,4]}}
,"D:\\dev\\study\\my-messenger\\app\\src\\components\\services\\modals\\confirm\\index.tsx": {"path":"D:\\dev\\study\\my-messenger\\app\\src\\components\\services\\modals\\confirm\\index.tsx","statementMap":{"0":{"start":{"line":20,"column":0},"end":{"line":20,"column":24}},"1":{"start":{"line":1,"column":0},"end":{"line":1,"column":77}},"2":{"start":{"line":2,"column":0},"end":{"line":2,"column":46}},"3":{"start":{"line":3,"column":0},"end":{"line":3,"column":50}},"4":{"start":{"line":4,"column":0},"end":{"line":4,"column":60}},"5":{"start":{"line":5,"column":0},"end":{"line":5,"column":36}},"6":{"start":{"line":6,"column":0},"end":{"line":6,"column":35}},"7":{"start":{"line":8,"column":0},"end":{"line":8,"column":24}},"8":{"start":{"line":10,"column":20},"end":{"line":10,"column":41}},"9":{"start":{"line":11,"column":26},"end":{"line":11,"column":53}},"10":{"start":{"line":21,"column":22},"end":{"line":21,"column":61}},"11":{"start":{"line":21,"column":42},"end":{"line":21,"column":60}},"12":{"start":{"line":24,"column":18},"end":{"line":28,"column":2}},"13":{"start":{"line":25,"column":2},"end":{"line":25,"column":57}},"14":{"start":{"line":25,"column":39},"end":{"line":25,"column":57}},"15":{"start":{"line":27,"column":2},"end":{"line":27,"column":12}},"16":{"start":{"line":31,"column":17},"end":{"line":33,"column":2}},"17":{"start":{"line":32,"column":2},"end":{"line":32,"column":46}},"18":{"start":{"line":35,"column":1},"end":{"line":35,"column":32}},"19":{"start":{"line":35,"column":20},"end":{"line":35,"column":32}},"20":{"start":{"line":37,"column":1},"end":{"line":53,"column":19}}},"fnMap":{"0":{"name":"ModalWithConfirm","decl":{"start":{"line":20,"column":24},"end":{"line":20,"column":40}},"loc":{"start":{"line":20,"column":40},"end":{"line":54,"column":1}}},"1":{"name":"(anonymous_2)","decl":{"start":{"line":21,"column":33},"end":{"line":21,"column":38}},"loc":{"start":{"line":21,"column":42},"end":{"line":21,"column":60}}},"2":{"name":"(anonymous_3)","decl":{"start":{"line":24,"column":18},"end":{"line":24,"column":21}},"loc":{"start":{"line":24,"column":23},"end":{"line":28,"column":2}}},"3":{"name":"(anonymous_4)","decl":{"start":{"line":31,"column":17},"end":{"line":31,"column":20}},"loc":{"start":{"line":31,"column":22},"end":{"line":33,"column":2}}}},"branchMap":{"0":{"loc":{"start":{"line":25,"column":2},"end":{"line":25,"column":57}},"type":"if","locations":[{"start":{"line":25,"column":2},"end":{"line":25,"column":57}}]},"1":{"loc":{"start":{"line":25,"column":6},"end":{"line":25,"column":37}},"type":"binary-expr","locations":[{"start":{"line":25,"column":6},"end":{"line":25,"column":18}},{"start":{"line":25,"column":22},"end":{"line":25,"column":37}}]},"2":{"loc":{"start":{"line":35,"column":1},"end":{"line":35,"column":32}},"type":"if","locations":[{"start":{"line":35,"column":1},"end":{"line":35,"column":32}}]}},"s":{"0":5,"1":5,"2":5,"3":5,"4":5,"5":5,"6":5,"7":5,"8":5,"9":5,"10":15,"11":15,"12":15,"13":2,"14":2,"15":2,"16":15,"17":3,"18":15,"19":9,"20":6},"f":{"0":15,"1":15,"2":2,"3":3},"b":{"0":[2],"1":[2,2],"2":[9]}}
,"D:\\dev\\study\\my-messenger\\app\\src\\components\\services\\modals\\error\\index.tsx": {"path":"D:\\dev\\study\\my-messenger\\app\\src\\components\\services\\modals\\error\\index.tsx","statementMap":{"0":{"start":{"line":24,"column":0},"end":{"line":24,"column":24}},"1":{"start":{"line":1,"column":0},"end":{"line":1,"column":33}},"2":{"start":{"line":2,"column":0},"end":{"line":2,"column":47}},"3":{"start":{"line":3,"column":0},"end":{"line":3,"column":56}},"4":{"start":{"line":4,"column":0},"end":{"line":4,"column":54}},"5":{"start":{"line":6,"column":0},"end":{"line":6,"column":46}},"6":{"start":{"line":7,"column":0},"end":{"line":7,"column":52}},"7":{"start":{"line":8,"column":0},"end":{"line":8,"column":50}},"8":{"start":{"line":9,"column":0},"end":{"line":9,"column":56}},"9":{"start":{"line":10,"column":0},"end":{"line":10,"column":60}},"10":{"start":{"line":11,"column":0},"end":{"line":11,"column":49}},"11":{"start":{"line":12,"column":0},"end":{"line":12,"column":36}},"12":{"start":{"line":13,"column":0},"end":{"line":13,"column":35}},"13":{"start":{"line":14,"column":0},"end":{"line":14,"column":49}},"14":{"start":{"line":16,"column":0},"end":{"line":16,"column":22}},"15":{"start":{"line":18,"column":20},"end":{"line":18,"column":39}},"16":{"start":{"line":19,"column":26},"end":{"line":19,"column":51}},"17":{"start":{"line":21,"column":23},"end":{"line":21,"column":74}},"18":{"start":{"line":25,"column":15},"end":{"line":25,"column":47}},"19":{"start":{"line":25,"column":35},"end":{"line":25,"column":46}},"20":{"start":{"line":26,"column":49},"end":{"line":26,"column":64}},"21":{"start":{"line":28,"column":20},"end":{"line":28,"column":35}},"22":{"start":{"line":29,"column":18},"end":{"line":29,"column":31}},"23":{"start":{"line":32,"column":16},"end":{"line":41,"column":2}},"24":{"start":{"line":33,"column":2},"end":{"line":40,"column":3}},"25":{"start":{"line":34,"column":3},"end":{"line":39,"column":7}},"26":{"start":{"line":36,"column":16},"end":{"line":36,"column":40}},"27":{"start":{"line":38,"column":5},"end":{"line":38,"column":76}},"28":{"start":{"line":44,"column":17},"end":{"line":46,"column":2}},"29":{"start":{"line":45,"column":2},"end":{"line":45,"column":39}},"30":{"start":{"line":49,"column":20},"end":{"line":51,"column":2}},"31":{"start":{"line":50,"column":2},"end":{"line":50,"column":31}},"32":{"start":{"line":54,"column":18},"end":{"line":56,"column":2}},"33":{"start":{"line":55,"column":2},"end":{"line":55,"column":14}},"34":{"start":{"line":58,"column":1},"end":{"line":58,"column":25}},"35":{"start":{"line":58,"column":13},"end":{"line":58,"column":25}},"36":{"start":{"line":60,"column":1},"end":{"line":99,"column":5}},"37":{"start":{"line":65,"column":22},"end":{"line":65,"column":47}}},"fnMap":{"0":{"name":"ModalWithError","decl":{"start":{"line":24,"column":24},"end":{"line":24,"column":38}},"loc":{"start":{"line":24,"column":38},"end":{"line":100,"column":1}}},"1":{"name":"(anonymous_2)","decl":{"start":{"line":25,"column":26},"end":{"line":25,"column":31}},"loc":{"start":{"line":25,"column":35},"end":{"line":25,"column":46}}},"2":{"name":"(anonymous_3)","decl":{"start":{"line":32,"column":16},"end":{"line":32,"column":19}},"loc":{"start":{"line":32,"column":21},"end":{"line":41,"column":2}}},"3":{"name":"(anonymous_4)","decl":{"start":{"line":36,"column":10},"end":{"line":36,"column":13}},"loc":{"start":{"line":36,"column":16},"end":{"line":36,"column":40}}},"4":{"name":"(anonymous_5)","decl":{"start":{"line":37,"column":11},"end":{"line":37,"column":12}},"loc":{"start":{"line":37,"column":28},"end":{"line":39,"column":5}}},"5":{"name":"(anonymous_6)","decl":{"start":{"line":44,"column":17},"end":{"line":44,"column":20}},"loc":{"start":{"line":44,"column":22},"end":{"line":46,"column":2}}},"6":{"name":"(anonymous_7)","decl":{"start":{"line":49,"column":20},"end":{"line":49,"column":23}},"loc":{"start":{"line":49,"column":25},"end":{"line":51,"column":2}}},"7":{"name":"(anonymous_8)","decl":{"start":{"line":54,"column":18},"end":{"line":54,"column":21}},"loc":{"start":{"line":54,"column":23},"end":{"line":56,"column":2}}},"8":{"name":"(anonymous_9)","decl":{"start":{"line":65,"column":16},"end":{"line":65,"column":19}},"loc":{"start":{"line":65,"column":22},"end":{"line":65,"column":47}}}},"branchMap":{"0":{"loc":{"start":{"line":33,"column":2},"end":{"line":40,"column":3}},"type":"if","locations":[{"start":{"line":33,"column":2},"end":{"line":40,"column":3}}]},"1":{"loc":{"start":{"line":58,"column":1},"end":{"line":58,"column":25}},"type":"if","locations":[{"start":{"line":58,"column":1},"end":{"line":58,"column":25}}]}},"s":{"0":5,"1":5,"2":5,"3":5,"4":5,"5":5,"6":5,"7":5,"8":5,"9":5,"10":5,"11":5,"12":5,"13":5,"14":5,"15":5,"16":5,"17":5,"18":19,"19":19,"20":19,"21":19,"22":19,"23":19,"24":2,"25":2,"26":1,"27":1,"28":19,"29":1,"30":19,"31":1,"32":19,"33":1,"34":19,"35":9,"36":10,"37":0},"f":{"0":19,"1":19,"2":2,"3":1,"4":1,"5":1,"6":1,"7":1,"8":0},"b":{"0":[2],"1":[9]}}
,"D:\\dev\\study\\my-messenger\\app\\src\\components\\services\\modals\\settings\\index.tsx": {"path":"D:\\dev\\study\\my-messenger\\app\\src\\components\\services\\modals\\settings\\index.tsx","statementMap":{"0":{"start":{"line":21,"column":0},"end":{"line":21,"column":24}},"1":{"start":{"line":1,"column":0},"end":{"line":1,"column":44}},"2":{"start":{"line":3,"column":0},"end":{"line":3,"column":77}},"3":{"start":{"line":4,"column":0},"end":{"line":4,"column":75}},"4":{"start":{"line":5,"column":0},"end":{"line":5,"column":46}},"5":{"start":{"line":6,"column":0},"end":{"line":6,"column":50}},"6":{"start":{"line":7,"column":0},"end":{"line":7,"column":60}},"7":{"start":{"line":8,"column":0},"end":{"line":8,"column":43}},"8":{"start":{"line":9,"column":0},"end":{"line":9,"column":37}},"9":{"start":{"line":10,"column":0},"end":{"line":10,"column":36}},"10":{"start":{"line":11,"column":0},"end":{"line":11,"column":45}},"11":{"start":{"line":12,"column":0},"end":{"line":12,"column":35}},"12":{"start":{"line":15,"column":0},"end":{"line":15,"column":25}},"13":{"start":{"line":17,"column":20},"end":{"line":17,"column":42}},"14":{"start":{"line":18,"column":26},"end":{"line":18,"column":54}},"15":{"start":{"line":22,"column":27},"end":{"line":22,"column":87}},"16":{"start":{"line":24,"column":32},"end":{"line":24,"column":86}},"17":{"start":{"line":24,"column":57},"end":{"line":24,"column":85}},"18":{"start":{"line":25,"column":27},"end":{"line":25,"column":67}},"19":{"start":{"line":25,"column":47},"end":{"line":25,"column":66}},"20":{"start":{"line":26,"column":19},"end":{"line":26,"column":63}},"21":{"start":{"line":26,"column":39},"end":{"line":26,"column":62}},"22":{"start":{"line":28,"column":17},"end":{"line":28,"column":29}},"23":{"start":{"line":29,"column":25},"end":{"line":29,"column":50}},"24":{"start":{"line":32,"column":1},"end":{"line":41,"column":44}},"25":{"start":{"line":33,"column":2},"end":{"line":40,"column":4}},"26":{"start":{"line":44,"column":18},"end":{"line":49,"column":2}},"27":{"start":{"line":45,"column":2},"end":{"line":48,"column":6}},"28":{"start":{"line":45,"column":19},"end":{"line":48,"column":4}},"29":{"start":{"line":52,"column":25},"end":{"line":58,"column":2}},"30":{"start":{"line":53,"column":2},"end":{"line":57,"column":5}},"31":{"start":{"line":56,"column":13},"end":{"line":56,"column":36}},"32":{"start":{"line":61,"column":16},"end":{"line":65,"column":2}},"33":{"start":{"line":62,"column":2},"end":{"line":64,"column":3}},"34":{"start":{"line":63,"column":3},"end":{"line":63,"column":50}},"35":{"start":{"line":68,"column":17},"end":{"line":70,"column":2}},"36":{"start":{"line":69,"column":2},"end":{"line":69,"column":48}},"37":{"start":{"line":72,"column":1},"end":{"line":74,"column":2}},"38":{"start":{"line":73,"column":2},"end":{"line":73,"column":14}},"39":{"start":{"line":76,"column":1},"end":{"line":115,"column":19}}},"fnMap":{"0":{"name":"ModalWithSettings","decl":{"start":{"line":21,"column":24},"end":{"line":21,"column":41}},"loc":{"start":{"line":21,"column":41},"end":{"line":116,"column":1}}},"1":{"name":"(anonymous_2)","decl":{"start":{"line":24,"column":48},"end":{"line":24,"column":53}},"loc":{"start":{"line":24,"column":57},"end":{"line":24,"column":85}}},"2":{"name":"(anonymous_3)","decl":{"start":{"line":25,"column":38},"end":{"line":25,"column":43}},"loc":{"start":{"line":25,"column":47},"end":{"line":25,"column":66}}},"3":{"name":"(anonymous_4)","decl":{"start":{"line":26,"column":30},"end":{"line":26,"column":35}},"loc":{"start":{"line":26,"column":39},"end":{"line":26,"column":62}}},"4":{"name":"(anonymous_5)","decl":{"start":{"line":32,"column":11},"end":{"line":32,"column":14}},"loc":{"start":{"line":32,"column":16},"end":{"line":41,"column":2}}},"5":{"name":"(anonymous_6)","decl":{"start":{"line":44,"column":18},"end":{"line":44,"column":19}},"loc":{"start":{"line":44,"column":89},"end":{"line":49,"column":2}}},"6":{"name":"(anonymous_7)","decl":{"start":{"line":45,"column":10},"end":{"line":45,"column":14}},"loc":{"start":{"line":45,"column":19},"end":{"line":48,"column":4}}},"7":{"name":"(anonymous_8)","decl":{"start":{"line":52,"column":25},"end":{"line":52,"column":28}},"loc":{"start":{"line":52,"column":30},"end":{"line":58,"column":2}}},"8":{"name":"(anonymous_9)","decl":{"start":{"line":56,"column":7},"end":{"line":56,"column":10}},"loc":{"start":{"line":56,"column":13},"end":{"line":56,"column":36}}},"9":{"name":"(anonymous_10)","decl":{"start":{"line":61,"column":16},"end":{"line":61,"column":19}},"loc":{"start":{"line":61,"column":21},"end":{"line":65,"column":2}}},"10":{"name":"(anonymous_11)","decl":{"start":{"line":68,"column":17},"end":{"line":68,"column":20}},"loc":{"start":{"line":68,"column":22},"end":{"line":70,"column":2}}}},"branchMap":{"0":{"loc":{"start":{"line":33,"column":10},"end":{"line":39,"column":9}},"type":"cond-expr","locations":[{"start":{"line":34,"column":5},"end":{"line":38,"column":null}},{"start":{"line":39,"column":5},"end":{"line":39,"column":9}}]},"1":{"loc":{"start":{"line":33,"column":10},"end":{"line":33,"column":46}},"type":"binary-expr","locations":[{"start":{"line":33,"column":10},"end":{"line":33,"column":27}},{"start":{"line":33,"column":31},"end":{"line":33,"column":46}}]},"2":{"loc":{"start":{"line":62,"column":2},"end":{"line":64,"column":3}},"type":"if","locations":[{"start":{"line":62,"column":2},"end":{"line":64,"column":3}}]},"3":{"loc":{"start":{"line":62,"column":6},"end":{"line":62,"column":29}},"type":"binary-expr","locations":[{"start":{"line":62,"column":6},"end":{"line":62,"column":21}},{"start":{"line":62,"column":25},"end":{"line":62,"column":29}}]},"4":{"loc":{"start":{"line":72,"column":1},"end":{"line":74,"column":2}},"type":"if","locations":[{"start":{"line":72,"column":1},"end":{"line":74,"column":2}}]},"5":{"loc":{"start":{"line":72,"column":5},"end":{"line":72,"column":32}},"type":"binary-expr","locations":[{"start":{"line":72,"column":5},"end":{"line":72,"column":23}},{"start":{"line":72,"column":27},"end":{"line":72,"column":32}}]}},"s":{"0":5,"1":5,"2":5,"3":5,"4":5,"5":5,"6":5,"7":5,"8":5,"9":5,"10":5,"11":5,"12":5,"13":5,"14":5,"15":35,"16":35,"17":35,"18":35,"19":35,"20":35,"21":35,"22":35,"23":35,"24":35,"25":19,"26":35,"27":1,"28":1,"29":35,"30":1,"31":0,"32":35,"33":2,"34":2,"35":35,"36":1,"37":35,"38":19,"39":16},"f":{"0":35,"1":35,"2":35,"3":35,"4":19,"5":1,"6":1,"7":1,"8":0,"9":2,"10":1},"b":{"0":[14,5],"1":[19,14],"2":[2],"3":[2,2],"4":[19],"5":[35,30]}}
,"D:\\dev\\study\\my-messenger\\app\\src\\components\\services\\snackbars\\error\\index.tsx": {"path":"D:\\dev\\study\\my-messenger\\app\\src\\components\\services\\snackbars\\error\\index.tsx","statementMap":{"0":{"start":{"line":17,"column":0},"end":{"line":17,"column":24}},"1":{"start":{"line":1,"column":0},"end":{"line":1,"column":40}},"2":{"start":{"line":3,"column":0},"end":{"line":3,"column":56}},"3":{"start":{"line":4,"column":0},"end":{"line":4,"column":35}},"4":{"start":{"line":6,"column":23},"end":{"line":6,"column":74}},"5":{"start":{"line":18,"column":23},"end":{"line":18,"column":63}},"6":{"start":{"line":18,"column":43},"end":{"line":18,"column":62}},"7":{"start":{"line":21,"column":22},"end":{"line":23,"column":2}},"8":{"start":{"line":22,"column":2},"end":{"line":22,"column":47}},"9":{"start":{"line":25,"column":1},"end":{"line":25,"column":33}},"10":{"start":{"line":25,"column":21},"end":{"line":25,"column":33}},"11":{"start":{"line":34,"column":1},"end":{"line":38,"column":22}}},"fnMap":{"0":{"name":"SnackbarError","decl":{"start":{"line":17,"column":24},"end":{"line":17,"column":37}},"loc":{"start":{"line":17,"column":37},"end":{"line":39,"column":1}}},"1":{"name":"(anonymous_2)","decl":{"start":{"line":18,"column":34},"end":{"line":18,"column":39}},"loc":{"start":{"line":18,"column":43},"end":{"line":18,"column":62}}},"2":{"name":"(anonymous_3)","decl":{"start":{"line":21,"column":22},"end":{"line":21,"column":25}},"loc":{"start":{"line":21,"column":27},"end":{"line":23,"column":2}}}},"branchMap":{"0":{"loc":{"start":{"line":25,"column":1},"end":{"line":25,"column":33}},"type":"if","locations":[{"start":{"line":25,"column":1},"end":{"line":25,"column":33}}]}},"s":{"0":5,"1":5,"2":5,"3":5,"4":5,"5":11,"6":11,"7":11,"8":0,"9":11,"10":7,"11":4},"f":{"0":11,"1":11,"2":0},"b":{"0":[7]}}
,"D:\\dev\\study\\my-messenger\\app\\src\\components\\ui\\alert-animation\\index.tsx": {"path":"D:\\dev\\study\\my-messenger\\app\\src\\components\\ui\\alert-animation\\index.tsx","statementMap":{"0":{"start":{"line":2,"column":0},"end":{"line":2,"column":64}},"1":{"start":{"line":3,"column":0},"end":{"line":3,"column":40}},"2":{"start":{"line":4,"column":0},"end":{"line":4,"column":40}},"3":{"start":{"line":6,"column":0},"end":{"line":6,"column":70}},"4":{"start":{"line":18,"column":0},"end":{"line":67,"column":3}},"5":{"start":{"line":26,"column":19},"end":{"line":26,"column":51}},"6":{"start":{"line":29,"column":1},"end":{"line":38,"column":14}},"7":{"start":{"line":30,"column":2},"end":{"line":30,"column":34}},"8":{"start":{"line":30,"column":24},"end":{"line":30,"column":34}},"9":{"start":{"line":33,"column":2},"end":{"line":33,"column":28}},"10":{"start":{"line":33,"column":13},"end":{"line":33,"column":28}},"11":{"start":{"line":35,"column":2},"end":{"line":37,"column":4}},"12":{"start":{"line":36,"column":3},"end":{"line":36,"column":18}},"13":{"start":{"line":41,"column":17},"end":{"line":47,"column":2}},"14":{"start":{"line":42,"column":2},"end":{"line":42,"column":17}},"15":{"start":{"line":44,"column":2},"end":{"line":46,"column":20}},"16":{"start":{"line":45,"column":3},"end":{"line":45,"column":15}},"17":{"start":{"line":50,"column":22},"end":{"line":55,"column":2}},"18":{"start":{"line":51,"column":2},"end":{"line":54,"column":3}},"19":{"start":{"line":52,"column":3},"end":{"line":52,"column":35}},"20":{"start":{"line":53,"column":3},"end":{"line":53,"column":28}},"21":{"start":{"line":57,"column":1},"end":{"line":66,"column":10}}},"fnMap":{"0":{"name":"AlertAnimationComponent","decl":{"start":{"line":18,"column":29},"end":{"line":18,"column":52}},"loc":{"start":{"line":25,"column":27},"end":{"line":67,"column":1}}},"1":{"name":"(anonymous_2)","decl":{"start":{"line":29,"column":11},"end":{"line":29,"column":14}},"loc":{"start":{"line":29,"column":16},"end":{"line":38,"column":2}}},"2":{"name":"(anonymous_3)","decl":{"start":{"line":35,"column":9},"end":{"line":35,"column":12}},"loc":{"start":{"line":35,"column":14},"end":{"line":37,"column":3}}},"3":{"name":"(anonymous_4)","decl":{"start":{"line":41,"column":17},"end":{"line":41,"column":20}},"loc":{"start":{"line":41,"column":22},"end":{"line":47,"column":2}}},"4":{"name":"(anonymous_5)","decl":{"start":{"line":44,"column":33},"end":{"line":44,"column":36}},"loc":{"start":{"line":44,"column":38},"end":{"line":46,"column":3}}},"5":{"name":"(anonymous_6)","decl":{"start":{"line":50,"column":22},"end":{"line":50,"column":25}},"loc":{"start":{"line":50,"column":27},"end":{"line":55,"column":2}}}},"branchMap":{"0":{"loc":{"start":{"line":21,"column":1},"end":{"line":21,"column":19}},"type":"default-arg","locations":[{"start":{"line":21,"column":10},"end":{"line":21,"column":19}}]},"1":{"loc":{"start":{"line":22,"column":1},"end":{"line":22,"column":15}},"type":"default-arg","locations":[{"start":{"line":22,"column":13},"end":{"line":22,"column":15}}]},"2":{"loc":{"start":{"line":30,"column":2},"end":{"line":30,"column":34}},"type":"if","locations":[{"start":{"line":30,"column":2},"end":{"line":30,"column":34}}]},"3":{"loc":{"start":{"line":30,"column":6},"end":{"line":30,"column":22}},"type":"binary-expr","locations":[{"start":{"line":30,"column":6},"end":{"line":30,"column":14}},{"start":{"line":30,"column":18},"end":{"line":30,"column":22}}]},"4":{"loc":{"start":{"line":33,"column":2},"end":{"line":33,"column":28}},"type":"if","locations":[{"start":{"line":33,"column":2},"end":{"line":33,"column":28}}]},"5":{"loc":{"start":{"line":51,"column":2},"end":{"line":54,"column":3}},"type":"if","locations":[{"start":{"line":51,"column":2},"end":{"line":54,"column":3}}]}},"s":{"0":6,"1":6,"2":6,"3":6,"4":6,"5":32,"6":32,"7":22,"8":11,"9":22,"10":11,"11":22,"12":22,"13":32,"14":11,"15":11,"16":3,"17":32,"18":44,"19":11,"20":11,"21":32},"f":{"0":32,"1":22,"2":22,"3":11,"4":3,"5":44},"b":{"0":[30],"1":[31],"2":[11],"3":[22,22],"4":[11],"5":[11]}}
,"D:\\dev\\study\\my-messenger\\app\\src\\components\\ui\\avatar\\index.tsx": {"path":"D:\\dev\\study\\my-messenger\\app\\src\\components\\ui\\avatar\\index.tsx","statementMap":{"0":{"start":{"line":1,"column":0},"end":{"line":1,"column":45}},"1":{"start":{"line":2,"column":0},"end":{"line":2,"column":47}},"2":{"start":{"line":3,"column":0},"end":{"line":3,"column":42}},"3":{"start":{"line":5,"column":0},"end":{"line":5,"column":50}},"4":{"start":{"line":6,"column":0},"end":{"line":6,"column":39}},"5":{"start":{"line":7,"column":0},"end":{"line":7,"column":43}},"6":{"start":{"line":8,"column":0},"end":{"line":8,"column":44}},"7":{"start":{"line":9,"column":0},"end":{"line":9,"column":50}},"8":{"start":{"line":11,"column":0},"end":{"line":11,"column":23}},"9":{"start":{"line":23,"column":0},"end":{"line":48,"column":3}},"10":{"start":{"line":24,"column":18},"end":{"line":24,"column":31}},"11":{"start":{"line":25,"column":18},"end":{"line":25,"column":31}},"12":{"start":{"line":26,"column":17},"end":{"line":26,"column":29}},"13":{"start":{"line":29,"column":17},"end":{"line":35,"column":2}},"14":{"start":{"line":31,"column":2},"end":{"line":34,"column":3}},"15":{"start":{"line":33,"column":3},"end":{"line":33,"column":55}},"16":{"start":{"line":37,"column":1},"end":{"line":47,"column":19}}},"fnMap":{"0":{"name":"AvatarComponent","decl":{"start":{"line":23,"column":29},"end":{"line":23,"column":44}},"loc":{"start":{"line":23,"column":113},"end":{"line":48,"column":1}}},"1":{"name":"(anonymous_2)","decl":{"start":{"line":29,"column":17},"end":{"line":29,"column":20}},"loc":{"start":{"line":29,"column":22},"end":{"line":35,"column":2}}}},"branchMap":{"0":{"loc":{"start":{"line":23,"column":69},"end":{"line":23,"column":83}},"type":"default-arg","locations":[{"start":{"line":23,"column":81},"end":{"line":23,"column":83}}]},"1":{"loc":{"start":{"line":31,"column":2},"end":{"line":34,"column":3}},"type":"if","locations":[{"start":{"line":31,"column":2},"end":{"line":34,"column":3}}]}},"s":{"0":13,"1":13,"2":13,"3":13,"4":13,"5":13,"6":13,"7":13,"8":13,"9":13,"10":42,"11":42,"12":42,"13":42,"14":0,"15":0,"16":42},"f":{"0":42,"1":0},"b":{"0":[0],"1":[0]}}
,"D:\\dev\\study\\my-messenger\\app\\src\\components\\ui\\badge\\index.tsx": {"path":"D:\\dev\\study\\my-messenger\\app\\src\\components\\ui\\badge\\index.tsx","statementMap":{"0":{"start":{"line":1,"column":0},"end":{"line":1,"column":45}},"1":{"start":{"line":2,"column":0},"end":{"line":2,"column":40}},"2":{"start":{"line":4,"column":0},"end":{"line":4,"column":43}},"3":{"start":{"line":6,"column":0},"end":{"line":6,"column":22}},"4":{"start":{"line":14,"column":21},"end":{"line":14,"column":73}},"5":{"start":{"line":17,"column":0},"end":{"line":29,"column":3}},"6":{"start":{"line":18,"column":18},"end":{"line":18,"column":72}},"7":{"start":{"line":18,"column":42},"end":{"line":18,"column":71}},"8":{"start":{"line":20,"column":1},"end":{"line":28,"column":10}}},"fnMap":{"0":{"name":"BadgeComponent","decl":{"start":{"line":17,"column":29},"end":{"line":17,"column":43}},"loc":{"start":{"line":17,"column":107},"end":{"line":29,"column":1}}},"1":{"name":"(anonymous_2)","decl":{"start":{"line":18,"column":33},"end":{"line":18,"column":38}},"loc":{"start":{"line":18,"column":42},"end":{"line":18,"column":71}}}},"branchMap":{"0":{"loc":{"start":{"line":17,"column":64},"end":{"line":17,"column":78}},"type":"default-arg","locations":[{"start":{"line":17,"column":76},"end":{"line":17,"column":78}}]},"1":{"loc":{"start":{"line":22,"column":29},"end":{"line":22,"column":67}},"type":"cond-expr","locations":[{"start":{"line":22,"column":40},"end":{"line":22,"column":62}},{"start":{"line":22,"column":65},"end":{"line":22,"column":67}}]}},"s":{"0":14,"1":14,"2":14,"3":14,"4":14,"5":14,"6":51,"7":51,"8":51},"f":{"0":51,"1":51},"b":{"0":[42],"1":[12,39]}}
,"D:\\dev\\study\\my-messenger\\app\\src\\components\\ui\\box\\index.tsx": {"path":"D:\\dev\\study\\my-messenger\\app\\src\\components\\ui\\box\\index.tsx","statementMap":{"0":{"start":{"line":1,"column":0},"end":{"line":1,"column":83}},"1":{"start":{"line":2,"column":0},"end":{"line":2,"column":36}},"2":{"start":{"line":14,"column":0},"end":{"line":33,"column":4}},"3":{"start":{"line":22,"column":1},"end":{"line":32,"column":8}}},"fnMap":{"0":{"name":"BoxComponent","decl":{"start":{"line":14,"column":71},"end":{"line":14,"column":83}},"loc":{"start":{"line":21,"column":55},"end":{"line":33,"column":1}}}},"branchMap":{"0":{"loc":{"start":{"line":17,"column":1},"end":{"line":17,"column":15}},"type":"default-arg","locations":[{"start":{"line":17,"column":13},"end":{"line":17,"column":15}}]},"1":{"loc":{"start":{"line":18,"column":1},"end":{"line":18,"column":18}},"type":"default-arg","locations":[{"start":{"line":18,"column":13},"end":{"line":18,"column":18}}]}},"s":{"0":18,"1":18,"2":18,"3":590},"f":{"0":590},"b":{"0":[362],"1":[448]}}
,"D:\\dev\\study\\my-messenger\\app\\src\\components\\ui\\button\\index.tsx": {"path":"D:\\dev\\study\\my-messenger\\app\\src\\components\\ui\\button\\index.tsx","statementMap":{"0":{"start":{"line":1,"column":0},"end":{"line":1,"column":62}},"1":{"start":{"line":2,"column":0},"end":{"line":2,"column":42}},"2":{"start":{"line":20,"column":0},"end":{"line":49,"column":3}},"3":{"start":{"line":34,"column":1},"end":{"line":48,"column":11}},"4":{"start":{"line":41,"column":16},"end":{"line":41,"column":28}}},"fnMap":{"0":{"name":"ButtonComponent","decl":{"start":{"line":20,"column":29},"end":{"line":20,"column":44}},"loc":{"start":{"line":33,"column":19},"end":{"line":49,"column":1}}},"1":{"name":"(anonymous_2)","decl":{"start":{"line":41,"column":11},"end":{"line":41,"column":12}},"loc":{"start":{"line":41,"column":16},"end":{"line":41,"column":28}}}},"branchMap":{},"s":{"0":28,"1":28,"2":28,"3":394,"4":16},"f":{"0":394,"1":16},"b":{}}
,"D:\\dev\\study\\my-messenger\\app\\src\\components\\ui\\change-avatar\\index.tsx": {"path":"D:\\dev\\study\\my-messenger\\app\\src\\components\\ui\\change-avatar\\index.tsx","statementMap":{"0":{"start":{"line":1,"column":0},"end":{"line":1,"column":41}},"1":{"start":{"line":2,"column":0},"end":{"line":2,"column":47}},"2":{"start":{"line":4,"column":0},"end":{"line":4,"column":61}},"3":{"start":{"line":5,"column":0},"end":{"line":5,"column":49}},"4":{"start":{"line":22,"column":0},"end":{"line":64,"column":3}},"5":{"start":{"line":23,"column":21},"end":{"line":23,"column":36}},"6":{"start":{"line":26,"column":27},"end":{"line":40,"column":2}},"7":{"start":{"line":27,"column":17},"end":{"line":27,"column":49}},"8":{"start":{"line":29,"column":2},"end":{"line":39,"column":3}},"9":{"start":{"line":30,"column":16},"end":{"line":30,"column":31}},"10":{"start":{"line":32,"column":3},"end":{"line":38,"column":4}},"11":{"start":{"line":34,"column":4},"end":{"line":34,"column":22}},"12":{"start":{"line":37,"column":4},"end":{"line":37,"column":22}},"13":{"start":{"line":43,"column":21},"end":{"line":56,"column":2}},"14":{"start":{"line":44,"column":19},"end":{"line":44,"column":33}},"15":{"start":{"line":45,"column":2},"end":{"line":45,"column":34}},"16":{"start":{"line":47,"column":2},"end":{"line":55,"column":4}},"17":{"start":{"line":53,"column":4},"end":{"line":53,"column":19}},"18":{"start":{"line":58,"column":1},"end":{"line":63,"column":4}}},"fnMap":{"0":{"name":"ChangeAvatarComponent","decl":{"start":{"line":22,"column":29},"end":{"line":22,"column":50}},"loc":{"start":{"line":22,"column":137},"end":{"line":64,"column":1}}},"1":{"name":"(anonymous_2)","decl":{"start":{"line":26,"column":27},"end":{"line":26,"column":28}},"loc":{"start":{"line":26,"column":68},"end":{"line":40,"column":2}}},"2":{"name":"(anonymous_3)","decl":{"start":{"line":43,"column":21},"end":{"line":43,"column":22}},"loc":{"start":{"line":43,"column":36},"end":{"line":56,"column":2}}},"3":{"name":"(anonymous_4)","decl":{"start":{"line":51,"column":3},"end":{"line":51,"column":4}},"loc":{"start":{"line":51,"column":28},"end":{"line":54,"column":4}}}},"branchMap":{"0":{"loc":{"start":{"line":22,"column":73},"end":{"line":22,"column":89}},"type":"default-arg","locations":[{"start":{"line":22,"column":84},"end":{"line":22,"column":89}}]},"1":{"loc":{"start":{"line":29,"column":2},"end":{"line":39,"column":3}},"type":"if","locations":[{"start":{"line":29,"column":2},"end":{"line":39,"column":3}}]},"2":{"loc":{"start":{"line":29,"column":6},"end":{"line":29,"column":28}},"type":"binary-expr","locations":[{"start":{"line":29,"column":6},"end":{"line":29,"column":12}},{"start":{"line":29,"column":16},"end":{"line":29,"column":28}}]},"3":{"loc":{"start":{"line":32,"column":3},"end":{"line":38,"column":4}},"type":"if","locations":[{"start":{"line":32,"column":3},"end":{"line":38,"column":4}}]},"4":{"loc":{"start":{"line":48,"column":3},"end":{"line":48,"column":61}},"type":"cond-expr","locations":[{"start":{"line":48,"column":14},"end":{"line":48,"column":36}},{"start":{"line":48,"column":39},"end":{"line":48,"column":61}}]}},"s":{"0":9,"1":9,"2":9,"3":9,"4":9,"5":21,"6":21,"7":3,"8":3,"9":3,"10":3,"11":2,"12":2,"13":21,"14":2,"15":2,"16":2,"17":0,"18":21},"f":{"0":21,"1":3,"2":2,"3":0},"b":{"0":[16],"1":[3],"2":[3,3],"3":[2],"4":[0,2]}}
,"D:\\dev\\study\\my-messenger\\app\\src\\components\\ui\\checkbox\\index.tsx": {"path":"D:\\dev\\study\\my-messenger\\app\\src\\components\\ui\\checkbox\\index.tsx","statementMap":{"0":{"start":{"line":1,"column":0},"end":{"line":1,"column":47}},"1":{"start":{"line":2,"column":0},"end":{"line":2,"column":46}},"2":{"start":{"line":13,"column":0},"end":{"line":21,"column":3}},"3":{"start":{"line":14,"column":1},"end":{"line":20,"column":4}}},"fnMap":{"0":{"name":"CheckboxComponent","decl":{"start":{"line":13,"column":29},"end":{"line":13,"column":46}},"loc":{"start":{"line":13,"column":113},"end":{"line":21,"column":1}}}},"branchMap":{"0":{"loc":{"start":{"line":13,"column":67},"end":{"line":13,"column":81}},"type":"default-arg","locations":[{"start":{"line":13,"column":79},"end":{"line":13,"column":81}}]}},"s":{"0":6,"1":6,"2":6,"3":16},"f":{"0":16},"b":{"0":[16]}}
,"D:\\dev\\study\\my-messenger\\app\\src\\components\\ui\\copyright\\index.tsx": {"path":"D:\\dev\\study\\my-messenger\\app\\src\\components\\ui\\copyright\\index.tsx","statementMap":{"0":{"start":{"line":10,"column":0},"end":{"line":10,"column":24}},"1":{"start":{"line":1,"column":0},"end":{"line":1,"column":47}},"2":{"start":{"line":3,"column":0},"end":{"line":3,"column":48}},"3":{"start":{"line":4,"column":0},"end":{"line":4,"column":36}},"4":{"start":{"line":5,"column":0},"end":{"line":5,"column":44}},"5":{"start":{"line":7,"column":0},"end":{"line":7,"column":26}},"6":{"start":{"line":11,"column":18},"end":{"line":11,"column":31}},"7":{"start":{"line":13,"column":1},"end":{"line":21,"column":8}},"8":{"start":{"line":16,"column":69},"end":{"line":16,"column":92}}},"fnMap":{"0":{"name":"CopyrightComponent","decl":{"start":{"line":10,"column":24},"end":{"line":10,"column":42}},"loc":{"start":{"line":10,"column":42},"end":{"line":22,"column":1}}},"1":{"name":"(anonymous_2)","decl":{"start":{"line":16,"column":63},"end":{"line":16,"column":66}},"loc":{"start":{"line":16,"column":69},"end":{"line":16,"column":92}}}},"branchMap":{},"s":{"0":7,"1":7,"2":7,"3":7,"4":7,"5":7,"6":126,"7":126,"8":1},"f":{"0":126,"1":1},"b":{}}
,"D:\\dev\\study\\my-messenger\\app\\src\\components\\ui\\date-picker\\index.tsx": {"path":"D:\\dev\\study\\my-messenger\\app\\src\\components\\ui\\date-picker\\index.tsx","statementMap":{"0":{"start":{"line":2,"column":0},"end":{"line":2,"column":61}},"1":{"start":{"line":4,"column":0},"end":{"line":4,"column":62}},"2":{"start":{"line":19,"column":27},"end":{"line":48,"column":2}},"3":{"start":{"line":21,"column":64},"end":{"line":24,"column":3}},"4":{"start":{"line":22,"column":9},"end":{"line":22,"column":null}},"5":{"start":{"line":23,"column":9},"end":{"line":23,"column":null}},"6":{"start":{"line":27,"column":1},"end":{"line":27,"column":33}},"7":{"start":{"line":27,"column":1},"end":{"line":27,"column":32}},"8":{"start":{"line":30,"column":1},"end":{"line":47,"column":3}},"9":{"start":{"line":32,"column":3},"end":{"line":44,"column":null}},"10":{"start":{"line":51,"column":0},"end":{"line":55,"column":3}},"11":{"start":{"line":52,"column":1},"end":{"line":54,"column":13}}},"fnMap":{"0":{"name":"(anonymous_10)","decl":{"start":{"line":19,"column":32},"end":{"line":19,"column":37}},"loc":{"start":{"line":19,"column":76},"end":{"line":48,"column":1}}},"1":{"name":"(anonymous_11)","decl":{"start":{"line":22,"column":9},"end":{"line":22,"column":30}},"loc":{"start":{"line":22,"column":9},"end":{"line":22,"column":null}}},"2":{"name":"(anonymous_12)","decl":{"start":{"line":23,"column":9},"end":{"line":23,"column":43}},"loc":{"start":{"line":23,"column":9},"end":{"line":23,"column":null}}},"3":{"name":"(anonymous_13)","decl":{"start":{"line":27,"column":1},"end":{"line":27,"column":14}},"loc":{"start":{"line":27,"column":1},"end":{"line":27,"column":32}}},"4":{"name":"(anonymous_14)","decl":{"start":{"line":31,"column":11},"end":{"line":31,"column":12}},"loc":{"start":{"line":32,"column":3},"end":{"line":44,"column":null}}},"5":{"name":"LazyDatePicker","decl":{"start":{"line":51,"column":29},"end":{"line":51,"column":43}},"loc":{"start":{"line":51,"column":66},"end":{"line":55,"column":1}}}},"branchMap":{},"s":{"0":8,"1":8,"2":8,"3":4,"4":4,"5":4,"6":4,"7":4,"8":4,"9":39,"10":8,"11":40},"f":{"0":4,"1":4,"2":4,"3":4,"4":39,"5":40},"b":{}}
,"D:\\dev\\study\\my-messenger\\app\\src\\components\\ui\\grid\\index.tsx": {"path":"D:\\dev\\study\\my-messenger\\app\\src\\components\\ui\\grid\\index.tsx","statementMap":{"0":{"start":{"line":1,"column":0},"end":{"line":1,"column":63}},"1":{"start":{"line":2,"column":0},"end":{"line":2,"column":39}},"2":{"start":{"line":4,"column":0},"end":{"line":4,"column":21}},"3":{"start":{"line":20,"column":0},"end":{"line":43,"column":3}},"4":{"start":{"line":32,"column":1},"end":{"line":42,"column":9}}},"fnMap":{"0":{"name":"GridComponent","decl":{"start":{"line":20,"column":29},"end":{"line":20,"column":42}},"loc":{"start":{"line":31,"column":17},"end":{"line":43,"column":1}}}},"branchMap":{"0":{"loc":{"start":{"line":23,"column":1},"end":{"line":23,"column":12}},"type":"default-arg","locations":[{"start":{"line":23,"column":11},"end":{"line":23,"column":12}}]},"1":{"loc":{"start":{"line":27,"column":1},"end":{"line":27,"column":30}},"type":"default-arg","locations":[{"start":{"line":27,"column":13},"end":{"line":27,"column":30}}]},"2":{"loc":{"start":{"line":28,"column":1},"end":{"line":28,"column":18}},"type":"default-arg","locations":[{"start":{"line":28,"column":13},"end":{"line":28,"column":18}}]}},"s":{"0":16,"1":16,"2":16,"3":16,"4":1180},"f":{"0":1180},"b":{"0":[1053],"1":[1038],"2":[1152]}}
,"D:\\dev\\study\\my-messenger\\app\\src\\components\\ui\\input-image\\index.tsx": {"path":"D:\\dev\\study\\my-messenger\\app\\src\\components\\ui\\input-image\\index.tsx","statementMap":{"0":{"start":{"line":1,"column":0},"end":{"line":1,"column":55}},"1":{"start":{"line":3,"column":0},"end":{"line":3,"column":77}},"2":{"start":{"line":4,"column":0},"end":{"line":4,"column":60}},"3":{"start":{"line":6,"column":0},"end":{"line":6,"column":28}},"4":{"start":{"line":17,"column":0},"end":{"line":48,"column":3}},"5":{"start":{"line":18,"column":18},"end":{"line":18,"column":48}},"6":{"start":{"line":21,"column":22},"end":{"line":23,"column":2}},"7":{"start":{"line":22,"column":2},"end":{"line":22,"column":28}},"8":{"start":{"line":25,"column":1},"end":{"line":47,"column":10}}},"fnMap":{"0":{"name":"InputImageComponent","decl":{"start":{"line":17,"column":29},"end":{"line":17,"column":48}},"loc":{"start":{"line":17,"column":120},"end":{"line":48,"column":1}}},"1":{"name":"(anonymous_2)","decl":{"start":{"line":21,"column":22},"end":{"line":21,"column":25}},"loc":{"start":{"line":21,"column":27},"end":{"line":23,"column":2}}}},"branchMap":{"0":{"loc":{"start":{"line":17,"column":70},"end":{"line":17,"column":86}},"type":"default-arg","locations":[{"start":{"line":17,"column":81},"end":{"line":17,"column":86}}]}},"s":{"0":12,"1":12,"2":12,"3":12,"4":12,"5":33,"6":33,"7":0,"8":33},"f":{"0":33,"1":0},"b":{"0":[23]}}
,"D:\\dev\\study\\my-messenger\\app\\src\\components\\ui\\link\\index.tsx": {"path":"D:\\dev\\study\\my-messenger\\app\\src\\components\\ui\\link\\index.tsx","statementMap":{"0":{"start":{"line":1,"column":0},"end":{"line":1,"column":62}},"1":{"start":{"line":2,"column":0},"end":{"line":2,"column":38}},"2":{"start":{"line":12,"column":0},"end":{"line":22,"column":3}},"3":{"start":{"line":13,"column":17},"end":{"line":17,"column":2}},"4":{"start":{"line":14,"column":2},"end":{"line":14,"column":25}},"5":{"start":{"line":16,"column":2},"end":{"line":16,"column":25}},"6":{"start":{"line":16,"column":15},"end":{"line":16,"column":25}},"7":{"start":{"line":19,"column":1},"end":{"line":21,"column":9}}},"fnMap":{"0":{"name":"LinkComponent","decl":{"start":{"line":12,"column":29},"end":{"line":12,"column":42}},"loc":{"start":{"line":12,"column":96},"end":{"line":22,"column":1}}},"1":{"name":"(anonymous_2)","decl":{"start":{"line":13,"column":17},"end":{"line":13,"column":18}},"loc":{"start":{"line":13,"column":58},"end":{"line":17,"column":2}}}},"branchMap":{"0":{"loc":{"start":{"line":16,"column":2},"end":{"line":16,"column":25}},"type":"if","locations":[{"start":{"line":16,"column":2},"end":{"line":16,"column":25}}]}},"s":{"0":10,"1":10,"2":10,"3":279,"4":8,"5":8,"6":7,"7":279},"f":{"0":279,"1":8},"b":{"0":[7]}}
,"D:\\dev\\study\\my-messenger\\app\\src\\components\\ui\\menu\\index.tsx": {"path":"D:\\dev\\study\\my-messenger\\app\\src\\components\\ui\\menu\\index.tsx","statementMap":{"0":{"start":{"line":1,"column":0},"end":{"line":1,"column":45}},"1":{"start":{"line":2,"column":0},"end":{"line":2,"column":38}},"2":{"start":{"line":17,"column":0},"end":{"line":27,"column":3}},"3":{"start":{"line":18,"column":1},"end":{"line":26,"column":9}}},"fnMap":{"0":{"name":"MenuComponent","decl":{"start":{"line":17,"column":29},"end":{"line":17,"column":42}},"loc":{"start":{"line":17,"column":121},"end":{"line":27,"column":1}}}},"branchMap":{},"s":{"0":5,"1":5,"2":5,"3":25},"f":{"0":25},"b":{}}
,"D:\\dev\\study\\my-messenger\\app\\src\\components\\ui\\menu-item\\index.tsx": {"path":"D:\\dev\\study\\my-messenger\\app\\src\\components\\ui\\menu-item\\index.tsx","statementMap":{"0":{"start":{"line":1,"column":0},"end":{"line":1,"column":62}},"1":{"start":{"line":2,"column":0},"end":{"line":2,"column":46}},"2":{"start":{"line":12,"column":0},"end":{"line":16,"column":3}},"3":{"start":{"line":13,"column":1},"end":{"line":15,"column":13}}},"fnMap":{"0":{"name":"MenuItemComponent","decl":{"start":{"line":12,"column":29},"end":{"line":12,"column":46}},"loc":{"start":{"line":12,"column":106},"end":{"line":16,"column":1}}}},"branchMap":{},"s":{"0":10,"1":10,"2":10,"3":67},"f":{"0":67},"b":{}}
,"D:\\dev\\study\\my-messenger\\app\\src\\components\\ui\\menu-list\\index.tsx": {"path":"D:\\dev\\study\\my-messenger\\app\\src\\components\\ui\\menu-list\\index.tsx","statementMap":{"0":{"start":{"line":1,"column":0},"end":{"line":1,"column":45}},"1":{"start":{"line":2,"column":0},"end":{"line":2,"column":46}},"2":{"start":{"line":4,"column":0},"end":{"line":4,"column":26}},"3":{"start":{"line":12,"column":0},"end":{"line":16,"column":3}},"4":{"start":{"line":13,"column":1},"end":{"line":15,"column":13}}},"fnMap":{"0":{"name":"MenuListComponent","decl":{"start":{"line":12,"column":29},"end":{"line":12,"column":46}},"loc":{"start":{"line":12,"column":100},"end":{"line":16,"column":1}}}},"branchMap":{},"s":{"0":5,"1":5,"2":5,"3":5,"4":16},"f":{"0":16},"b":{}}
,"D:\\dev\\study\\my-messenger\\app\\src\\components\\ui\\modal\\index.tsx": {"path":"D:\\dev\\study\\my-messenger\\app\\src\\components\\ui\\modal\\index.tsx","statementMap":{"0":{"start":{"line":1,"column":0},"end":{"line":1,"column":73}},"1":{"start":{"line":3,"column":0},"end":{"line":3,"column":57}},"2":{"start":{"line":4,"column":0},"end":{"line":4,"column":43}},"3":{"start":{"line":6,"column":0},"end":{"line":6,"column":22}},"4":{"start":{"line":19,"column":22},"end":{"line":19,"column":30}},"5":{"start":{"line":22,"column":0},"end":{"line":78,"column":3}},"6":{"start":{"line":32,"column":1},"end":{"line":32,"column":24}},"7":{"start":{"line":32,"column":12},"end":{"line":32,"column":24}},"8":{"start":{"line":34,"column":1},"end":{"line":38,"column":36}},"9":{"start":{"line":35,"column":2},"end":{"line":35,"column":54}},"10":{"start":{"line":37,"column":2},"end":{"line":37,"column":70}},"11":{"start":{"line":37,"column":15},"end":{"line":37,"column":69}},"12":{"start":{"line":41,"column":23},"end":{"line":45,"column":2}},"13":{"start":{"line":42,"column":2},"end":{"line":44,"column":3}},"14":{"start":{"line":43,"column":3},"end":{"line":43,"column":15}},"15":{"start":{"line":47,"column":24},"end":{"line":49,"column":2}},"16":{"start":{"line":48,"column":2},"end":{"line":48,"column":26}},"17":{"start":{"line":51,"column":1},"end":{"line":77,"column":11}}},"fnMap":{"0":{"name":"ModalComponent","decl":{"start":{"line":22,"column":29},"end":{"line":22,"column":43}},"loc":{"start":{"line":31,"column":14},"end":{"line":78,"column":1}}},"1":{"name":"(anonymous_2)","decl":{"start":{"line":34,"column":11},"end":{"line":34,"column":14}},"loc":{"start":{"line":34,"column":16},"end":{"line":38,"column":2}}},"2":{"name":"(anonymous_3)","decl":{"start":{"line":37,"column":9},"end":{"line":37,"column":12}},"loc":{"start":{"line":37,"column":15},"end":{"line":37,"column":69}}},"3":{"name":"(anonymous_4)","decl":{"start":{"line":41,"column":23},"end":{"line":41,"column":24}},"loc":{"start":{"line":41,"column":48},"end":{"line":45,"column":2}}},"4":{"name":"(anonymous_5)","decl":{"start":{"line":47,"column":24},"end":{"line":47,"column":25}},"loc":{"start":{
[...]
column":12},"end":{"line":2,"column":null}},"type":"binary-expr","locations":[{"start":{"line":2,"column":12},"end":{"line":2,"column":23}},{"start":{"line":2,"column":23},"end":{"line":2,"column":null}}]},"1":{"loc":{"start":{"line":9,"column":12},"end":{"line":9,"column":null}},"type":"binary-expr","locations":[{"start":{"line":9,"column":12},"end":{"line":9,"column":17}},{"start":{"line":9,"column":17},"end":{"line":9,"column":null}}]},"2":{"loc":{"start":{"line":29,"column":12},"end":{"line":29,"column":null}},"type":"binary-expr","locations":[{"start":{"line":29,"column":12},"end":{"line":29,"column":26}},{"start":{"line":29,"column":26},"end":{"line":29,"column":null}}]},"3":{"loc":{"start":{"line":36,"column":12},"end":{"line":36,"column":null}},"type":"binary-expr","locations":[{"start":{"line":36,"column":12},"end":{"line":36,"column":20}},{"start":{"line":36,"column":20},"end":{"line":36,"column":null}}]},"4":{"loc":{"start":{"line":42,"column":12},"end":{"line":42,"column":null}},"type":"binary-expr","locations":[{"start":{"line":42,"column":12},"end":{"line":42,"column":17}},{"start":{"line":42,"column":17},"end":{"line":42,"column":null}}]},"5":{"loc":{"start":{"line":48,"column":12},"end":{"line":48,"column":null}},"type":"binary-expr","locations":[{"start":{"line":48,"column":12},"end":{"line":48,"column":30}},{"start":{"line":48,"column":30},"end":{"line":48,"column":null}}]},"6":{"loc":{"start":{"line":55,"column":12},"end":{"line":55,"column":null}},"type":"binary-expr","locations":[{"start":{"line":55,"column":12},"end":{"line":55,"column":29}},{"start":{"line":55,"column":29},"end":{"line":55,"column":null}}]},"7":{"loc":{"start":{"line":61,"column":12},"end":{"line":61,"column":null}},"type":"binary-expr","locations":[{"start":{"line":61,"column":12},"end":{"line":61,"column":23}},{"start":{"line":61,"column":23},"end":{"line":61,"column":null}}]},"8":{"loc":{"start":{"line":70,"column":12},"end":{"line":70,"column":null}},"type":"binary-expr","locations":[{"start":{"line":70,"column":12},"end":{"line":70,"column":22}},{"start":{"line":70,"column":22},"end":{"line":70,"column":null}}]},"9":{"loc":{"start":{"line":77,"column":12},"end":{"line":77,"column":null}},"type":"binary-expr","locations":[{"start":{"line":77,"column":12},"end":{"line":77,"column":24}},{"start":{"line":77,"column":24},"end":{"line":77,"column":null}}]},"10":{"loc":{"start":{"line":84,"column":12},"end":{"line":84,"column":null}},"type":"binary-expr","locations":[{"start":{"line":84,"column":12},"end":{"line":84,"column":22}},{"start":{"line":84,"column":22},"end":{"line":84,"column":null}}]}},"s":{"0":59,"1":59,"2":59,"3":59,"4":59,"5":59,"6":59,"7":59,"8":59,"9":59,"10":59,"11":59,"12":59,"13":59,"14":59,"15":59,"16":59,"17":59,"18":59,"19":59,"20":59,"21":59,"22":59,"23":59,"24":59,"25":59,"26":59,"27":59,"28":59,"29":59,"30":59,"31":59,"32":59,"33":59,"34":59,"35":59,"36":59,"37":59,"38":59,"39":59,"40":59,"41":59,"42":59,"43":59,"44":59,"45":59,"46":59,"47":59,"48":59,"49":59,"50":59,"51":59,"52":59,"53":59,"54":59,"55":59,"56":59,"57":59},"f":{"0":59,"1":59,"2":59,"3":59,"4":59,"5":59,"6":59,"7":59,"8":59,"9":59,"10":59},"b":{"0":[59,59],"1":[59,59],"2":[59,59],"3":[59,59],"4":[59,59],"5":[59,59],"6":[59,59],"7":[59,59],"8":[59,59],"9":[59,59],"10":[59,59]}}
,"D:\\dev\\study\\my-messenger\\app\\src\\utils\\date.ts": {"path":"D:\\dev\\study\\my-messenger\\app\\src\\utils\\date.ts","statementMap":{"0":{"start":{"line":3,"column":0},"end":{"line":3,"column":36}},"1":{"start":{"line":4,"column":0},"end":{"line":4,"column":37}},"2":{"start":{"line":5,"column":0},"end":{"line":5,"column":44}},"3":{"start":{"line":6,"column":0},"end":{"line":6,"column":48}},"4":{"start":{"line":8,"column":15},"end":{"line":8,"column":40}},"5":{"start":{"line":11,"column":25},"end":{"line":24,"column":2}},"6":{"start":{"line":27,"column":23},"end":{"line":40,"column":2}},"7":{"start":{"line":43,"column":28},"end":{"line":46,"column":1}},"8":{"start":{"line":44,"column":1},"end":{"line":44,"column":47}},"9":{"start":{"line":45,"column":1},"end":{"line":45,"column":38}},"10":{"start":{"line":43,"column":13},"end":{"line":43,"column":28}},"11":{"start":{"line":49,"column":23},"end":{"line":52,"column":1}},"12":{"start":{"line":50,"column":1},"end":{"line":50,"column":40}},"13":{"start":{"line":51,"column":1},"end":{"line":51,"column":62}},"14":{"start":{"line":49,"column":13},"end":{"line":49,"column":23}},"15":{"start":{"line":55,"column":29},"end":{"line":65,"column":1}},"16":{"start":{"line":56,"column":1},"end":{"line":56,"column":60}},"17":{"start":{"line":58,"column":14},"end":{"line":58,"column":25}},"18":{"start":{"line":60,"column":19},"end":{"line":60,"column":33}},"19":{"start":{"line":61,"column":15},"end":{"line":61,"column":46}},"20":{"start":{"line":62,"column":14},"end":{"line":62,"column":127}},"21":{"start":{"line":64,"column":1},"end":{"line":64,"column":39}},"22":{"start":{"line":55,"column":13},"end":{"line":55,"column":29}},"23":{"start":{"line":68,"column":23},"end":{"line":90,"column":1}},"24":{"start":{"line":69,"column":1},"end":{"line":69,"column":98}},"25":{"start":{"line":71,"column":30},"end":{"line":71,"column":37}},"26":{"start":{"line":72,"column":14},"end":{"line":72,"column":36}},"27":{"start":{"line":73,"column":24},"end":{"line":73,"column":81}},"28":{"start":{"line":75,"column":1},"end":{"line":89,"column":12}},"29":{"start":{"line":68,"column":13},"end":{"line":68,"column":23}},"30":{"start":{"line":93,"column":30},"end":{"line":95,"column":1}},"31":{"start":{"line":94,"column":1},"end":{"line":94,"column":48}},"32":{"start":{"line":93,"column":13},"end":{"line":93,"column":30}}},"fnMap":{"0":{"name":"(anonymous_1)","decl":{"start":{"line":43,"column":28},"end":{"line":43,"column":29}},"loc":{"start":{"line":43,"column":46},"end":{"line":46,"column":1}}},"1":{"name":"(anonymous_2)","decl":{"start":{"line":49,"column":23},"end":{"line":49,"column":24}},"loc":{"start":{"line":49,"column":40},"end":{"line":52,"column":1}}},"2":{"name":"(anonymous_3)","decl":{"start":{"line":55,"column":29},"end":{"line":55,"column":30}},"loc":{"start":{"line":55,"column":60},"end":{"line":65,"column":1}}},"3":{"name":"(anonymous_4)","decl":{"start":{"line":68,"column":23},"end":{"line":68,"column":24}},"loc":{"start":{"line":68,"column":92},"end":{"line":90,"column":1}}},"4":{"name":"(anonymous_5)","decl":{"start":{"line":93,"column":30},"end":{"line":93,"column":31}},"loc":{"start":{"line":93,"column":68},"end":{"line":95,"column":1}}}},"branchMap":{"0":{"loc":{"start":{"line":51,"column":8},"end":{"line":51,"column":61}},"type":"cond-expr","locations":[{"start":{"line":51,"column":30},"end":{"line":51,"column":54}},{"start":{"line":51,"column":57},"end":{"line":51,"column":61}}]},"1":{"loc":{"start":{"line":51,"column":8},"end":{"line":51,"column":27}},"type":"binary-expr","locations":[{"start":{"line":51,"column":8},"end":{"line":51,"column":12}},{"start":{"line":51,"column":16},"end":{"line":51,"column":27}}]},"2":{"loc":{"start":{"line":55,"column":41},"end":{"line":55,"column":56}},"type":"default-arg","locations":[{"start":{"line":55,"column":51},"end":{"line":55,"column":56}}]},"3":{"loc":{"start":{"line":62,"column":14},"end":{"line":62,"column":127}},"type":"cond-expr","locations":[{"start":{"line":62,"column":24},"end":{"line":62,"column":48}},{"start":{"line":62,"column":51},"end":{"line":62,"column":127}}]},"4":{"loc":{"start":{"line":62,"column":51},"end":{"line":62,"column":127}},"type":"cond-expr","locations":[{"start":{"line":62,"column":98},"end":{"line":62,"column":122}},{"start":{"line":62,"column":125},"end":{"line":62,"column":127}}]},"5":{"loc":{"start":{"line":68,"column":44},"end":{"line":68,"column":88}},"type":"default-arg","locations":[{"start":{"line":68,"column":86},"end":{"line":68,"column":88}}]},"6":{"loc":{"start":{"line":75,"column":8},"end":{"line":89,"column":11}},"type":"cond-expr","locations":[{"start":{"line":76,"column":4},"end":{"line":76,"column":125}},{"start":{"line":77,"column":4},"end":{"line":89,"column":11}}]},"7":{"loc":{"start":{"line":77,"column":4},"end":{"line":89,"column":11}},"type":"cond-expr","locations":[{"start":{"line":78,"column":5},"end":{"line":78,"column":83}},{"start":{"line":79,"column":5},"end":{"line":89,"column":11}}]},"8":{"loc":{"start":{"line":77,"column":4},"end":{"line":77,"column":78}},"type":"binary-expr","locations":[{"start":{"line":77,"column":4},"end":{"line":77,"column":39}},{"start":{"line":77,"column":43},"end":{"line":77,"column":78}}]},"9":{"loc":{"start":{"line":79,"column":5},"end":{"line":89,"column":11}},"type":"cond-expr","locations":[{"start":{"line":80,"column":6},"end":{"line":83,"column":57}},{"start":{"line":84,"column":6},"end":{"line":89,"column":11}}]},"10":{"loc":{"start":{"line":79,"column":5},"end":{"line":79,"column":75}},"type":"binary-expr","locations":[{"start":{"line":79,"column":5},"end":{"line":79,"column":36}},{"start":{"line":79,"column":40},"end":{"line":79,"column":75}}]},"11":{"loc":{"start":{"line":80,"column":9},"end":{"line":80,"column":61}},"type":"cond-expr","locations":[{"start":{"line":80,"column":28},"end":{"line":80,"column":30}},{"start":{"line":80,"column":33},"end":{"line":80,"column":61}}]},"12":{"loc":{"start":{"line":84,"column":6},"end":{"line":89,"column":11}},"type":"cond-expr","locations":[{"start":{"line":85,"column":7},"end":{"line":88,"column":58}},{"start":{"line":89,"column":7},"end":{"line":89,"column":11}}]},"13":{"loc":{"start":{"line":85,"column":10},"end":{"line":85,"column":60}},"type":"cond-expr","locations":[{"start":{"line":85,"column":27},"end":{"line":85,"column":55}},{"start":{"line":85,"column":58},"end":{"line":85,"column":60}}]},"14":{"loc":{"start":{"line":94,"column":8},"end":{"line":94,"column":47}},"type":"cond-expr","locations":[{"start":{"line":94,"column":15},"end":{"line":94,"column":40}},{"start":{"line":94,"column":43},"end":{"line":94,"column":47}}]}},"s":{"0":15,"1":15,"2":15,"3":15,"4":15,"5":15,"6":15,"7":15,"8":16,"9":16,"10":15,"11":15,"12":3,"13":3,"14":15,"15":15,"16":13,"17":13,"18":13,"19":13,"20":13,"21":13,"22":15,"23":15,"24":5,"25":5,"26":5,"27":5,"28":5,"29":15,"30":15,"31":4,"32":15},"f":{"0":16,"1":3,"2":13,"3":5,"4":4},"b":{"0":[2,1],"1":[3,2],"2":[1],"3":[12,1],"4":[0,1],"5":[4],"6":[2,3],"7":[1,2],"8":[3,1],"9":[1,1],"10":[2,1],"11":[0,1],"12":[1,0],"13":[0,1],"14":[2,2]}}
,"D:\\dev\\study\\my-messenger\\app\\src\\utils\\email-check.ts": {"path":"D:\\dev\\study\\my-messenger\\app\\src\\utils\\email-check.ts","statementMap":{"0":{"start":{"line":2,"column":26},"end":{"line":5,"column":1}},"1":{"start":{"line":4,"column":1},"end":{"line":4,"column":177}},"2":{"start":{"line":2,"column":13},"end":{"line":2,"column":26}}},"fnMap":{"0":{"name":"(anonymous_0)","decl":{"start":{"line":2,"column":26},"end":{"line":2,"column":27}},"loc":{"start":{"line":2,"column":44},"end":{"line":5,"column":1}}}},"branchMap":{},"s":{"0":7,"1":31,"2":7},"f":{"0":31},"b":{}}
,"D:\\dev\\study\\my-messenger\\app\\src\\utils\\files.ts": {"path":"D:\\dev\\study\\my-messenger\\app\\src\\utils\\files.ts","statementMap":{"0":{"start":{"line":1,"column":0},"end":{"line":1,"column":36}},"1":{"start":{"line":2,"column":0},"end":{"line":2,"column":37}},"2":{"start":{"line":4,"column":15},"end":{"line":4,"column":41}},"3":{"start":{"line":7,"column":27},"end":{"line":18,"column":1}},"4":{"start":{"line":8,"column":1},"end":{"line":8,"column":44}},"5":{"start":{"line":10,"column":15},"end":{"line":10,"column":40}},"6":{"start":{"line":12,"column":18},"end":{"line":12,"column":89}},"7":{"start":{"line":14,"column":16},"end":{"line":14,"column":39}},"8":{"start":{"line":15,"column":16},"end":{"line":15,"column":113}},"9":{"start":{"line":17,"column":1},"end":{"line":17,"column":15}},"10":{"start":{"line":7,"column":13},"end":{"line":7,"column":27}},"11":{"start":{"line":21,"column":23},"end":{"line":28,"column":1}},"12":{"start":{"line":22,"column":1},"end":{"line":22,"column":48}},"13":{"start":{"line":24,"column":17},"end":{"line":24,"column":42}},"14":{"start":{"line":25,"column":17},"end":{"line":25,"column":41}},"15":{"start":{"line":27,"column":1},"end":{"line":27,"column":52}},"16":{"start":{"line":21,"column":13},"end":{"line":21,"column":23}}},"fnMap":{"0":{"name":"(anonymous_1)","decl":{"start":{"line":7,"column":27},"end":{"line":7,"column":28}},"loc":{"start":{"line":7,"column":44},"end":{"line":18,"column":1}}},"1":{"name":"(anonymous_2)","decl":{"start":{"line":21,"column":23},"end":{"line":21,"column":24}},"loc":{"start":{"line":21,"column":44},"end":{"line":28,"column":1}}}},"branchMap":{"0":{"loc":{"start":{"line":15,"column":16},"end":{"line":15,"column":113}},"type":"cond-expr","locations":[{"start":{"line":15,"column":33},"end":{"line":15,"column":69}},{"start":{"line":15,"column":72},"end":{"line":15,"column":113}}]},"1":{"loc":{"start":{"line":27,"column":8},"end":{"line":27,"column":51}},"type":"cond-expr","locations":[{"start":{"line":27,"column":18},"end":{"line":27,"column":43}},{"start":{"line":27,"column":46},"end":{"line":27,"column":51}}]}},"s":{"0":1,"1":1,"2":1,"3":1,"4":5,"5":5,"6":5,"7":5,"8":5,"9":5,"10":1,"11":1,"12":6,"13":6,"14":6,"15":6,"16":1},"f":{"0":5,"1":6},"b":{"0":[1,4],"1":[6,0]}}
,"D:\\dev\\study\\my-messenger\\app\\src\\utils\\index.ts": {"path":"D:\\dev\\study\\my-messenger\\app\\src\\utils\\index.ts","statementMap":{"0":{"start":{"line":1,"column":0},"end":{"line":1,"column":37}},"1":{"start":{"line":5,"column":15},"end":{"line":5,"column":35}},"2":{"start":{"line":8,"column":28},"end":{"line":14,"column":1}},"3":{"start":{"line":9,"column":15},"end":{"line":9,"column":35}},"4":{"start":{"line":11,"column":1},"end":{"line":13,"column":48}},"5":{"start":{"line":8,"column":13},"end":{"line":8,"column":28}},"6":{"start":{"line":17,"column":27},"end":{"line":20,"column":1}},"7":{"start":{"line":18,"column":1},"end":{"line":18,"column":88}},"8":{"start":{"line":19,"column":1},"end":{"line":19,"column":58}},"9":{"start":{"line":17,"column":13},"end":{"line":17,"column":27}},"10":{"start":{"line":23,"column":40},"end":{"line":32,"column":1}},"11":{"start":{"line":24,"column":1},"end":{"line":24,"column":55}},"12":{"start":{"line":26,"column":15},"end":{"line":26,"column":37}},"13":{"start":{"line":27,"column":19},"end":{"line":27,"column":53}},"14":{"start":{"line":28,"column":1},"end":{"line":28,"column":27}},"15":{"start":{"line":29,"column":1},"end":{"line":29,"column":22}},"16":{"start":{"line":30,"column":1},"end":{"line":30,"column":29}},"17":{"start":{"line":31,"column":1},"end":{"line":31,"column":27}},"18":{"start":{"line":23,"column":13},"end":{"line":23,"column":40}},"19":{"start":{"line":35,"column":34},"end":{"line":38,"column":1}},"20":{"start":{"line":37,"column":1},"end":{"line":37,"column":62}},"21":{"start":{"line":35,"column":13},"end":{"line":35,"column":34}}},"fnMap":{"0":{"name":"(anonymous_1)","decl":{"start":{"line":8,"column":28},"end":{"line":8,"column":29}},"loc":{"start":{"line":8,"column":62},"end":{"line":14,"column":1}}},"1":{"name":"(anonymous_2)","decl":{"start":{"line":17,"column":27},"end":{"line":17,"column":28}},"loc":{"start":{"line":17,"column":43},"end":{"line":20,"column":1}}},"2":{"name":"(anonymous_3)","decl":{"start":{"line":23,"column":40},"end":{"line":23,"column":41}},"loc":{"start":{"line":23,"column":92},"end":{"line":32,"column":1}}},"3":{"name":"(anonymous_4)","decl":{"start":{"line":35,"column":34},"end":{"line":35,"column":35}},"loc":{"start":{"line":35,"column":66},"end":{"line":38,"column":1}}}},"branchMap":{"0":{"loc":{"start":{"line":11,"column":12},"end":{"line":13,"column":46}},"type":"cond-expr","locations":[{"start":{"line":12,"column":4},"end":{"line":12,"column":5}},{"start":{"line":13,"column":4},"end":{"line":13,"column":46}}]},"1":{"loc":{"start":{"line":11,"column":13},"end":{"line":11,"column":50}},"type":"binary-expr","locations":[{"start":{"line":11,"column":13},"end":{"line":11,"column":29}},{"start":{"line":11,"column":33},"end":{"line":11,"column":50}}]},"2":{"loc":{"start":{"line":13,"column":10},"end":{"line":13,"column":45}},"type":"cond-expr","locations":[{"start":{"line":13,"column":30},"end":{"line":13,"column":41}},{"start":{"line":13,"column":44},"end":{"line":13,"column":45}}]},"3":{"loc":{"start":{"line":19,"column":8},"end":{"line":19,"column":57}},"type":"cond-expr","locations":[{"start":{"line":19,"column":15},"end":{"line":19,"column":52}},{"start":{"line":19,"column":55},"end":{"line":19,"column":57}}]},"4":{"loc":{"start":{"line":23,"column":60},"end":{"line":23,"column":88}},"type":"default-arg","locations":[{"start":{"line":23,"column":66},"end":{"line":23,"column":88}}]},"5":{"loc":{"start":{"line":37,"column":8},"end":{"line":37,"column":61}},"type":"cond-expr","locations":[{"start":{"line":37,"column":17},"end":{"line":37,"column":55}},{"start":{"line":37,"column":58},"end":{"line":37,"column":61}}]}},"s":{"0":21,"1":21,"2":21,"3":8,"4":8,"5":21,"6":21,"7":12,"8":12,"9":21,"10":21,"11":2,"12":2,"13":2,"14":2,"15":2,"16":2,"17":2,"18":21,"19":21,"20":4,"21":21},"f":{"0":8,"1":12,"2":2,"3":4},"b":{"0":[3,5],"1":[8,4],"2":[5,0],"3":[12,0],"4":[1],"5":[2,2]}}
,"D:\\dev\\study\\my-messenger\\app\\src\\utils\\time.ts": {"path":"D:\\dev\\study\\my-messenger\\app\\src\\utils\\time.ts","statementMap":{"0":{"start":{"line":1,"column":0},"end":{"line":1,"column":37}},"1":{"start":{"line":3,"column":15},"end":{"line":3,"column":40}},"2":{"start":{"line":6,"column":13},"end":{"line":6,"column":52}},"3":{"start":{"line":9,"column":33},"end":{"line":12,"column":1}},"4":{"start":{"line":10,"column":1},"end":{"line":10,"column":50}},"5":{"start":{"line":11,"column":1},"end":{"line":11,"column":38}},"6":{"start":{"line":9,"column":13},"end":{"line":9,"column":33}},"7":{"start":{"line":15,"column":35},"end":{"line":18,"column":1}},"8":{"start":{"line":16,"column":1},"end":{"line":16,"column":64}},"9":{"start":{"line":17,"column":1},"end":{"line":17,"column":120}},"10":{"start":{"line":15,"column":13},"end":{"line":15,"column":35}}},"fnMap":{"0":{"name":"(anonymous_1)","decl":{"start":{"line":9,"column":33},"end":{"line":9,"column":34}},"loc":{"start":{"line":9,"column":50},"end":{"line":12,"column":1}}},"1":{"name":"(anonymous_2)","decl":{"start":{"line":15,"column":35},"end":{"line":15,"column":36}},"loc":{"start":{"line":15,"column":58},"end":{"line":18,"column":1}}}},"branchMap":{"0":{"loc":{"start":{"line":11,"column":8},"end":{"line":11,"column":37}},"type":"cond-expr","locations":[{"start":{"line":11,"column":20},"end":{"line":11,"column":30}},{"start":{"line":11,"column":33},"end":{"line":11,"column":37}}]}},"s":{"0":15,"1":15,"2":15,"3":15,"4":7,"5":7,"6":15,"7":15,"8":1,"9":1,"10":15},"f":{"0":7,"1":1},"b":{"0":[5,2]}}
,"D:\\dev\\study\\my-messenger\\app\\src\\utils\\to-format-socket-ack.ts": {"path":"D:\\dev\\study\\my-messenger\\app\\src\\utils\\to-format-socket-ack.ts","statementMap":{"0":{"start":{"line":5,"column":0},"end":{"line":5,"column":24}},"1":{"start":{"line":6,"column":17},"end":{"line":8,"column":53}},"2":{"start":{"line":10,"column":1},"end":{"line":10,"column":13}},"3":{"start":{"line":12,"column":1},"end":{"line":12,"column":24}},"4":{"start":{"line":12,"column":14},"end":{"line":12,"column":24}}},"fnMap":{"0":{"name":"toFormatAck","decl":{"start":{"line":5,"column":24},"end":{"line":5,"column":35}},"loc":{"start":{"line":5,"column":115},"end":{"line":13,"column":1}}}},"branchMap":{"0":{"loc":{"start":{"line":6,"column":17},"end":{"line":8,"column":53}},"type":"cond-expr","locations":[{"start":{"line":7,"column":4},"end":{"line":7,"column":44}},{"start":{"line":8,"column":4},"end":{"line":8,"column":53}}]},"1":{"loc":{"start":{"line":12,"column":1},"end":{"line":12,"column":24}},"type":"if","locations":[{"start":{"line":12,"column":1},"end":{"line":12,"column":24}}]}},"s":{"0":7,"1":4,"2":4,"3":4,"4":1},"f":{"0":4},"b":{"0":[2,2],"1":[1]}}
}
