TN:
SF:src\components\icons\arrow-left\index.tsx
FN:8,ArrowLeftIconComponent
FNF:1
FNH:1
FNDA:19,ArrowLeftIconComponent
DA:8,10
DA:9,19
DA:11,19
LF:3
LH:3
BRDA:8,0,0,15
BRDA:9,1,0,17
BRDA:9,1,1,2
BRF:3
BRH:3
end_of_record
TN:
SF:src\components\icons\arrow-right\index.tsx
FN:8,ArrowRightIconComponent
FNF:1
FNH:1
FNDA:20,ArrowRightIconComponent
DA:8,10
DA:9,20
DA:11,20
LF:3
LH:3
BRDA:8,0,0,16
BRDA:9,1,0,18
BRDA:9,1,1,2
BRF:3
BRH:3
end_of_record
TN:
SF:src\components\icons\close\index.tsx
FN:8,CloseIconComponent
FNF:1
FNH:1
FNDA:56,CloseIconComponent
DA:8,21
DA:9,56
DA:11,56
LF:3
LH:3
BRDA:8,0,0,5
BRDA:9,1,0,7
BRDA:9,1,1,49
BRF:3
BRH:3
end_of_record
TN:
SF:src\components\icons\lock\index.tsx
FN:8,LockIconComponent
FNF:1
FNH:1
FNDA:128,LockIconComponent
DA:8,7
DA:9,128
DA:11,128
LF:3
LH:3
BRDA:8,0,0,5
BRDA:9,1,0,126
BRDA:9,1,1,2
BRF:3
BRH:3
end_of_record
TN:
SF:src\components\icons\main-logo\index.tsx
FN:2,MainLogoIconComponent
FNF:1
FNH:1
FNDA:21,MainLogoIconComponent
DA:2,5
DA:3,21
LF:2
LH:2
BRF:0
BRH:0
end_of_record
TN:
SF:src\components\layouts\content\index.tsx
FN:12,ContentLayoutComponent
FNF:1
FNH:1
FNDA:11,ContentLayoutComponent
DA:3,4
DA:5,4
DA:12,4
DA:13,11
LF:4
LH:4
BRF:0
BRH:0
end_of_record
TN:
SF:src\components\layouts\header\index.tsx
FN:22,HeaderComponent
FN:28,(anonymous_2)
FN:31,(anonymous_3)
FN:43,(anonymous_4)
FN:49,(anonymous_5)
FN:55,(anonymous_6)
FN:62,(anonymous_7)
FN:65,(anonymous_8)
FN:73,(anonymous_9)
FN:95,(anonymous_10)
FNF:10
FNH:10
FNDA:18,HeaderComponent
FNDA:18,(anonymous_2)
FNDA:5,(anonymous_3)
FNDA:1,(anonymous_4)
FNDA:2,(anonymous_5)
FNDA:1,(anonymous_6)
FNDA:3,(anonymous_7)
FNDA:1,(anonymous_8)
FNDA:1,(anonymous_9)
FNDA:1,(anonymous_10)
DA:1,4
DA:2,4
DA:4,4
DA:5,4
DA:6,4
DA:7,4
DA:8,4
DA:9,4
DA:10,4
DA:11,4
DA:12,4
DA:13,4
DA:14,4
DA:16,4
DA:18,4
DA:19,4
DA:22,4
DA:23,18
DA:24,18
DA:26,18
DA:28,18
DA:31,18
DA:38,5
DA:39,5
DA:43,18
DA:44,1
DA:45,1
DA:49,18
DA:50,2
DA:51,2
DA:55,18
DA:56,1
DA:57,1
DA:62,18
DA:65,18
DA:66,1
DA:67,1
DA:70,18
DA:73,1
DA:95,1
LF:40
LH:40
BRDA:50,0,0,1
BRDA:56,1,0,1
BRF:2
BRH:2
end_of_record
TN:
SF:src\components\layouts\menu\index.tsx
FN:18,MenuComponent
FN:23,(anonymous_2)
FN:44,(anonymous_3)
FN:51,(anonymous_4)
FN:59,(anonymous_5)
FN:69,(anonymous_6)
FNF:6
FNH:6
FNDA:10,MenuComponent
FNDA:10,(anonymous_2)
FNDA:1,(anonymous_3)
FNDA:1,(anonymous_4)
FNDA:1,(anonymous_5)
FNDA:1,(anonymous_6)
DA:1,4
DA:2,4
DA:3,4
DA:4,4
DA:5,4
DA:6,4
DA:8,4
DA:9,4
DA:10,4
DA:11,4
DA:12,4
DA:13,4
DA:15,4
DA:18,4
DA:19,10
DA:20,10
DA:23,10
DA:25,10
DA:28,10
DA:44,10
DA:45,1
DA:48,10
DA:51,1
DA:59,1
DA:69,1
LF:25
LH:25
BRF:0
BRH:0
end_of_record
TN:
SF:src\components\main\MainClientProvider.tsx
FN:12,MainClientProvider
FNF:1
FNH:1
FNDA:1,MainClientProvider
DA:1,2
DA:3,2
DA:4,2
DA:6,2
DA:9,2
DA:12,2
DA:13,1
LF:7
LH:7
BRF:0
BRH:0
end_of_record
TN:
SF:src\components\main\Router.tsx
FN:13,Router
FN:14,(anonymous_2)
FN:18,(anonymous_3)
FNF:3
FNH:3
FNDA:8,Router
FNDA:8,(anonymous_2)
FNDA:8,(anonymous_3)
DA:1,4
DA:2,4
DA:4,4
DA:5,4
DA:6,4
DA:7,4
DA:8,4
DA:9,4
DA:10,4
DA:13,4
DA:14,8
DA:15,8
DA:18,8
DA:19,8
DA:20,8
DA:22,8
DA:23,7
DA:27,8
LF:18
LH:18
BRDA:20,0,0,8
BRDA:20,0,1,8
BRDA:22,1,0,7
BRDA:22,2,0,8
BRDA:22,2,1,8
BRDA:22,2,2,7
BRDA:27,3,0,3
BRDA:27,3,1,5
BRF:8
BRH:8
end_of_record
TN:
SF:src\components\main\ServiceComponents.tsx
FN:10,ServiceComponents
FNF:1
FNH:1
FNDA:9,ServiceComponents
DA:1,4
DA:3,4
DA:4,4
DA:5,4
DA:6,4
DA:7,4
DA:10,4
DA:11,9
LF:8
LH:8
BRDA:16,0,0,3
BRDA:16,0,1,6
BRF:2
BRH:2
end_of_record
TN:
SF:src\components\main\app\index.tsx
FN:12,App
FN:13,(anonymous_2)
FN:14,(anonymous_3)
FNF:3
FNH:3
FNDA:4,App
FNDA:4,(anonymous_2)
FNDA:4,(anonymous_3)
DA:1,3
DA:2,3
DA:3,3
DA:4,3
DA:5,3
DA:6,3
DA:7,3
DA:9,3
DA:12,3
DA:13,4
DA:14,4
DA:16,4
LF:12
LH:12
BRDA:19,0,0,1
BRDA:19,0,1,3
BRDA:22,1,0,1
BRDA:22,1,1,2
BRDA:24,2,0,1
BRDA:24,2,1,2
BRDA:26,3,0,1
BRDA:26,3,1,2
BRF:8
BRH:8
end_of_record
TN:
SF:src\components\services\avatars\big-user-avatar\index.tsx
FN:14,BigUserUserAvatar
FNF:1
FNH:1
FNDA:13,BigUserUserAvatar
DA:1,9
DA:3,9
DA:5,9
DA:14,9
DA:15,13
LF:5
LH:5
BRF:0
BRH:0
end_of_record
TN:
SF:src\components\services\avatars\system-avatar\index.tsx
FN:12,SystemAvatarComponent
FNF:1
FNH:1
FNDA:122,SystemAvatarComponent
DA:1,7
DA:2,7
DA:4,7
DA:12,7
DA:13,122
LF:5
LH:5
BRDA:12,0,0,120
BRF:1
BRH:1
end_of_record
TN:
SF:src\components\services\avatars\user-avatar\index.tsx
FN:16,UserAvatarComponent
FNF:1
FNH:1
FNDA:37,UserAvatarComponent
DA:1,12
DA:3,12
DA:5,12
DA:16,12
DA:17,37
LF:5
LH:5
BRDA:16,0,0,22
BRF:1
BRH:1
end_of_record
TN:
SF:src\components\services\badges\notification-badge\index.tsx
FN:12,NotificationBadge
FNF:1
FNH:1
FNDA:30,NotificationBadge
DA:1,5
DA:2,5
DA:4,5
DA:12,5
DA:13,30
LF:5
LH:5
BRDA:12,0,0,3
BRDA:12,1,0,28
BRF:2
BRH:2
end_of_record
TN:
SF:src\components\services\buttons\large-button\index.tsx
FN:4,LargeButtonComponent
FNF:1
FNH:1
FNDA:5,LargeButtonComponent
DA:1,1
DA:4,1
DA:5,5
LF:3
LH:3
BRF:0
BRH:0
end_of_record
TN:
SF:src\components\services\buttons\medium-button\index.tsx
FN:4,MediumButtonComponent
FNF:1
FNH:1
FNDA:5,MediumButtonComponent
DA:1,1
DA:4,1
DA:5,5
LF:3
LH:3
BRF:0
BRH:0
end_of_record
TN:
SF:src\components\services\buttons\small-button\index.tsx
FN:4,SmallButtonComponent
FNF:1
FNH:1
FNDA:119,SmallButtonComponent
DA:1,21
DA:4,21
DA:5,119
LF:3
LH:3
BRF:0
BRH:0
end_of_record
TN:
SF:src\components\services\carousels\avatar-carousel.tsx
FN:8,AvatarCarousel
FN:14,(anonymous_2)
FNF:2
FNH:2
FNDA:18,AvatarCarousel
FNDA:9,(anonymous_2)
DA:1,6
DA:3,6
DA:4,6
DA:5,6
DA:8,6
DA:9,18
DA:11,18
DA:12,18
DA:14,18
DA:15,9
DA:24,18
DA:26,9
LF:12
LH:12
BRDA:24,0,0,9
BRF:1
BRH:1
end_of_record
TN:
SF:src\components\services\carousels\photos-carousel.tsx
FN:11,PhotosCarousel
FN:14,(anonymous_2)
FN:21,(anonymous_3)
FNF:3
FNH:3
FNDA:17,PhotosCarousel
FNDA:17,(anonymous_2)
FNDA:11,(anonymous_3)
DA:1,6
DA:3,6
DA:4,6
DA:5,6
DA:6,6
DA:8,6
DA:11,6
DA:12,17
DA:14,17
DA:16,17
DA:17,17
DA:18,17
DA:21,17
DA:22,11
DA:23,9
DA:25,9
DA:26,3
DA:27,3
DA:30,6
DA:42,6
DA:43,6
DA:48,17
DA:50,6
LF:23
LH:23
BRDA:22,0,0,9
BRDA:25,1,0,3
BRDA:42,2,0,6
BRDA:48,3,0,11
BRDA:48,4,0,17
BRDA:48,4,1,6
BRF:6
BRH:6
end_of_record
TN:
SF:src\components\services\forms\switch-form-group\index.tsx
FN:15,SwitchFormGroup
FN:16,(anonymous_2)
FNF:2
FNH:2
FNDA:26,SwitchFormGroup
FNDA:4,(anonymous_2)
DA:1,6
DA:2,6
DA:3,6
DA:5,6
DA:6,6
DA:15,6
DA:16,26
DA:17,4
DA:20,26
LF:9
LH:9
BRF:0
BRH:0
end_of_record
TN:
SF:src\components\services\modals\carousel\index.tsx
FN:11,ModalWithImagesCarousel
FN:12,(anonymous_2)
FN:15,(anonymous_3)
FNF:3
FNH:3
FNDA:9,ModalWithImagesCarousel
FNDA:9,(anonymous_2)
FNDA:1,(anonymous_3)
DA:1,5
DA:2,5
DA:3,5
DA:5,5
DA:7,5
DA:8,5
DA:11,5
DA:12,9
DA:15,9
DA:16,1
DA:19,9
DA:21,5
LF:12
LH:12
BRDA:19,0,0,4
BRDA:19,1,0,9
BRDA:19,1,1,5
BRDA:19,1,2,2
BRDA:28,2,0,5
BRDA:28,2,1,4
BRDA:29,3,0,5
BRDA:29,3,1,4
BRDA:29,3,2,4
BRF:9
BRH:9
end_of_record
TN:
SF:src\components\services\modals\confirm\index.tsx
FN:20,ModalWithConfirm
FN:21,(anonymous_2)
FN:24,(anonymous_3)
FN:31,(anonymous_4)
FNF:4
FNH:4
FNDA:15,ModalWithConfirm
FNDA:15,(anonymous_2)
FNDA:2,(anonymous_3)
FNDA:3,(anonymous_4)
DA:1,5
DA:2,5
DA:3,5
DA:4,5
DA:5,5
DA:6,5
DA:8,5
DA:10,5
DA:11,5
DA:20,5
DA:21,15
DA:24,15
DA:25,2
DA:27,2
DA:31,15
DA:32,3
DA:35,15
DA:37,6
LF:18
LH:18
BRDA:25,0,0,2
BRDA:25,1,0,2
BRDA:25,1,1,2
BRDA:35,2,0,9
BRF:4
BRH:4
end_of_record
TN:
SF:src\components\services\modals\error\index.tsx
FN:24,ModalWithError
FN:25,(anonymous_2)
FN:32,(anonymous_3)
FN:36,(anonymous_4)
FN:37,(anonymous_5)
FN:44,(anonymous_6)
FN:49,(anonymous_7)
FN:54,(anonymous_8)
FN:65,(anonymous_9)
FNF:9
FNH:8
FNDA:19,ModalWithError
FNDA:19,(anonymous_2)
FNDA:2,(anonymous_3)
FNDA:1,(anonymous_4)
FNDA:1,(anonymous_5)
FNDA:1,(anonymous_6)
FNDA:1,(anonymous_7)
FNDA:1,(anonymous_8)
FNDA:0,(anonymous_9)
DA:1,5
DA:2,5
DA:3,5
DA:4,5
DA:6,5
DA:7,5
DA:8,5
DA:9,5
DA:10,5
DA:11,5
DA:12,5
DA:13,5
DA:14,5
DA:16,5
DA:18,5
DA:19,5
DA:21,5
DA:24,5
DA:25,19
DA:26,19
DA:28,19
DA:29,19
DA:32,19
DA:33,2
DA:34,2
DA:36,1
DA:38,1
DA:44,19
DA:45,1
DA:49,19
DA:50,1
DA:54,19
DA:55,1
DA:58,19
DA:60,10
DA:65,0
LF:36
LH:35
BRDA:33,0,0,2
BRDA:58,1,0,9
BRF:2
BRH:2
end_of_record
TN:
SF:src\components\services\modals\settings\index.tsx
FN:21,ModalWithSettings
FN:24,(anonymous_2)
FN:25,(anonymous_3)
FN:26,(anonymous_4)
FN:32,(anonymous_5)
FN:44,(anonymous_6)
FN:45,(anonymous_7)
FN:52,(anonymous_8)
FN:56,(anonymous_9)
FN:61,(anonymous_10)
FN:68,(anonymous_11)
FNF:11
FNH:10
FNDA:35,ModalWithSettings
FNDA:35,(anonymous_2)
FNDA:35,(anonymous_3)
FNDA:35,(anonymous_4)
FNDA:19,(anonymous_5)
FNDA:1,(anonymous_6)
FNDA:1,(anonymous_7)
FNDA:1,(anonymous_8)
FNDA:0,(anonymous_9)
FNDA:2,(anonymous_10)
FNDA:1,(anonymous_11)
DA:1,5
DA:3,5
DA:4,5
DA:5,5
DA:6,5
DA:7,5
DA:8,5
DA:9,5
DA:10,5
DA:11,5
DA:12,5
DA:15,5
DA:17,5
DA:18,5
DA:21,5
DA:22,35
DA:24,35
DA:25,35
DA:26,35
DA:28,35
DA:29,35
DA:32,35
DA:33,19
DA:44,35
DA:45,1
DA:52,35
DA:53,1
DA:56,0
DA:61,35
DA:62,2
DA:63,2
DA:68,35
DA:69,1
DA:72,35
DA:73,19
DA:76,16
LF:36
LH:35
BRDA:33,0,0,14
BRDA:33,0,1,5
BRDA:33,1,0,19
BRDA:33,1,1,14
BRDA:62,2,0,2
BRDA:62,3,0,2
BRDA:62,3,1,2
BRDA:72,4,0,19
BRDA:72,5,0,35
BRDA:72,5,1,30
BRF:10
BRH:10
end_of_record
TN:
SF:src\components\services\snackbars\error\index.tsx
FN:17,SnackbarError
FN:18,(anonymous_2)
FN:21,(anonymous_3)
FNF:3
FNH:2
FNDA:11,SnackbarError
FNDA:11,(anonymous_2)
FNDA:0,(anonymous_3)
DA:1,5
DA:3,5
DA:4,5
DA:6,5
DA:17,5
DA:18,11
DA:21,11
DA:22,0
DA:25,11
DA:34,4
LF:10
LH:9
BRDA:25,0,0,7
BRF:1
BRH:1
end_of_record
TN:
SF:src\components\ui\alert-animation\index.tsx
FN:18,AlertAnimationComponent
FN:29,(anonymous_2)
FN:35,(anonymous_3)
FN:41,(anonymous_4)
FN:44,(anonymous_5)
FN:50,(anonymous_6)
FNF:6
FNH:6
FNDA:32,AlertAnimationComponent
FNDA:22,(anonymous_2)
FNDA:22,(anonymous_3)
FNDA:11,(anonymous_4)
FNDA:3,(anonymous_5)
FNDA:44,(anonymous_6)
DA:2,6
DA:3,6
DA:4,6
DA:6,6
DA:18,6
DA:26,32
DA:29,32
DA:30,22
DA:33,22
DA:35,22
DA:36,22
DA:41,32
DA:42,11
DA:44,11
DA:45,3
DA:50,32
DA:51,44
DA:52,11
DA:53,11
DA:57,32
LF:20
LH:20
BRDA:21,0,0,30
BRDA:22,1,0,31
BRDA:30,2,0,11
BRDA:30,3,0,22
BRDA:30,3,1,22
BRDA:33,4,0,11
BRDA:51,5,0,11
BRF:7
BRH:7
end_of_record
TN:
SF:src\components\ui\avatar\index.tsx
FN:23,AvatarComponent
FN:29,(anonymous_2)
FNF:2
FNH:1
FNDA:42,AvatarComponent
FNDA:0,(anonymous_2)
DA:1,13
DA:2,13
DA:3,13
DA:5,13
DA:6,13
DA:7,13
DA:8,13
DA:9,13
DA:11,13
DA:23,13
DA:24,42
DA:25,42
DA:26,42
DA:29,42
DA:31,0
DA:33,0
DA:37,42
LF:17
LH:15
BRDA:23,0,0,0
BRDA:31,1,0,0
BRF:2
BRH:0
end_of_record
TN:
SF:src\components\ui\badge\index.tsx
FN:17,BadgeComponent
FN:18,(anonymous_2)
FNF:2
FNH:2
FNDA:51,BadgeComponent
FNDA:42,(anonymous_2)
DA:1,14
DA:2,14
DA:4,14
DA:6,14
DA:14,14
DA:17,14
DA:18,51
DA:20,51
LF:8
LH:8
BRDA:17,0,0,42
BRDA:22,1,0,13
BRDA:22,1,1,38
BRF:3
BRH:3
end_of_record
TN:
SF:src\components\ui\box\index.tsx
FN:14,BoxComponent
FNF:1
FNH:1
FNDA:590,BoxComponent
DA:1,18
DA:2,18
DA:14,18
DA:22,590
LF:4
LH:4
BRDA:17,0,0,362
BRDA:18,1,0,448
BRF:2
BRH:2
end_of_record
TN:
SF:src\components\ui\button\index.tsx
FN:20,ButtonComponent
FN:41,(anonymous_2)
FNF:2
FNH:2
FNDA:394,ButtonComponent
FNDA:16,(anonymous_2)
DA:1,28
DA:2,28
DA:20,28
DA:34,394
DA:41,16
LF:5
LH:5
BRF:0
BRH:0
end_of_record
TN:
SF:src\components\ui\change-avatar\index.tsx
FN:22,ChangeAvatarComponent
FN:26,(anonymous_2)
FN:43,(anonymous_3)
FN:51,(anonymous_4)
FNF:4
FNH:3
FNDA:21,ChangeAvatarComponent
FNDA:3,(anonymous_2)
FNDA:2,(anonymous_3)
FNDA:0,(anonymous_4)
DA:1,9
DA:2,9
DA:4,9
DA:5,9
DA:22,9
DA:23,21
DA:26,21
DA:27,3
DA:29,3
DA:30,3
DA:32,3
DA:34,2
DA:37,2
DA:43,21
DA:44,2
DA:45,2
DA:47,2
DA:53,0
DA:58,21
LF:19
LH:18
BRDA:22,0,0,16
BRDA:29,1,0,3
BRDA:29,2,0,3
BRDA:29,2,1,3
BRDA:32,3,0,2
BRDA:48,4,0,0
BRDA:48,4,1,2
BRF:7
BRH:6
end_of_record
TN:
SF:src\components\ui\checkbox\index.tsx
FN:13,CheckboxComponent
FNF:1
FNH:1
FNDA:16,CheckboxComponent
DA:1,6
DA:2,6
DA:13,6
DA:14,16
LF:4
LH:4
BRDA:13,0,0,16
BRF:1
BRH:1
end_of_record
TN:
SF:src\components\ui\copyright\index.tsx
FN:10,CopyrightComponent
FN:16,(anonymous_2)
FNF:2
FNH:2
FNDA:126,CopyrightComponent
FNDA:1,(anonymous_2)
DA:1,7
DA:3,7
DA:4,7
DA:5,7
DA:7,7
DA:10,7
DA:11,126
DA:13,126
DA:16,1
LF:9
LH:9
BRF:0
BRH:0
end_of_record
TN:
SF:src\components\ui\date-picker\index.tsx
FN:19,(anonymous_10)
FN:22,(anonymous_11)
FN:23,(anonymous_12)
FN:27,(anonymous_13)
FN:31,(anonymous_14)
FN:51,LazyDatePicker
FNF:6
FNH:6
FNDA:4,(anonymous_10)
FNDA:4,(anonymous_11)
FNDA:4,(anonymous_12)
FNDA:4,(anonymous_13)
FNDA:39,(anonymous_14)
FNDA:40,LazyDatePicker
DA:2,8
DA:4,8
DA:19,8
DA:21,4
DA:22,4
DA:23,4
DA:27,4
DA:30,4
DA:32,39
DA:51,8
DA:52,40
LF:11
LH:11
BRF:0
BRH:0
end_of_record
TN:
SF:src\components\ui\grid\index.tsx
FN:20,GridComponent
FNF:1
FNH:1
FNDA:1180,GridComponent
DA:1,16
DA:2,16
DA:4,16
DA:20,16
DA:32,1180
LF:5
LH:5
BRDA:23,0,0,1053
BRDA:27,1,0,1038
BRDA:28,2,0,1152
BRF:3
BRH:3
end_of_record
TN:
SF:src\components\ui\input-image\index.tsx
FN:17,InputImageComponent
FN:21,(anonymous_2)
FNF:2
FNH:1
FNDA:33,InputImageComponent
FNDA:0,(anonymous_2)
DA:1,12
DA:3,12
DA:4,12
DA:6,12
DA:17,12
DA:18,33
DA:21,33
DA:22,0
DA:25,33
LF:9
LH:8
BRDA:17,0,0,23
BRF:1
BRH:1
end_of_record
TN:
SF:src\components\ui\link\index.tsx
FN:12,LinkComponent
FN:13,(anonymous_2)
FNF:2
FNH:2
FNDA:279,LinkComponent
FNDA:8,(anonymous_2)
DA:1,10
DA:2,10
DA:12,10
DA:13,279
DA:14,8
DA:16,8
DA:19,279
LF:7
LH:7
BRDA:16,0,0,7
BRF:1
BRH:1
end_of_record
TN:
SF:src\components\ui\menu\index.tsx
FN:17,MenuComponent
FNF:1
FNH:1
FNDA:25,MenuComponent
DA:1,5
DA:2,5
DA:17,5
DA:18,25
LF:4
LH:4
BRF:0
BRH:0
end_of_record
TN:
SF:src\components\ui\menu-item\index.tsx
FN:12,MenuItemComponent
FNF:1
FNH:1
FNDA:67,MenuItemComponent
DA:1,10
DA:2,10
DA:12,10
DA:13,67
LF:4
LH:4
BRF:0
BRH:0
end_of_record
TN:
SF:src\components\ui\menu-list\index.tsx
FN:12,MenuListComponent
FNF:1
FNH:1
FNDA:16,MenuListComponent
DA:1,5
DA:2,5
DA:4,5
DA:12,5
DA:13,16
LF:5
LH:5
BRF:0
BRH:0
end_of_record
TN:
SF:src\components\ui\modal\index.tsx
FN:22,ModalComponent
FN:34,(anonymous_2)
FN:37,(anonymous_3)
FN:41,(anonymous_4)
FN:47,(anonymous_5)
FNF:5
FNH:5
FNDA:48,ModalComponent
FNDA:44,(anonymous_2)
FNDA:44,(anonymous_3)
FNDA:1,(anonymous_4)
FNDA:16,(anonymous_5)
DA:1,9
DA:3,9
DA:4,9
DA:6,9
DA:19,9
DA:22,9
DA:32,48
DA:34,47
DA:35,44
DA:37,44
DA:41,47
DA:42,1
DA:43,1
DA:47,47
DA:48,16
DA:51,47
LF:16
LH:16
BRDA:26,0,0,46
BRDA:30,1,0,38
BRDA:32,2,0,1
BRDA:42,3,0,1
BRDA:61,4,0,47
BRDA:61,4,1,2
BRF:6
BRH:6
end_of_record
TN:
SF:src\components\ui\no-data\index.tsx
FN:10,NoDataComponent
FNF:1
FNH:1
FNDA:13,NoDataComponent
DA:1,9
DA:3,9
DA:10,9
DA:11,13
LF:4
LH:4
BRF:0
BRH:0
end_of_record
TN:
SF:src\components\ui\paper\index.tsx
FN:12,PaperComponent
FNF:1
FNH:1
FNDA:93,PaperComponent
DA:1,15
DA:2,15
DA:12,15
DA:13,93
LF:4
LH:4
BRF:0
BRH:0
end_of_record
TN:
SF:src\components\ui\photo\index.tsx
FN:23,PhotoComponent
FN:40,(anonymous_2)
FN:47,(anonymous_3)
FN:52,(anonymous_4)
FN:57,(anonymous_5)
FN:62,(anonymous_6)
FNF:6
FNH:5
FNDA:133,PhotoComponent
FNDA:81,(anonymous_2)
FNDA:5,(anonymous_3)
FNDA:3,(anonymous_4)
FNDA:1,(anonymous_5)
FNDA:0,(anonymous_6)
DA:1,16
DA:2,16
DA:4,16
DA:5,16
DA:6,16
DA:7,16
DA:8,16
DA:9,16
DA:11,16
DA:23,16
DA:31,133
DA:32,133
DA:34,133
DA:36,133
DA:37,133
DA:40,133
DA:41,81
DA:42,52
DA:47,133
DA:48,5
DA:52,133
DA:53,3
DA:57,133
DA:58,1
DA:62,133
DA:63,0
DA:64,0
DA:71,0
DA:75,133
LF:29
LH:26
BRDA:26,0,0,63
BRDA:27,1,0,93
BRDA:41,2,0,52
BRDA:48,3,0,5
BRDA:53,4,0,0
BRDA:53,5,0,3
BRDA:53,5,1,0
BRDA:53,5,2,0
BRDA:53,5,3,0
BRDA:58,6,0,0
BRDA:58,7,0,1
BRDA:58,7,1,0
BRDA:58,7,2,0
BRDA:58,7,3,0
BRDA:63,8,0,0
BRDA:63,9,0,0
BRDA:63,9,1,0
BRDA:76,10,0,0
BRDA:76,10,1,133
BRDA:83,11,0,26
BRDA:83,11,1,107
BRF:21
BRH:9
end_of_record
TN:
SF:src\components\ui\portal\index.tsx
FN:10,Portal
FN:12,(anonymous_1)
FNF:2
FNH:2
FNDA:51,Portal
FNDA:48,(anonymous_1)
DA:1,10
DA:2,10
DA:10,10
DA:12,51
DA:13,48
DA:14,7
DA:15,7
DA:16,7
DA:20,51
LF:9
LH:9
BRDA:13,0,0,7
BRDA:13,1,0,48
BRDA:13,1,1,46
BRDA:22,2,0,51
BRDA:22,2,1,9
BRDA:22,3,0,49
BRDA:22,3,1,2
BRF:7
BRH:7
end_of_record
TN:
SF:src\components\ui\select\index.tsx
FN:18,SelectComponent
FNF:1
FNH:1
FNDA:22,SelectComponent
DA:1,7
DA:2,7
DA:3,7
DA:5,7
DA:18,7
DA:19,22
LF:6
LH:6
BRF:0
BRH:0
end_of_record
TN:
SF:src\components\ui\snackbar\index.tsx
FN:18,SnackbarComponent
FNF:1
FNH:1
FNDA:16,SnackbarComponent
DA:1,7
DA:2,7
DA:4,7
DA:18,7
DA:19,16
LF:5
LH:5
BRF:0
BRH:0
end_of_record
TN:
SF:src\components\ui\spinner\index.tsx
FN:6,SpinnerComponent
FNF:1
FNH:1
FNDA:40,SpinnerComponent
DA:1,22
DA:3,22
DA:6,22
DA:7,40
LF:4
LH:4
BRF:0
BRH:0
end_of_record
TN:
SF:src\components\ui\stepper\index.tsx
FN:12,StepperComponent
FN:15,(anonymous_2)
FNF:2
FNH:2
FNDA:24,StepperComponent
FNDA:45,(anonymous_2)
DA:1,6
DA:2,6
DA:3,6
DA:4,6
DA:12,6
DA:13,24
DA:16,45
LF:7
LH:7
BRF:0
BRH:0
end_of_record
TN:
SF:src\components\ui\suspense-spinner\index.tsx
FN:10,SuspenseSpinner
FNF:1
FNH:1
FNDA:11,SuspenseSpinner
DA:1,11
DA:3,11
DA:10,11
DA:11,11
LF:4
LH:4
BRF:0
BRH:0
end_of_record
TN:
SF:src\components\ui\switch\index.tsx
FN:11,SwitchComponent
FNF:1
FNH:1
FNDA:83,SwitchComponent
DA:1,7
DA:2,7
DA:11,7
DA:12,83
LF:4
LH:4
BRF:0
BRH:0
end_of_record
TN:
SF:src\components\ui\text-field\index.tsx
FN:23,TextFieldComponent
FNF:1
FNH:1
FNDA:739,TextFieldComponent
DA:1,12
DA:2,12
DA:23,12
DA:40,739
LF:4
LH:4
BRF:0
BRH:0
end_of_record
TN:
SF:src\components\ui\typography\index.tsx
FN:13,TypographyComponent
FNF:1
FNH:1
FNDA:155,TypographyComponent
DA:1,19
DA:2,19
DA:13,19
DA:14,155
LF:4
LH:4
BRDA:13,0,0,27
BRDA:13,1,0,70
BRF:2
BRH:2
end_of_record
TN:
SF:src\components\ui\upper-button\index.tsx
FN:9,UpperButton
FNF:1
FNH:1
FNDA:5,UpperButton
DA:1,6
DA:2,6
DA:4,6
DA:6,6
DA:9,6
DA:10,5
LF:6
LH:6
BRF:0
BRH:0
end_of_record
TN:
SF:src\core\CatchErrors.ts
FN:28,(anonymous_1)
FN:33,(anonymous_2)
FN:96,(anonymous_3)
FN:127,(anonymous_4)
FN:132,(anonymous_5)
FN:155,(anonymous_6)
FN:168,(anonymous_7)
FN:173,(anonymous_8)
FN:178,(anonymous_9)
FN:194,(anonymous_10)
FN:199,(anonymous_11)
FN:204,(anonymous_12)
FN:209,(anonymous_13)
FN:214,(anonymous_14)
FN:219,(anonymous_15)
FNF:15
FNH:15
FNDA:23,(anonymous_1)
FNDA:20,(anonymous_2)
FNDA:6,(anonymous_3)
FNDA:1,(anonymous_4)
FNDA:3,(anonymous_5)
FNDA:2,(anonymous_6)
FNDA:1,(anonymous_7)
FNDA:1,(anonymous_8)
FNDA:1,(anonymous_9)
FNDA:1,(anonymous_10)
FNDA:1,(anonymous_11)
FNDA:2,(anonymous_12)
FNDA:2,(anonymous_13)
FNDA:2,(anonymous_14)
FNDA:11,(anonymous_15)
DA:1,6
DA:3,6
DA:4,6
DA:5,6
DA:6,6
DA:7,6
DA:8,6
DA:9,6
DA:11,6
DA:13,6
DA:15,6
DA:16,6
DA:17,6
DA:18,6
DA:19,6
DA:20,6
DA:23,6
DA:29,23
DA:34,20
DA:36,20
DA:39,20
DA:40,13
DA:41,13
DA:43,13
DA:45,1
DA:46,1
DA:49,3
DA:50,3
DA:53,2
DA:54,2
DA:57,1
DA:58,1
DA:61,1
DA:62,1
DA:65,1
DA:66,1
DA:69,1
DA:70,1
DA:73,1
DA:74,1
DA:79,2
DA:82,13
DA:86,7
DA:87,6
DA:88,6
DA:92,1
DA:93,1
DA:97,6
DA:101,6
DA:103,1
DA:104,1
DA:107,1
DA:108,1
DA:111,1
DA:112,1
DA:115,1
DA:116,1
DA:119,2
DA:122,6
DA:123,6
DA:128,1
DA:133,3
DA:135,3
DA:138,1
DA:139,1
DA:146,1
DA:147,1
DA:150,1
DA:156,2
DA:159,1
DA:160,1
DA:163,1
DA:169,1
DA:174,1
DA:179,1
DA:180,1
DA:182,1
DA:185,1
DA:186,1
DA:189,0
DA:195,1
DA:200,1
DA:205,2
DA:210,2
DA:215,2
DA:220,11
DA:221,11
LF:87
LH:86
BRDA:36,0,0,0
BRDA:39,1,0,13
BRDA:41,2,0,13
BRDA:41,2,1,0
BRDA:43,3,0,1
BRDA:43,3,1,3
BRDA:43,3,2,2
BRDA:43,3,3,1
BRDA:43,3,4,1
BRDA:43,3,5,1
BRDA:43,3,6,1
BRDA:43,3,7,1
BRDA:43,3,8,2
BRDA:43,3,9,2
BRDA:43,3,10,2
BRDA:86,4,0,6
BRDA:101,5,0,1
BRDA:101,5,1,1
BRDA:101,5,2,1
BRDA:101,5,3,1
BRDA:101,5,4,2
BRDA:135,6,0,1
BRDA:135,6,1,1
BRDA:135,6,2,1
BRDA:156,7,0,1
BRDA:156,7,1,1
BRDA:179,8,0,0
BRDA:182,9,0,1
BRDA:182,9,1,0
BRF:29
BRH:25
end_of_record
TN:
SF:src\core\MainApi.ts
FN:17,(anonymous_1)
FN:27,(anonymous_2)
FN:31,(anonymous_3)
FN:38,(anonymous_4)
FN:42,(anonymous_5)
FN:45,(anonymous_6)
FN:52,(anonymous_7)
FN:56,(anonymous_8)
FN:59,(anonymous_9)
FN:66,(anonymous_10)
FN:70,(anonymous_11)
FN:85,(anonymous_12)
FN:94,(anonymous_13)
FN:103,(anonymous_14)
FN:107,(anonymous_15)
FN:110,(anonymous_16)
FN:113,(anonymous_17)
FN:124,(anonymous_18)
FNF:18
FNH:16
FNDA:17,(anonymous_1)
FNDA:3,(anonymous_2)
FNDA:2,(anonymous_3)
FNDA:3,(anonymous_4)
FNDA:2,(anonymous_5)
FNDA:1,(anonymous_6)
FNDA:3,(anonymous_7)
FNDA:2,(anonymous_8)
FNDA:1,(anonymous_9)
FNDA:1,(anonymous_10)
FNDA:1,(anonymous_11)
FNDA:0,(anonymous_12)
FNDA:0,(anonymous_13)
FNDA:1,(anonymous_14)
FNDA:17,(anonymous_15)
FNDA:3,(anonymous_16)
FNDA:1,(anonymous_17)
FNDA:5,(anonymous_18)
DA:1,4
DA:7,4
DA:8,4
DA:9,4
DA:13,4
DA:16,4
DA:18,17
DA:19,17
DA:20,17
DA:22,17
DA:24,17
DA:28,3
DA:32,2
DA:33,2
DA:39,3
DA:43,2
DA:46,1
DA:47,1
DA:53,3
DA:57,2
DA:60,1
DA:61,1
DA:67,1
DA:76,1
DA:104,1
DA:108,17
DA:111,3
DA:114,1
DA:115,1
DA:125,5
DA:127,5
DA:128,3
LF:32
LH:32
BRDA:127,0,0,3
BRF:1
BRH:1
end_of_record
TN:
SF:src\core\MainClient.ts
FN:21,(anonymous_1)
FN:33,(anonymous_2)
FN:38,(anonymous_3)
FN:43,(anonymous_4)
FN:48,(anonymous_5)
FN:55,(anonymous_6)
FN:60,(anonymous_7)
FNF:7
FNH:7
FNDA:11,(anonymous_1)
FNDA:1,(anonymous_2)
FNDA:1,(anonymous_3)
FNDA:1,(anonymous_4)
FNDA:2,(anonymous_5)
FNDA:1,(anonymous_6)
FNDA:1,(anonymous_7)
DA:1,3
DA:2,3
DA:3,3
DA:4,3
DA:5,3
DA:6,3
DA:8,3
DA:14,3
DA:22,11
DA:24,11
DA:25,11
DA:27,11
DA:29,11
DA:30,11
DA:34,1
DA:39,1
DA:44,1
DA:49,2
DA:50,1
DA:56,1
DA:61,1
LF:21
LH:21
BRDA:49,0,0,1
BRF:1
BRH:1
end_of_record
TN:
SF:src\core\Request.ts
FN:48,(anonymous_1)
FN:69,(anonymous_2)
FN:74,(anonymous_3)
FN:81,(anonymous_4)
FN:84,(anonymous_5)
FN:87,(anonymous_6)
FN:93,(anonymous_7)
FN:98,(anonymous_8)
FN:111,(anonymous_9)
FN:117,(anonymous_10)
FN:125,(anonymous_11)
FN:128,(anonymous_12)
FN:131,(anonymous_13)
FN:137,(anonymous_14)
FN:144,(anonymous_15)
FN:147,(anonymous_16)
FN:150,(anonymous_17)
FN:156,(anonymous_18)
FNF:18
FNH:18
FNDA:21,(anonymous_1)
FNDA:4,(anonymous_2)
FNDA:6,(anonymous_3)
FNDA:2,(anonymous_4)
FNDA:1,(anonymous_5)
FNDA:3,(anonymous_6)
FNDA:2,(anonymous_7)
FNDA:1,(anonymous_8)
FNDA:1,(anonymous_9)
FNDA:4,(anonymous_10)
FNDA:3,(anonymous_11)
FNDA:1,(anonymous_12)
FNDA:4,(anonymous_13)
FNDA:3,(anonymous_14)
FNDA:2,(anonymous_15)
FNDA:1,(anonymous_16)
FNDA:3,(anonymous_17)
FNDA:13,(anonymous_18)
DA:1,4
DA:2,4
DA:5,4
DA:6,4
DA:7,4
DA:9,4
DA:11,4
DA:45,4
DA:48,21
DA:49,21
DA:51,21
DA:70,4
DA:75,6
DA:77,6
DA:79,6
DA:82,2
DA:85,1
DA:88,3
DA:94,2
DA:96,2
DA:99,1
DA:100,1
DA:102,1
DA:103,1
DA:104,1
DA:106,1
DA:108,1
DA:109,1
DA:112,1
DA:118,4
DA:119,4
DA:121,4
DA:123,4
DA:126,3
DA:129,1
DA:132,4
DA:138,3
DA:140,3
DA:142,3
DA:145,2
DA:148,1
DA:151,3
DA:157,13
DA:159,13
DA:162,10
DA:163,9
DA:165,10
DA:168,2
DA:169,2
DA:172,1
LF:50
LH:50
BRDA:77,0,0,5
BRDA:77,0,1,1
BRDA:88,1,0,2
BRDA:88,1,1,1
BRDA:118,2,0,1
BRDA:118,2,1,3
BRDA:121,3,0,3
BRDA:121,3,1,1
BRDA:132,4,0,3
BRDA:132,4,1,1
BRDA:140,5,0,2
BRDA:140,5,1,1
BRDA:151,6,0,2
BRDA:151,6,1,1
BRDA:159,7,0,6
BRDA:159,7,1,10
BRDA:159,7,2,2
BRDA:159,7,3,1
BRDA:162,8,0,9
BRDA:163,9,0,6
BRDA:163,9,1,3
BRDA:168,10,0,1
BRDA:168,10,1,1
BRF:23
BRH:23
end_of_record
TN:
SF:src\core\controllers\ProfilesController.ts
FN:16,(anonymous_1)
FN:20,(anonymous_2)
FN:25,(anonymous_3)
FN:54,(anonymous_4)
FN:77,(anonymous_5)
FN:91,(anonymous_6)
FN:104,(anonymous_7)
FNF:7
FNH:7
FNDA:19,(anonymous_1)
FNDA:2,(anonymous_2)
FNDA:5,(anonymous_3)
FNDA:3,(anonymous_4)
FNDA:2,(anonymous_5)
FNDA:10,(anonymous_6)
FNDA:2,(anonymous_7)
DA:3,5
DA:4,5
DA:5,5
DA:6,5
DA:7,5
DA:10,5
DA:13,5
DA:14,19
DA:16,19
DA:17,19
DA:21,2
DA:26,5
DA:27,3
DA:29,3
DA:30,1
DA:35,1
DA:39,4
DA:41,4
DA:42,2
DA:47,2
DA:50,2
DA:55,3
DA:57,3
DA:59,3
DA:61,3
DA:62,1
DA:63,1
DA:66,2
DA:68,2
DA:71,2
DA:72,2
DA:78,2
DA:80,2
DA:82,2
DA:83,1
DA:84,1
DA:87,1
DA:92,10
DA:93,1
DA:96,10
DA:97,5
DA:100,5
DA:105,2
DA:107,2
DA:108,1
DA:109,1
DA:110,1
DA:114,2
LF:48
LH:48
BRDA:26,0,0,3
BRDA:29,1,0,1
BRDA:41,2,0,2
BRDA:61,3,0,1
BRDA:71,4,0,2
BRDA:82,5,0,1
BRDA:92,6,0,1
BRDA:96,7,0,5
BRDA:96,8,0,10
BRDA:96,8,1,10
BRDA:108,9,0,1
BRF:11
BRH:11
end_of_record
TN:
SF:src\core\services\NotificationSettingsService.ts
FN:13,(anonymous_1)
FN:17,(anonymous_2)
FN:21,(anonymous_3)
FN:25,(anonymous_4)
FN:30,(anonymous_5)
FN:34,(anonymous_6)
FN:37,(anonymous_7)
FNF:7
FNH:7
FNDA:8,(anonymous_1)
FNDA:2,(anonymous_2)
FNDA:2,(anonymous_3)
FNDA:2,(anonymous_4)
FNDA:3,(anonymous_5)
FNDA:1,(anonymous_6)
FNDA:1,(anonymous_7)
DA:1,8
DA:5,8
DA:6,8
DA:9,8
DA:12,8
DA:13,8
DA:14,8
DA:18,2
DA:22,2
DA:26,2
DA:31,3
DA:35,1
DA:38,1
DA:43,1
DA:44,1
LF:15
LH:15
BRF:0
BRH:0
end_of_record
TN:
SF:src\core\services\PhotosService.ts
FN:27,(anonymous_1)
FN:31,(anonymous_2)
FN:35,(anonymous_3)
FN:40,(anonymous_4)
FN:55,(anonymous_5)
FN:58,(anonymous_6)
FN:71,(anonymous_7)
FN:72,(anonymous_8)
FN:80,(anonymous_9)
FN:88,(anonymous_10)
FN:92,(anonymous_11)
FN:95,(anonymous_12)
FN:106,(anonymous_13)
FN:110,(anonymous_14)
FN:111,(anonymous_15)
FN:117,(anonymous_16)
FN:139,(anonymous_17)
FNF:17
FNH:17
FNDA:24,(anonymous_1)
FNDA:1,(anonymous_2)
FNDA:1,(anonymous_3)
FNDA:2,(anonymous_4)
FNDA:1,(anonymous_5)
FNDA:1,(anonymous_6)
FNDA:2,(anonymous_7)
FNDA:2,(anonymous_8)
FNDA:1,(anonymous_9)
FNDA:1,(anonymous_10)
FNDA:1,(anonymous_11)
FNDA:1,(anonymous_12)
FNDA:5,(anonymous_13)
FNDA:5,(anonymous_14)
FNDA:4,(anonymous_15)
FNDA:29,(anonymous_16)
FNDA:8,(anonymous_17)
DA:1,8
DA:5,8
DA:6,8
DA:7,8
DA:8,8
DA:10,8
DA:12,8
DA:22,8
DA:23,24
DA:24,24
DA:25,24
DA:27,24
DA:28,24
DA:32,1
DA:36,1
DA:42,2
DA:43,1
DA:44,1
DA:48,1
DA:52,1
DA:56,1
DA:59,1
DA:60,1
DA:61,1
DA:63,1
DA:65,1
DA:72,2
DA:74,2
DA:75,1
DA:81,1
DA:82,1
DA:84,1
DA:89,1
DA:93,1
DA:96,1
DA:97,1
DA:99,1
DA:107,5
DA:111,5
DA:113,5
DA:114,1
DA:115,1
DA:117,29
DA:118,4
DA:129,4
DA:130,0
DA:132,4
DA:140,8
LF:48
LH:47
BRDA:42,0,0,1
BRDA:48,1,0,0
BRDA:48,1,1,1
BRDA:74,2,0,1
BRDA:74,3,0,2
BRDA:74,3,1,2
BRDA:74,3,2,2
BRDA:106,4,0,2
BRDA:113,5,0,1
BRDA:129,6,0,0
BRDA:129,6,1,4
BRDA:129,7,0,4
BRDA:129,7,1,0
BRDA:129,7,2,0
BRF:14
BRH:10
end_of_record
TN:
SF:src\core\services\ProfileService.ts
FN:26,(anonymous_1)
FN:36,(anonymous_2)
FN:40,(anonymous_3)
FN:44,(anonymous_4)
FN:49,(anonymous_5)
FN:52,(anonymous_6)
FN:55,(anonymous_7)
FN:66,(anonymous_8)
FN:74,(anonymous_9)
FN:78,(anonymous_10)
FN:81,(anonymous_11)
FN:88,(anonymous_12)
FN:96,(anonymous_13)
FN:112,(anonymous_14)
FN:116,(anonymous_15)
FN:119,(anonymous_16)
FNF:16
FNH:15
FNDA:11,(anonymous_1)
FNDA:2,(anonymous_2)
FNDA:8,(anonymous_3)
FNDA:2,(anonymous_4)
FNDA:2,(anonymous_5)
FNDA:2,(anonymous_6)
FNDA:1,(anonymous_7)
FNDA:1,(anonymous_8)
FNDA:2,(anonymous_9)
FNDA:2,(anonymous_10)
FNDA:1,(anonymous_11)
FNDA:1,(anonymous_12)
FNDA:0,(anonymous_13)
FNDA:2,(anonymous_14)
FNDA:2,(anonymous_15)
FNDA:1,(anonymous_16)
DA:1,6
DA:7,6
DA:9,6
DA:10,6
DA:11,6
DA:12,6
DA:16,6
DA:22,6
DA:26,11
DA:27,11
DA:30,11
DA:33,11
DA:37,2
DA:41,8
DA:45,2
DA:50,2
DA:53,2
DA:56,1
DA:57,1
DA:67,1
DA:69,1
DA:70,1
DA:75,2
DA:79,2
DA:82,1
DA:89,1
DA:113,2
DA:117,2
DA:120,1
DA:121,1
LF:30
LH:30
BRF:0
BRH:0
end_of_record
TN:
SF:src\core\services\UserDetailsService.ts
FN:16,(anonymous_1)
FN:22,(anonymous_2)
FN:26,(anonymous_3)
FN:30,(anonymous_4)
FN:34,(anonymous_5)
FN:38,(anonymous_6)
FN:42,(anonymous_7)
FN:46,(anonymous_8)
FN:50,(anonymous_9)
FN:54,(anonymous_10)
FN:58,(anonymous_11)
FN:63,(anonymous_12)
FN:73,(anonymous_13)
FN:78,(anonymous_14)
FN:87,(anonymous_15)
FN:96,(anonymous_16)
FN:105,(anonymous_17)
FN:114,(anonymous_18)
FN:123,(anonymous_19)
FN:145,(anonymous_20)
FN:158,(anonymous_21)
FNF:21
FNH:20
FNDA:15,(anonymous_1)
FNDA:17,(anonymous_2)
FNDA:18,(anonymous_3)
FNDA:18,(anonymous_4)
FNDA:18,(anonymous_5)
FNDA:18,(anonymous_6)
FNDA:18,(anonymous_7)
FNDA:18,(anonymous_8)
FNDA:18,(anonymous_9)
FNDA:18,(anonymous_10)
FNDA:18,(anonymous_11)
FNDA:0,(anonymous_12)
FNDA:1,(anonymous_13)
FNDA:1,(anonymous_14)
FNDA:1,(anonymous_15)
FNDA:1,(anonymous_16)
FNDA:1,(anonymous_17)
FNDA:1,(anonymous_18)
FNDA:16,(anonymous_19)
FNDA:36,(anonymous_20)
FNDA:5,(anonymous_21)
DA:2,8
DA:3,8
DA:4,8
DA:6,8
DA:7,8
DA:9,8
DA:10,8
DA:13,8
DA:16,15
DA:17,15
DA:19,15
DA:23,17
DA:27,18
DA:31,18
DA:35,18
DA:39,18
DA:43,18
DA:47,18
DA:51,18
DA:55,18
DA:59,18
DA:64,0
DA:66,0
DA:74,1
DA:79,1
DA:88,1
DA:97,1
DA:106,1
DA:115,1
DA:124,16
DA:126,16
DA:146,36
DA:147,4
DA:150,32
DA:152,32
DA:159,5
LF:36
LH:34
BRDA:27,0,0,18
BRDA:27,0,1,2
BRDA:35,1,0,18
BRDA:35,1,1,2
BRDA:39,2,0,18
BRDA:39,2,1,2
BRDA:43,3,0,18
BRDA:43,3,1,2
BRDA:47,4,0,18
BRDA:47,4,1,2
BRDA:55,5,0,18
BRDA:55,5,1,2
BRDA:59,6,0,18
BRDA:59,6,1,2
BRDA:145,7,0,18
BRDA:146,8,0,4
BRDA:146,9,0,36
BRDA:146,9,1,36
BRDA:147,10,0,2
BRDA:147,10,1,2
BRDA:152,11,0,16
BRDA:152,11,1,16
BRF:22
BRH:22
end_of_record
TN:
SF:src\core\services\UserService.ts
FN:28,(anonymous_1)
FN:48,(anonymous_2)
FN:52,(anonymous_3)
FN:56,(anonymous_4)
FN:60,(anonymous_5)
FN:64,(anonymous_6)
FN:68,(anonymous_7)
FN:72,(anonymous_8)
FN:76,(anonymous_9)
FN:80,(anonymous_10)
FN:84,(anonymous_11)
FN:88,(anonymous_12)
FN:92,(anonymous_13)
FN:97,(anonymous_14)
FN:108,(anonymous_15)
FN:114,(anonymous_16)
FN:125,(anonymous_17)
FN:146,(anonymous_18)
FNF:18
FNH:18
FNDA:22,(anonymous_1)
FNDA:5,(anonymous_2)
FNDA:1,(anonymous_3)
FNDA:3,(anonymous_4)
FNDA:50,(anonymous_5)
FNDA:28,(anonymous_6)
FNDA:29,(anonymous_7)
FNDA:28,(anonymous_8)
FNDA:28,(anonymous_9)
FNDA:28,(anonymous_10)
FNDA:47,(anonymous_11)
FNDA:50,(anonymous_12)
FNDA:28,(anonymous_13)
FNDA:1,(anonymous_14)
FNDA:1,(anonymous_15)
FNDA:2,(anonymous_16)
FNDA:26,(anonymous_17)
FNDA:22,(anonymous_18)
DA:6,7
DA:7,7
DA:8,7
DA:9,7
DA:10,7
DA:14,7
DA:22,7
DA:28,22
DA:29,22
DA:31,22
DA:33,22
DA:34,22
DA:37,22
DA:39,22
DA:41,9
DA:45,22
DA:49,5
DA:53,1
DA:57,3
DA:61,50
DA:65,28
DA:69,29
DA:73,28
DA:77,28
DA:81,28
DA:85,47
DA:89,50
DA:93,28
DA:98,1
DA:100,1
DA:104,1
DA:109,1
DA:110,1
DA:115,2
DA:117,2
DA:126,26
DA:129,26
DA:147,22
DA:148,19
LF:39
LH:39
BRDA:39,0,0,9
BRDA:39,1,0,22
BRDA:39,1,1,19
BRDA:69,2,0,29
BRDA:69,2,1,2
BRDA:89,3,0,50
BRDA:89,3,1,1
BRDA:93,4,0,28
BRDA:93,4,1,1
BRDA:119,5,0,2
BRDA:119,5,1,1
BRDA:120,6,0,2
BRDA:120,6,1,1
BRDA:147,7,0,19
BRF:14
BRH:14
end_of_record
TN:
SF:src\core\socket\Socket.ts
FN:19,(anonymous_1)
FN:21,(anonymous_2)
FN:66,(anonymous_3)
FN:87,(anonymous_4)
FNF:4
FNH:4
FNDA:10,(anonymous_1)
FNDA:2,(anonymous_2)
FNDA:4,(anonymous_3)
FNDA:1,(anonymous_4)
DA:1,4
DA:4,4
DA:5,4
DA:6,4
DA:7,4
DA:8,4
DA:10,4
DA:12,4
DA:15,4
DA:19,10
DA:22,2
DA:24,2
DA:26,2
DA:27,1
DA:28,1
DA:31,1
DA:52,1
DA:54,1
DA:55,1
DA:57,1
DA:70,4
DA:71,4
DA:73,4
DA:74,3
DA:76,2
DA:77,1
DA:80,1
DA:83,2
DA:88,1
DA:89,1
LF:30
LH:30
BRDA:26,0,0,1
BRDA:73,1,0,3
BRDA:76,2,0,1
BRF:3
BRH:3
end_of_record
TN:
SF:src\core\socket\SocketController.ts
FN:17,(anonymous_1)
FN:29,(anonymous_2)
FN:30,(anonymous_3)
FN:37,(anonymous_4)
FN:45,(anonymous_5)
FN:59,(anonymous_6)
FN:74,(anonymous_7)
FN:75,(anonymous_8)
FN:81,(anonymous_9)
FN:85,(anonymous_10)
FN:89,(anonymous_11)
FN:93,(anonymous_12)
FN:97,(anonymous_13)
FN:103,(anonymous_14)
FNF:14
FNH:14
FNDA:10,(anonymous_1)
FNDA:10,(anonymous_2)
FNDA:2,(anonymous_3)
FNDA:1,(anonymous_4)
FNDA:3,(anonymous_5)
FNDA:2,(anonymous_6)
FNDA:10,(anonymous_7)
FNDA:1,(anonymous_8)
FNDA:1,(anonymous_9)
FNDA:1,(anonymous_10)
FNDA:1,(anonymous_11)
FNDA:1,(anonymous_12)
FNDA:1,(anonymous_13)
FNDA:3,(anonymous_14)
DA:1,5
DA:4,5
DA:5,5
DA:6,5
DA:7,5
DA:8,5
DA:10,5
DA:12,5
DA:13,5
DA:16,5
DA:18,10
DA:19,10
DA:20,10
DA:22,10
DA:23,10
DA:25,10
DA:26,10
DA:30,10
DA:31,2
DA:37,10
DA:39,1
DA:41,1
DA:45,10
DA:46,3
DA:48,3
DA:51,3
DA:52,2
DA:53,2
DA:59,10
DA:60,2
DA:62,2
DA:65,2
DA:66,1
DA:75,10
DA:76,1
DA:81,10
DA:82,1
DA:85,10
DA:86,1
DA:89,10
DA:90,1
DA:93,10
DA:94,1
DA:97,10
DA:98,1
DA:104,3
DA:106,3
DA:107,3
LF:48
LH:48
BRDA:31,0,0,1
BRDA:31,0,1,1
BRDA:51,1,0,2
BRDA:51,2,0,3
BRDA:51,2,1,2
BRDA:65,3,0,1
BRDA:65,4,0,2
BRDA:65,4,1,2
BRF:8
BRH:8
end_of_record
TN:
SF:src\core\socket\controllers\Friends.ts
FN:12,(anonymous_1)
FN:16,(anonymous_2)
FN:18,(anonymous_3)
FN:30,(anonymous_4)
FN:42,(anonymous_5)
FN:54,(anonymous_6)
FNF:6
FNH:0
FNDA:0,(anonymous_1)
FNDA:0,(anonymous_2)
FNDA:0,(anonymous_3)
FNDA:0,(anonymous_4)
FNDA:0,(anonymous_5)
FNDA:0,(anonymous_6)
DA:1,5
DA:3,5
DA:4,5
DA:6,5
DA:8,5
DA:11,5
DA:12,0
DA:13,0
DA:18,0
DA:19,0
DA:21,0
DA:22,0
DA:26,0
DA:30,0
DA:31,0
DA:33,0
DA:34,0
DA:38,0
DA:42,0
DA:43,0
DA:45,0
DA:46,0
DA:50,0
DA:54,0
DA:55,0
DA:57,0
DA:58,0
DA:62,0
LF:28
LH:6
BRDA:21,0,0,0
BRDA:33,1,0,0
BRDA:45,2,0,0
BRDA:57,3,0,0
BRF:4
BRH:0
end_of_record
TN:
SF:src\core\socket\controllers\Users.ts
FN:16,(anonymous_1)
FN:24,(anonymous_2)
FN:26,(anonymous_3)
FN:32,(anonymous_4)
FN:43,(anonymous_5)
FN:55,(anonymous_6)
FN:67,(anonymous_7)
FN:77,(anonymous_8)
FN:86,(anonymous_9)
FNF:9
FNH:9
FNDA:8,(anonymous_1)
FNDA:8,(anonymous_2)
FNDA:2,(anonymous_3)
FNDA:3,(anonymous_4)
FNDA:2,(anonymous_5)
FNDA:2,(anonymous_6)
FNDA:2,(anonymous_7)
FNDA:1,(anonymous_8)
FNDA:1,(anonymous_9)
DA:1,6
DA:4,6
DA:5,6
DA:6,6
DA:7,6
DA:8,6
DA:10,6
DA:12,6
DA:15,6
DA:17,8
DA:18,8
DA:19,8
DA:21,8
DA:26,8
DA:27,2
DA:29,2
DA:30,1
DA:32,3
DA:34,1
DA:35,1
DA:39,2
DA:43,8
DA:44,2
DA:46,2
DA:47,1
DA:48,1
DA:51,2
DA:55,8
DA:56,2
DA:58,2
DA:59,1
DA:60,1
DA:63,2
DA:67,8
DA:68,2
DA:70,2
DA:71,1
DA:73,1
DA:74,1
DA:77,2
DA:79,1
DA:80,1
DA:87,1
DA:88,1
LF:44
LH:44
BRDA:29,0,0,1
BRDA:32,1,0,3
BRDA:32,1,1,2
BRDA:34,2,0,1
BRDA:46,3,0,1
BRDA:58,4,0,1
BRDA:70,5,0,1
BRDA:79,6,0,1
BRF:8
BRH:8
end_of_record
TN:
SF:src\core\socket\validation\helper.ts
FNF:0
FNH:0
DA:1,5
DA:3,5
DA:6,5
DA:17,5
DA:25,5
DA:28,5
DA:40,5
DA:48,5
DA:55,5
LF:9
LH:9
BRF:0
BRH:0
end_of_record
TN:
SF:src\core\socket\validation\index.ts
FN:33,(anonymous_1)
FN:46,(anonymous_2)
FN:63,(anonymous_3)
FN:76,(anonymous_4)
FNF:4
FNH:0
FNDA:0,(anonymous_1)
FNDA:0,(anonymous_2)
FNDA:0,(anonymous_3)
FNDA:0,(anonymous_4)
DA:3,5
DA:4,5
DA:5,5
DA:6,5
DA:7,5
DA:8,5
DA:11,5
DA:14,5
DA:20,5
DA:33,5
DA:34,0
DA:35,0
DA:37,0
DA:39,0
DA:40,0
DA:43,0
DA:45,0
DA:46,0
DA:49,0
DA:51,0
DA:53,0
DA:63,5
DA:64,0
DA:65,0
DA:67,0
DA:69,0
DA:70,0
DA:73,0
DA:75,0
DA:76,0
DA:79,0
DA:81,0
DA:83,0
LF:33
LH:11
BRDA:39,0,0,0
BRDA:45,1,0,0
BRDA:51,2,0,0
BRDA:51,2,1,0
BRDA:69,3,0,0
BRDA:75,4,0,0
BRDA:81,5,0,0
BRDA:81,5,1,0
BRF:8
BRH:0
end_of_record
TN:
SF:src\core\socket\validation\schemas\friends.ts
FNF:0
FNH:0
DA:1,5
DA:2,5
DA:4,5
DA:5,5
DA:8,5
DA:13,5
LF:6
LH:6
BRF:0
BRH:0
end_of_record
TN:
SF:src\core\socket\validation\schemas\main.ts
FNF:0
FNH:0
DA:1,5
DA:2,5
DA:4,5
DA:7,5
LF:4
LH:4
BRF:0
BRH:0
end_of_record
TN:
SF:src\core\socket\validation\schemas\messages.ts
FNF:0
FNH:0
DA:1,5
DA:2,5
DA:4,5
DA:5,5
DA:8,5
DA:34,5
LF:6
LH:6
BRF:0
BRH:0
end_of_record
TN:
SF:src\core\socket\validation\schemas\users.ts
FNF:0
FNH:0
DA:1,5
DA:2,5
DA:4,5
DA:5,5
DA:8,5
LF:5
LH:5
BRF:0
BRH:0
end_of_record
TN:
SF:src\hooks\useImage.ts
FN:6,useImage
FN:9,(anonymous_1)
FNF:2
FNH:2
FNDA:2,useImage
FNDA:2,(anonymous_1)
DA:1,1
DA:3,1
DA:6,1
DA:7,2
DA:9,2
DA:10,2
DA:13,2
LF:7
LH:7
BRDA:10,0,0,0
BRDA:10,0,1,2
BRF:2
BRH:1
end_of_record
TN:
SF:src\hooks\useMainClient.ts
FN:6,useMainClient
FNF:1
FNH:1
FNDA:6,useMainClient
DA:1,1
DA:3,1
DA:6,1
DA:7,6
LF:4
LH:4
BRF:0
BRH:0
end_of_record
TN:
SF:src\hooks\usePrepareAnotherUser.ts
FN:8,usePrepareAnotherUser
FN:11,(anonymous_2)
FN:17,(anonymous_3)
FNF:3
FNH:3
FNDA:3,usePrepareAnotherUser
FNDA:3,(anonymous_2)
FNDA:3,(anonymous_3)
DA:1,1
DA:3,1
DA:4,1
DA:5,1
DA:8,1
DA:9,3
DA:11,3
DA:13,3
DA:14,3
DA:17,3
DA:22,3
DA:23,3
DA:24,0
DA:27,3
DA:28,0
DA:29,0
DA:33,3
LF:17
LH:14
BRDA:22,0,0,3
BRDA:22,0,1,0
BRDA:22,1,0,3
BRDA:22,1,1,3
BRDA:23,2,0,0
BRDA:28,3,0,0
BRF:6
BRH:3
end_of_record
TN:
SF:src\hooks\useProfile.ts
FN:4,useProfile
FNF:1
FNH:1
FNDA:1,useProfile
DA:1,2
DA:4,2
DA:5,1
DA:6,1
LF:4
LH:4
BRF:0
BRH:0
end_of_record
TN:
SF:src\hooks\useResize.ts
FN:4,useResize
FN:7,(anonymous_1)
FN:18,(anonymous_2)
FN:23,(anonymous_3)
FNF:4
FNH:4
FNDA:31,useResize
FNDA:20,(anonymous_1)
FNDA:19,(anonymous_2)
FNDA:19,(anonymous_3)
DA:1,7
DA:4,7
DA:5,31
DA:7,31
DA:12,20
DA:13,12
DA:14,12
DA:18,31
DA:19,19
DA:21,19
DA:23,19
DA:26,31
LF:12
LH:12
BRDA:12,0,0,12
BRDA:12,1,0,20
BRDA:12,1,1,13
BRDA:12,1,2,13
BRF:4
BRH:4
end_of_record
TN:
SF:src\hooks\useTheme.ts
FN:7,useTheme
FN:10,(anonymous_1)
FNF:2
FNH:2
FNDA:10,useTheme
FNDA:9,(anonymous_1)
DA:1,1
DA:2,1
DA:4,1
DA:7,1
DA:8,10
DA:10,10
DA:11,9
DA:19,10
LF:8
LH:8
BRDA:13,0,0,3
BRDA:13,0,1,6
BRF:2
BRH:2
end_of_record
TN:
SF:src\hooks\useUser.ts
FN:4,useUser
FNF:1
FNH:1
FNDA:1,useUser
DA:1,1
DA:4,1
DA:5,1
DA:6,1
LF:4
LH:4
BRF:0
BRH:0
end_of_record
TN:
SF:src\hooks\useUserDetails.ts
FN:4,useUserDetails
FNF:1
FNH:1
FNDA:1,useUserDetails
DA:1,1
DA:4,1
DA:5,1
DA:6,1
LF:4
LH:4
BRF:0
BRH:0
end_of_record
TN:
SF:src\hooks\useUserIdOutsideRoute.ts
FN:6,useUserIdFromPath
FNF:1
FNH:1
FNDA:2,useUserIdFromPath
DA:1,1
DA:3,1
DA:6,1
DA:7,2
DA:9,2
DA:11,2
LF:6
LH:6
BRDA:9,0,0,2
BRDA:9,0,1,1
BRF:2
BRH:2
end_of_record
TN:
SF:src\modules\carousel\index.tsx
FN:24,(anonymous_1)
FNF:1
FNH:1
FNDA:26,(anonymous_1)
DA:1,8
DA:2,8
DA:4,8
DA:5,8
DA:7,8
DA:24,8
DA:25,26
LF:7
LH:7
BRDA:29,0,0,8
BRDA:29,0,1,18
BRF:2
BRH:2
end_of_record
TN:
SF:src\modules\carousel\button\index.tsx
FN:15,CarouselButton
FN:17,(anonymous_2)
FNF:2
FNH:2
FNDA:21,CarouselButton
FNDA:2,(anonymous_2)
DA:1,9
DA:3,9
DA:4,9
DA:5,9
DA:6,9
DA:7,9
DA:15,9
DA:17,21
DA:18,2
DA:21,21
LF:10
LH:10
BRDA:18,0,0,1
BRDA:18,0,1,1
BRDA:22,1,0,11
BRDA:22,1,1,10
BRF:4
BRH:4
end_of_record
TN:
SF:src\modules\carousel\info\index.tsx
FN:12,Info
FN:16,(anonymous_2)
FN:17,(anonymous_3)
FN:19,(anonymous_4)
FN:26,(anonymous_5)
FNF:5
FNH:5
FNDA:24,Info
FNDA:24,(anonymous_2)
FNDA:24,(anonymous_3)
FNDA:11,(anonymous_4)
FNDA:11,(anonymous_5)
DA:1,1
DA:3,1
DA:5,1
DA:6,1
DA:7,1
DA:9,1
DA:12,1
DA:13,24
DA:14,24
DA:16,24
DA:17,24
DA:19,24
DA:20,11
DA:26,24
DA:27,11
DA:28,11
DA:32,24
LF:17
LH:17
BRDA:20,0,0,7
BRDA:20,0,1,4
BRDA:27,1,0,11
BRF:3
BRH:3
end_of_record
TN:
SF:src\modules\edit\index.tsx
FN:24,EditTabsModule
FNF:1
FNH:1
FNDA:26,EditTabsModule
DA:1,6
DA:3,6
DA:4,6
DA:6,6
DA:18,6
DA:24,6
DA:25,26
DA:27,26
LF:8
LH:8
BRF:0
BRH:0
end_of_record
TN:
SF:src\modules\edit\contacts\contacts.tsx
FN:8,Contacts
FN:20,(anonymous_2)
FN:35,(anonymous_3)
FN:50,(anonymous_4)
FNF:4
FNH:4
FNDA:14,Contacts
FNDA:1,(anonymous_2)
FNDA:1,(anonymous_3)
FNDA:1,(anonymous_4)
DA:1,7
DA:3,7
DA:5,7
DA:8,7
DA:9,14
DA:20,1
DA:35,1
DA:50,1
LF:8
LH:8
BRDA:33,0,0,14
BRDA:33,0,1,8
BRDA:34,1,0,2
BRDA:34,1,1,12
BRDA:34,2,0,14
BRDA:34,2,1,8
BRDA:34,3,0,2
BRDA:34,3,1,2
BRDA:48,4,0,14
BRDA:48,4,1,8
BRDA:49,5,0,4
BRDA:49,5,1,10
BRDA:49,6,0,14
BRDA:49,6,1,8
BRDA:49,7,0,4
BRDA:49,7,1,4
BRF:16
BRH:16
end_of_record
TN:
SF:src\modules\edit\date-picker\index.tsx
FN:17,DatePickerComponent
FN:22,(anonymous_2)
FNF:2
FNH:2
FNDA:37,DatePickerComponent
FNDA:2,(anonymous_2)
DA:1,8
DA:2,8
DA:4,8
DA:6,8
DA:7,8
DA:9,8
DA:17,8
DA:18,37
DA:23,2
LF:9
LH:9
BRF:0
BRH:0
end_of_record
TN:
SF:src\modules\edit\main\index.tsx
FN:14,(anonymous_1)
FN:21,Main
FN:36,(anonymous_3)
FN:51,(anonymous_4)
FN:60,(anonymous_5)
FN:88,(anonymous_6)
FNF:6
FNH:6
FNDA:7,(anonymous_1)
FNDA:32,Main
FNDA:2,(anonymous_3)
FNDA:1,(anonymous_4)
FNDA:2,(anonymous_5)
FNDA:1,(anonymous_6)
DA:1,7
DA:4,7
DA:5,7
DA:6,7
DA:7,7
DA:9,7
DA:10,7
DA:12,7
DA:14,7
DA:15,7
DA:16,7
DA:17,7
DA:21,7
DA:22,32
DA:36,2
DA:51,1
DA:60,2
DA:88,1
LF:18
LH:18
BRDA:14,0,0,7
BRDA:14,0,1,7
BRDA:35,1,0,6
BRDA:35,1,1,26
BRDA:35,2,0,32
BRDA:35,2,1,20
BRDA:50,3,0,2
BRDA:50,3,1,30
BRDA:50,4,0,32
BRDA:50,4,1,20
BRDA:59,5,0,32
BRDA:59,5,1,1
BRDA:60,6,0,0
BRDA:60,6,1,2
BRF:14
BRH:13
end_of_record
TN:
SF:src\modules\profile\main-photo\index.tsx
FN:14,MainPhoto
FN:17,(anonymous_2)
FN:22,(anonymous_3)
FN:27,(anonymous_4)
FN:32,(anonymous_5)
FN:37,(anonymous_6)
FNF:6
FNH:3
FNDA:7,MainPhoto
FNDA:7,(anonymous_2)
FNDA:1,(anonymous_3)
FNDA:0,(anonymous_4)
FNDA:0,(anonymous_5)
FNDA:0,(anonymous_6)
DA:1,6
DA:3,6
DA:4,6
DA:5,6
DA:6,6
DA:7,6
DA:8,6
DA:9,6
DA:11,6
DA:14,6
DA:15,7
DA:17,7
DA:19,7
DA:22,7
DA:23,1
DA:27,7
DA:28,0
DA:32,7
DA:33,0
DA:37,7
DA:38,0
DA:41,7
LF:22
LH:19
BRDA:42,0,0,5
BRDA:42,0,1,2
BRDA:50,1,0,5
BRDA:50,1,1,2
BRF:4
BRH:4
end_of_record
TN:
SF:src\modules\profile\personal-info\index.tsx
FN:19,PersonalInfo
FN:20,(anonymous_2)
FN:21,(anonymous_3)
FN:22,(anonymous_4)
FN:23,(anonymous_5)
FN:28,(anonymous_6)
FN:29,(anonymous_7)
FN:34,(anonymous_8)
FN:39,(anonymous_9)
FN:52,(anonymous_10)
FN:64,(anonymous_11)
FN:89,(anonymous_12)
FN:96,(anonymous_13)
FNF:13
FNH:12
FNDA:12,PersonalInfo
FNDA:12,(anonymous_2)
FNDA:12,(anonymous_3)
FNDA:12,(anonymous_4)
FNDA:12,(anonymous_5)
FNDA:12,(anonymous_6)
FNDA:12,(anonymous_7)
FNDA:12,(anonymous_8)
FNDA:1,(anonymous_9)
FNDA:1,(anonymous_10)
FNDA:1,(anonymous_11)
FNDA:1,(anonymous_12)
FNDA:0,(anonymous_13)
DA:1,6
DA:2,6
DA:3,6
DA:5,6
DA:6,6
DA:7,6
DA:8,6
DA:9,6
DA:10,6
DA:11,6
DA:12,6
DA:13,6
DA:14,6
DA:16,6
DA:19,6
DA:20,12
DA:21,12
DA:22,12
DA:23,12
DA:25,12
DA:26,12
DA:28,12
DA:29,12
DA:31,12
DA:32,12
DA:34,12
DA:35,12
DA:39,12
DA:40,1
DA:44,1
DA:45,0
DA:48,1
DA:52,12
DA:53,1
DA:56,12
DA:64,1
DA:89,1
DA:96,0
LF:38
LH:36
BRDA:44,0,0,0
BRDA:63,1,0,10
BRDA:63,1,1,2
BRDA:102,2,0,1
BRDA:102,2,1,11
BRF:5
BRH:4
end_of_record
TN:
SF:src\modules\profile\photos\index.tsx
FN:22,Photos
FN:26,(anonymous_2)
FN:27,(anonymous_3)
FN:28,(anonymous_4)
FN:29,(anonymous_5)
FN:35,(anonymous_6)
FN:40,(anonymous_7)
FN:45,(anonymous_8)
FN:50,(anonymous_9)
FN:57,(anonymous_10)
FN:66,(anonymous_11)
FN:99,(anonymous_12)
FN:105,(anonymous_13)
FN:106,(anonymous_14)
FNF:14
FNH:12
FNDA:12,Photos
FNDA:12,(anonymous_2)
FNDA:12,(anonymous_3)
FNDA:12,(anonymous_4)
FNDA:12,(anonymous_5)
FNDA:12,(anonymous_6)
FNDA:1,(anonymous_7)
FNDA:1,(anonymous_8)
FNDA:1,(anonymous_9)
FNDA:1,(anonymous_10)
FNDA:0,(anonymous_11)
FNDA:27,(anonymous_12)
FNDA:1,(anonymous_13)
FNDA:0,(anonymous_14)
DA:1,6
DA:2,6
DA:4,6
DA:5,6
DA:6,6
DA:7,6
DA:8,6
DA:9,6
DA:10,6
DA:11,6
DA:12,6
DA:13,6
DA:14,6
DA:15,6
DA:17,6
DA:19,6
DA:22,6
DA:23,12
DA:24,12
DA:26,12
DA:27,12
DA:28,12
DA:29,12
DA:31,12
DA:32,12
DA:35,12
DA:36,12
DA:40,12
DA:41,1
DA:45,12
DA:46,1
DA:50,12
DA:51,1
DA:53,1
DA:54,1
DA:55,1
DA:57,1
DA:58,1
DA:61,1
DA:66,12
DA:67,0
DA:73,12
DA:100,27
DA:105,1
DA:106,0
LF:45
LH:43
BRDA:53,0,0,1
BRDA:53,1,0,1
BRDA:53,1,1,1
BRDA:77,2,0,10
BRDA:77,2,1,2
BRDA:95,3,0,1
BRDA:95,3,1,11
BRDA:97,4,0,9
BRDA:97,4,1,2
BRDA:97,5,0,11
BRDA:97,5,1,11
BRDA:114,6,0,10
BRDA:114,6,1,2
BRF:13
BRH:13
end_of_record
TN:
SF:src\modules\profile\top-friends\friends.tsx
FN:11,Friends
FN:22,(anonymous_2)
FN:28,(anonymous_3)
FNF:3
FNH:2
FNDA:6,Friends
FNDA:6,(anonymous_2)
FNDA:0,(anonymous_3)
DA:1,6
DA:2,6
DA:4,6
DA:5,6
DA:6,6
DA:7,6
DA:8,6
DA:11,6
DA:14,6
DA:16,6
DA:17,6
DA:19,6
DA:20,6
DA:22,6
DA:24,6
DA:28,6
DA:29,0
DA:36,6
LF:18
LH:17
BRF:0
BRH:0
end_of_record
TN:
SF:src\modules\profile\top-friends\online-friends.tsx
FN:13,OnlineFriends
FN:14,(anonymous_2)
FN:19,(anonymous_3)
FN:25,(anonymous_4)
FNF:4
FNH:3
FNDA:6,OnlineFriends
FNDA:6,(anonymous_2)
FNDA:6,(anonymous_3)
FNDA:0,(anonymous_4)
DA:1,6
DA:2,6
DA:3,6
DA:5,6
DA:6,6
DA:7,6
DA:8,6
DA:9,6
DA:10,6
DA:13,6
DA:14,6
DA:16,6
DA:17,6
DA:19,6
DA:21,6
DA:25,6
DA:26,0
DA:34,6
LF:18
LH:17
BRF:0
BRH:0
end_of_record
TN:
SF:src\modules\profile\top-friends\friends-block\index.tsx
FN:29,FriendsBlock
FN:40,(anonymous_2)
FNF:2
FNH:2
FNDA:17,FriendsBlock
FNDA:10,(anonymous_2)
DA:1,8
DA:2,8
DA:3,8
DA:4,8
DA:6,8
DA:7,8
DA:8,8
DA:9,8
DA:11,8
DA:13,8
DA:29,8
DA:30,17
DA:41,10
DA:43,10
LF:14
LH:14
BRDA:29,0,0,10
BRDA:36,1,0,1
BRDA:36,1,1,16
BRDA:38,2,0,7
BRDA:38,2,1,9
BRDA:38,3,0,16
BRDA:38,3,1,16
BRF:7
BRH:7
end_of_record
TN:
SF:src\modules\sign-up\ChooseAvatar.tsx
FN:23,ChooseAvatar
FN:26,(anonymous_2)
FN:28,(anonymous_3)
FN:30,(anonymous_4)
FN:35,(anonymous_5)
FN:40,(anonymous_6)
FN:44,(anonymous_7)
FNF:7
FNH:4
FNDA:10,ChooseAvatar
FNDA:10,(anonymous_2)
FNDA:5,(anonymous_3)
FNDA:10,(anonymous_4)
FNDA:0,(anonymous_5)
FNDA:0,(anonymous_6)
FNDA:0,(anonymous_7)
DA:1,6
DA:3,6
DA:4,6
DA:5,6
DA:6,6
DA:7,6
DA:8,6
DA:9,6
DA:10,6
DA:11,6
DA:13,6
DA:23,6
DA:24,10
DA:26,10
DA:28,10
DA:29,5
DA:30,10
DA:35,10
DA:36,0
DA:40,10
DA:41,0
DA:44,10
DA:45,0
DA:48,10
LF:24
LH:21
BRDA:29,0,0,5
BRDA:57,1,0,6
BRDA:57,1,1,4
BRDA:59,2,0,2
BRDA:59,2,1,2
BRF:5
BRH:5
end_of_record
TN:
SF:src\modules\sign-up\Form.tsx
FN:21,(anonymous_10)
FN:22,(anonymous_11)
FN:23,(anonymous_12)
FN:33,SignUpForm
FN:34,(anonymous_14)
FN:58,(anonymous_15)
FN:62,(anonymous_16)
FN:66,(anonymous_17)
FN:79,(anonymous_18)
FN:101,(anonymous_19)
FN:118,(anonymous_20)
FN:136,(anonymous_21)
FN:156,(anonymous_22)
FN:156,(anonymous_23)
FN:179,(anonymous_24)
FNF:15
FNH:15
FNDA:2,(anonymous_10)
FNDA:2,(anonymous_11)
FNDA:2,(anonymous_12)
FNDA:114,SignUpForm
FNDA:12,(anonymous_14)
FNDA:18,(anonymous_15)
FNDA:14,(anonymous_16)
FNDA:9,(anonymous_17)
FNDA:11,(anonymous_18)
FNDA:11,(anonymous_19)
FNDA:9,(anonymous_20)
FNDA:15,(anonymous_21)
FNDA:10,(anonymous_22)
FNDA:9,(anonymous_23)
FNDA:11,(anonymous_24)
DA:2,6
DA:5,6
DA:6,6
DA:7,6
DA:8,6
DA:10,6
DA:11,6
DA:12,6
DA:14,6
DA:21,6
DA:22,4
DA:23,4
DA:33,6
DA:34,114
DA:35,12
DA:58,114
DA:59,18
DA:62,114
DA:63,14
DA:66,114
DA:67,9
DA:68,9
DA:69,9
DA:71,9
DA:76,0
DA:79,114
DA:80,11
DA:85,114
DA:101,11
DA:118,9
DA:136,15
DA:156,10
DA:179,11
LF:33
LH:32
BRDA:43,0,0,8
BRDA:43,0,1,4
BRDA:43,1,0,12
BRDA:43,1,1,12
BRDA:45,2,0,4
BRDA:45,2,1,0
BRDA:49,3,0,8
BRDA:49,3,1,4
BRDA:49,4,0,12
BRDA:49,4,1,12
BRDA:51,5,0,4
BRDA:51,5,1,0
BRDA:59,6,0,18
BRDA:59,6,1,0
BRDA:59,7,0,2
BRDA:59,7,1,16
BRDA:63,8,0,14
BRDA:63,8,1,0
BRDA:63,9,0,11
BRDA:63,9,1,3
BRDA:67,10,0,9
BRDA:71,11,0,9
BRDA:71,11,1,0
BRDA:71,12,0,9
BRDA:71,12,1,9
BRDA:71,12,2,9
BRDA:80,13,0,11
BRDA:80,13,1,0
BRDA:81,14,0,0
BRDA:81,14,1,11
BRDA:99,15,0,7
BRDA:99,15,1,107
BRDA:116,16,0,6
BRDA:116,16,1,108
BRDA:134,17,0,11
BRDA:134,17,1,103
BRDA:153,18,0,30
BRDA:153,18,1,84
BRDA:161,19,0,30
BRDA:161,19,1,84
BRDA:177,20,0,18
BRDA:177,20,1,96
BRDA:195,21,0,18
BRDA:195,21,1,96
BRF:44
BRH:37
end_of_record
TN:
SF:src\modules\virtual-list\list\index.tsx
FN:38,VirtualList
FN:55,(anonymous_2)
FN:75,(anonymous_3)
FN:76,(anonymous_4)
FN:86,(anonymous_5)
FN:91,(anonymous_6)
FN:96,(anonymous_7)
FN:101,(anonymous_8)
FN:115,(anonymous_9)
FN:148,(anonymous_10)
FNF:10
FNH:9
FNDA:22,VirtualList
FNDA:14,(anonymous_2)
FNDA:14,(anonymous_3)
FNDA:0,(anonymous_4)
FNDA:14,(anonymous_5)
FNDA:14,(anonymous_6)
FNDA:18,(anonymous_7)
FNDA:24,(anonymous_8)
FNDA:27,(anonymous_9)
FNDA:15,(anonymous_10)
DA:2,6
DA:3,6
DA:4,6
DA:6,6
DA:7,6
DA:8,6
DA:9,6
DA:11,6
DA:38,6
DA:42,22
DA:43,22
DA:45,22
DA:47,22
DA:49,22
DA:55,22
DA:57,14
DA:59,14
DA:62,14
DA:64,14
DA:66,14
DA:67,4
DA:71,14
DA:75,22
DA:77,0
DA:85,22
DA:86,14
DA:91,22
DA:92,14
DA:96,22
DA:97,18
DA:101,22
DA:102,24
DA:104,24
DA:115,22
DA:116,27
DA:129,22
DA:130,1
DA:135,21
DA:136,6
DA:141,15
DA:149,15
LF:41
LH:40
BRDA:66,0,0,4
BRDA:66,1,0,14
BRDA:66,1,1,9
BRDA:66,1,2,5
BRDA:66,1,3,5
BRDA:86,2,0,13
BRDA:86,2,1,1
BRDA:104,3,0,12
BRDA:104,3,1,12
BRDA:129,4,0,1
BRDA:129,5,0,22
BRDA:129,5,1,5
BRDA:135,6,0,6
BRDA:135,7,0,21
BRDA:135,7,1,21
BRF:15
BRH:15
end_of_record
TN:
SF:src\modules\virtual-list\row\index.tsx
FN:29,ListRow
FN:44,(anonymous_2)
FNF:2
FNH:2
FNDA:31,ListRow
FNDA:38,(anonymous_2)
DA:1,7
DA:3,7
DA:5,7
DA:29,7
DA:30,31
DA:31,31
DA:32,31
DA:33,31
DA:36,31
DA:37,13
DA:43,18
DA:45,38
LF:12
LH:12
BRDA:36,0,0,13
BRDA:36,1,0,31
BRDA:36,1,1,13
BRF:3
BRH:3
end_of_record
TN:
SF:src\pages\Edit.tsx
FN:39,Edit
FN:40,(anonymous_2)
FN:41,(anonymous_3)
FN:42,(anonymous_4)
FN:44,(anonymous_5)
FN:45,(anonymous_6)
FN:46,(anonymous_7)
FN:47,(anonymous_8)
FN:49,(anonymous_9)
FN:50,(anonymous_10)
FN:51,(anonymous_11)
FN:52,(anonymous_12)
FN:71,(anonymous_13)
FN:72,(anonymous_14)
FN:78,(anonymous_15)
FN:85,(anonymous_16)
FN:90,(anonymous_17)
FN:115,(anonymous_18)
FN:121,(anonymous_19)
FN:135,(anonymous_20)
FN:139,(anonymous_21)
FN:150,(anonymous_22)
FNF:22
FNH:22
FNDA:23,Edit
FNDA:23,(anonymous_2)
FNDA:23,(anonymous_3)
FNDA:23,(anonymous_4)
FNDA:23,(anonymous_5)
FNDA:23,(anonymous_6)
FNDA:23,(anonymous_7)
FNDA:23,(anonymous_8)
FNDA:23,(anonymous_9)
FNDA:23,(anonymous_10)
FNDA:23,(anonymous_11)
FNDA:23,(anonymous_12)
FNDA:10,(anonymous_13)
FNDA:10,(anonymous_14)
FNDA:10,(anonymous_15)
FNDA:12,(anonymous_16)
FNDA:2,(anonymous_17)
FNDA:3,(anonymous_18)
FNDA:2,(anonymous_19)
FNDA:1,(anonymous_20)
FNDA:8,(anonymous_21)
FNDA:5,(anonymous_22)
DA:1,5
DA:2,5
DA:3,5
DA:5,5
DA:6,5
DA:7,5
DA:8,5
DA:9,5
DA:10,5
DA:11,5
DA:12,5
DA:13,5
DA:14,5
DA:16,5
DA:18,5
DA:39,5
DA:40,23
DA:41,23
DA:42,23
DA:44,23
DA:45,23
DA:46,23
DA:47,23
DA:49,23
DA:50,23
DA:51,23
DA:52,23
DA:54,23
DA:55,23
DA:65,23
DA:66,23
DA:68,23
DA:71,23
DA:72,10
DA:73,10
DA:78,23
DA:79,10
DA:80,2
DA:85,23
DA:86,12
DA:90,23
DA:91,2
DA:93,2
DA:94,0
DA:95,0
DA:102,2
DA:103,2
DA:108,2
DA:115,23
DA:116,3
DA:117,3
DA:121,23
DA:122,2
DA:127,2
DA:128,2
DA:135,23
DA:136,1
DA:138,1
DA:139,8
DA:145,1
DA:146,1
DA:150,23
DA:151,5
DA:154,23
LF:64
LH:62
BRDA:73,0,0,2
BRDA:79,1,0,2
BRDA:86,2,0,12
BRDA:86,2,1,10
BRDA:86,3,0,10
BRDA:86,3,1,10
BRDA:93,4,0,0
BRDA:93,5,0,2
BRDA:93,5,1,0
BRDA:102,6,0,2
BRDA:127,7,0,2
BRDA:129,8,0,1
BRDA:129,8,1,1
BRDA:141,9,0,0
BRDA:141,9,1,8
BRF:15
BRH:12
end_of_record
TN:
SF:src\pages\Photos.tsx
FN:27,Photos
FN:37,(anonymous_2)
FN:38,(anonymous_3)
FN:39,(anonymous_4)
FN:40,(anonymous_5)
FN:45,(anonymous_6)
FN:55,(anonymous_7)
FN:61,(anonymous_8)
FN:67,(anonymous_9)
FN:73,(anonymous_10)
FN:78,(anonymous_11)
FN:84,(anonymous_12)
FN:85,(anonymous_13)
FN:95,(anonymous_14)
FN:102,(anonymous_15)
FNF:15
FNH:11
FNDA:8,Photos
FNDA:8,(anonymous_2)
FNDA:8,(anonymous_3)
FNDA:8,(anonymous_4)
FNDA:8,(anonymous_5)
FNDA:8,(anonymous_6)
FNDA:8,(anonymous_7)
FNDA:6,(anonymous_8)
FNDA:6,(anonymous_9)
FNDA:0,(anonymous_10)
FNDA:24,(anonymous_11)
FNDA:2,(anonymous_12)
FNDA:0,(anonymous_13)
FNDA:0,(anonymous_14)
FNDA:0,(anonymous_15)
DA:1,5
DA:2,5
DA:5,5
DA:6,5
DA:7,5
DA:8,5
DA:9,5
DA:10,5
DA:11,5
DA:12,5
DA:13,5
DA:14,5
DA:15,5
DA:16,5
DA:19,5
DA:21,5
DA:22,5
DA:23,5
DA:24,5
DA:27,5
DA:28,8
DA:30,8
DA:31,8
DA:33,8
DA:35,8
DA:37,8
DA:38,8
DA:39,8
DA:40,8
DA:42,8
DA:43,8
DA:45,8
DA:46,8
DA:55,8
DA:56,8
DA:57,2
DA:61,6
DA:62,6
DA:67,8
DA:69,6
DA:73,8
DA:74,0
DA:78,8
DA:79,24
DA:84,2
DA:85,0
DA:95,8
DA:96,0
DA:98,0
DA:99,0
DA:100,0
DA:102,0
DA:103,0
DA:106,0
DA:111,8
DA:112,0
DA:117,8
LF:57
LH:47
BRDA:42,0,0,0
BRDA:42,0,1,8
BRDA:42,1,0,8
BRDA:42,1,1,8
BRDA:43,2,0,0
BRDA:43,2,1,8
BRDA:43,3,0,8
BRDA:43,3,1,8
BRDA:56,4,0,2
BRDA:56,5,0,8
BRDA:56,5,1,8
BRDA:98,6,0,0
BRDA:98,7,0,0
BRDA:98,7,1,0
BRDA:111,8,0,0
BRDA:111,9,0,8
BRDA:111,9,1,8
BRDA:119,10,0,0
BRDA:119,10,1,8
BRDA:144,11,0,0
BRDA:144,11,1,8
BRF:21
BRH:13
end_of_record
TN:
SF:src\pages\Profile.tsx
FN:13,Profile
FNF:1
FNH:1
FNDA:3,Profile
DA:1,5
DA:2,5
DA:3,5
DA:4,5
DA:5,5
DA:6,5
DA:7,5
DA:8,5
DA:10,5
DA:13,5
DA:14,3
DA:16,3
DA:17,2
DA:22,1
LF:14
LH:14
BRDA:16,0,0,2
BRDA:16,1,0,3
BRDA:16,1,1,2
BRF:3
BRH:3
end_of_record
TN:
SF:src\pages\SignIn.tsx
FN:37,SignIn
FN:42,(anonymous_2)
FN:43,(anonymous_3)
FN:54,(anonymous_4)
FN:59,(anonymous_5)
FN:65,(anonymous_6)
FN:70,(anonymous_7)
FN:82,(anonymous_8)
FN:87,(anonymous_9)
FN:102,(anonymous_10)
FN:151,(anonymous_11)
FN:169,(anonymous_12)
FN:177,(anonymous_13)
FN:198,(anonymous_14)
FN:209,(anonymous_15)
FNF:15
FNH:8
FNDA:21,SignIn
FNDA:0,(anonymous_2)
FNDA:0,(anonymous_3)
FNDA:7,(anonymous_4)
FNDA:7,(anonymous_5)
FNDA:14,(anonymous_6)
FNDA:7,(anonymous_7)
FNDA:14,(anonymous_8)
FNDA:0,(anonymous_9)
FNDA:0,(anonymous_10)
FNDA:0,(anonymous_11)
FNDA:0,(anonymous_12)
FNDA:0,(anonymous_13)
FNDA:1,(anonymous_14)
FNDA:1,(anonymous_15)
DA:1,5
DA:2,5
DA:4,5
DA:5,5
DA:6,5
DA:7,5
DA:8,5
DA:9,5
DA:10,5
DA:11,5
DA:12,5
DA:13,5
DA:14,5
DA:15,5
DA:16,5
DA:17,5
DA:18,5
DA:19,5
DA:21,5
DA:23,5
DA:37,5
DA:38,21
DA:39,21
DA:40,21
DA:42,21
DA:43,21
DA:45,21
DA:47,21
DA:54,21
DA:55,7
DA:59,21
DA:60,7
DA:61,7
DA:65,21
DA:66,14
DA:70,21
DA:71,7
DA:72,7
DA:82,21
DA:83,14
DA:87,21
DA:88,0
DA:97,0
DA:98,0
DA:102,21
DA:103,0
DA:105,0
DA:106,0
DA:110,21
DA:151,0
DA:169,0
DA:177,0
DA:198,1
DA:209,1
LF:54
LH:45
BRDA:60,0,0,7
BRDA:83,1,0,14
BRDA:83,1,1,0
BRDA:83,1,2,0
BRDA:83,1,3,0
BRDA:90,2,0,0
BRDA:90,2,1,0
BRDA:94,3,0,0
BRDA:94,3,1,0
BRDA:94,4,0,0
BRDA:94,4,1,0
BRDA:105,5,0,0
BRDA:147,6,0,14
BRDA:147,6,1,7
BRDA:165,7,0,14
BRDA:165,7,1,7
BRF:16
BRH:6
end_of_record
TN:
SF:src\pages\SignUp.tsx
FN:78,SignUp
FN:83,(anonymous_2)
FN:84,(anonymous_3)
FN:94,(anonymous_4)
FN:99,(anonymous_5)
FN:106,(anonymous_6)
FN:142,(anonymous_7)
FN:146,(anonymous_8)
FN:150,(anonymous_9)
FN:151,(anonymous_10)
FN:154,(anonymous_11)
FN:160,(anonymous_12)
FN:167,(anonymous_13)
FN:211,(anonymous_14)
FN:218,(anonymous_15)
FN:234,(anonymous_16)
FN:277,(anonymous_17)
FNF:17
FNH:9
FNDA:105,SignUp
FNDA:0,(anonymous_2)
FNDA:0,(anonymous_3)
FNDA:21,(anonymous_4)
FNDA:21,(anonymous_5)
FNDA:21,(anonymous_6)
FNDA:0,(anonymous_7)
FNDA:0,(anonymous_8)
FNDA:0,(anonymous_9)
FNDA:0,(anonymous_10)
FNDA:105,(anonymous_11)
FNDA:462,(anonymous_12)
FNDA:52,(anonymous_13)
FNDA:0,(anonymous_14)
FNDA:0,(anonymous_15)
FNDA:105,(anonymous_16)
FNDA:1,(anonymous_17)
DA:1,5
DA:2,5
DA:3,5
DA:5,5
DA:6,5
DA:7,5
DA:8,5
DA:10,5
DA:11,5
DA:12,5
DA:13,5
DA:14,5
DA:15,5
DA:16,5
DA:17,5
DA:18,5
DA:19,5
DA:20,5
DA:21,5
DA:24,5
DA:26,5
DA:28,5
DA:78,5
DA:79,105
DA:80,105
DA:81,105
DA:83,105
DA:84,105
DA:86,105
DA:87,105
DA:94,105
DA:95,21
DA:99,105
DA:100,21
DA:101,21
DA:106,105
DA:107,21
DA:113,21
DA:114,0
DA:123,21
DA:124,0
DA:125,0
DA:132,21
DA:133,21
DA:142,105
DA:143,0
DA:144,0
DA:146,0
DA:150,105
DA:151,0
DA:154,105
DA:155,105
DA:157,105
DA:160,462
DA:163,0
DA:167,105
DA:168,52
DA:170,52
DA:171,52
DA:173,52
DA:174,25
DA:175,11
DA:184,14
DA:192,52
DA:193,27
DA:194,0
DA:203,27
DA:211,105
DA:212,0
DA:214,0
DA:215,0
DA:218,105
DA:219,0
DA:221,0
DA:231,0
DA:234,105
DA:235,105
DA:237,105
DA:243,0
DA:250,0
DA:251,0
DA:255,105
DA:277,1
LF:83
LH:65
BRDA:100,0,0,21
BRDA:113,1,0,0
BRDA:113,2,0,21
BRDA:113,2,1,0
BRDA:123,3,0,0
BRDA:123,4,0,21
BRDA:123,4,1,0
BRDA:143,5,0,0
BRDA:143,5,1,0
BRDA:155,6,0,105
BRDA:155,6,1,0
BRDA:157,7,0,105
BRDA:157,7,1,66
BRDA:160,8,0,462
BRDA:160,8,1,417
BRDA:170,9,0,52
BRDA:173,10,0,25
BRDA:174,11,0,11
BRDA:174,11,1,14
BRDA:192,12,0,27
BRDA:193,13,0,0
BRDA:193,13,1,27
BRDA:235,14,0,105
BRDA:235,14,1,0
BRDA:235,14,2,0
BRDA:308,15,0,0
BRDA:308,15,1,105
BRF:27
BRH:16
end_of_record
TN:
SF:src\service\Logger.ts
FN:9,(anonymous_0)
FN:11,(anonymous_1)
FN:15,(anonymous_2)
FN:19,(anonymous_3)
FN:23,(anonymous_4)
FN:28,(anonymous_5)
FN:32,(anonymous_6)
FN:66,(anonymous_7)
FN:71,(anonymous_8)
FNF:9
FNH:9
FNDA:139,(anonymous_0)
FNDA:256,(anonymous_1)
FNDA:17,(anonymous_2)
FNDA:1,(anonymous_3)
FNDA:15,(anonymous_4)
FNDA:289,(anonymous_5)
FNDA:289,(anonymous_6)
FNDA:139,(anonymous_7)
FNDA:3,(anonymous_8)
DA:1,55
DA:2,55
DA:4,55
DA:5,55
DA:8,55
DA:9,139
DA:12,256
DA:16,17
DA:20,1
DA:24,15
DA:29,289
DA:30,289
DA:32,289
DA:34,289
DA:35,1
DA:38,289
DA:40,256
DA:43,17
DA:44,17
DA:47,1
DA:48,1
DA:51,15
DA:52,15
DA:54,0
DA:58,289
DA:61,289
DA:67,139
DA:72,3
DA:74,3
DA:77,3
DA:80,3
DA:83,3
DA:86,3
DA:89,3
LF:34
LH:33
BRDA:28,0,0,256
BRDA:29,1,0,35
BRDA:29,1,1,254
BRDA:30,2,0,278
BRDA:30,2,1,11
BRDA:34,3,0,1
BRDA:38,4,0,256
BRDA:38,4,1,17
BRDA:38,4,2,1
BRDA:38,4,3,15
BRDA:38,4,4,0
BRDA:43,5,0,6
BRDA:66,6,0,3
BRDA:72,7,0,3
BRF:14
BRH:13
end_of_record
TN:
SF:src\service\i18n.ts
FNF:0
FNH:0
DA:1,44
DA:2,44
DA:4,44
DA:5,44
DA:7,44
DA:22,44
LF:6
LH:6
BRDA:10,0,0,44
BRDA:10,0,1,0
BRF:2
BRH:1
end_of_record
TN:
SF:src\store\auth.ts
FN:32,(anonymous_0)
FN:35,(anonymous_1)
FN:36,(anonymous_2)
FN:37,(anonymous_3)
FN:38,(anonymous_4)
FN:39,(anonymous_5)
FN:40,(anonymous_6)
FNF:7
FNH:7
FNDA:2,(anonymous_0)
FNDA:1,(anonymous_1)
FNDA:2,(anonymous_2)
FNDA:2,(anonymous_3)
FNDA:1,(anonymous_4)
FNDA:1,(anonymous_5)
FNDA:8,(anonymous_6)
DA:1,2
DA:23,2
DA:32,2
DA:35,1
DA:36,2
DA:37,2
DA:38,1
DA:39,1
DA:40,8
DA:43,2
LF:10
LH:10
BRF:0
BRH:0
end_of_record
TN:
SF:src\store\global.ts
FN:26,(anonymous_0)
FN:30,(anonymous_1)
FN:31,(anonymous_2)
FN:31,(anonymous_3)
FN:36,(anonymous_4)
FN:36,(anonymous_5)
FN:38,(anonymous_6)
FN:41,(anonymous_7)
FN:41,(anonymous_8)
FN:46,(anonymous_9)
FNF:10
FNH:10
FNDA:2,(anonymous_0)
FNDA:4,(anonymous_1)
FNDA:4,(anonymous_2)
FNDA:4,(anonymous_3)
FNDA:3,(anonymous_4)
FNDA:3,(anonymous_5)
FNDA:5,(anonymous_6)
FNDA:2,(anonymous_7)
FNDA:2,(anonymous_8)
FNDA:5,(anonymous_9)
DA:1,2
DA:3,2
DA:20,2
DA:26,2
DA:30,4
DA:31,4
DA:32,4
DA:33,4
DA:34,4
DA:36,3
DA:37,3
DA:38,5
DA:39,3
DA:41,2
DA:42,2
DA:43,2
DA:44,2
DA:46,5
DA:49,2
LF:19
LH:19
BRF:0
BRH:0
end_of_record
TN:
SF:src\store\images-carousel.ts
FN:22,(anonymous_0)
FN:25,(anonymous_1)
FN:26,(anonymous_2)
FN:27,(anonymous_3)
FN:27,(anonymous_4)
FN:28,(anonymous_5)
FNF:6
FNH:6
FNDA:2,(anonymous_0)
FNDA:2,(anonymous_1)
FNDA:3,(anonymous_2)
FNDA:2,(anonymous_3)
FNDA:2,(anonymous_4)
FNDA:6,(anonymous_5)
DA:1,2
DA:16,2
DA:22,2
DA:25,2
DA:26,3
DA:27,2
DA:28,6
DA:31,2
LF:8
LH:8
BRF:0
BRH:0
end_of_record
TN:
SF:src\store\index.ts
FN:10,(anonymous_1)
FNF:1
FNH:1
FNDA:1,(anonymous_1)
DA:1,1
DA:2,1
DA:3,1
DA:4,1
DA:5,1
DA:6,1
DA:7,1
DA:10,1
DA:11,1
DA:12,1
DA:13,1
DA:14,1
DA:15,1
DA:16,1
DA:17,1
DA:20,1
LF:16
LH:16
BRF:0
BRH:0
end_of_record
TN:
SF:src\store\photos.ts
FN:30,(anonymous_0)
FN:33,(anonymous_1)
FN:34,(anonymous_2)
FN:35,(anonymous_3)
FN:36,(anonymous_4)
FNF:5
FNH:5
FNDA:2,(anonymous_0)
FNDA:2,(anonymous_1)
FNDA:2,(anonymous_2)
FNDA:2,(anonymous_3)
FNDA:1,(anonymous_4)
DA:1,2
DA:21,2
DA:30,2
DA:33,2
DA:34,2
DA:35,2
DA:36,1
DA:39,2
LF:8
LH:8
BRF:0
BRH:0
end_of_record
TN:
SF:src\store\profile.ts
FN:34,(anonymous_0)
FN:37,(anonymous_1)
FN:38,(anonymous_2)
FN:39,(anonymous_3)
FN:40,(anonymous_4)
FN:41,(anonymous_5)
FN:42,(anonymous_6)
FN:43,(anonymous_7)
FNF:8
FNH:8
FNDA:2,(anonymous_0)
FNDA:2,(anonymous_1)
FNDA:2,(anonymous_2)
FNDA:2,(anonymous_3)
FNDA:2,(anonymous_4)
FNDA:2,(anonymous_5)
FNDA:2,(anonymous_6)
FNDA:1,(anonymous_7)
DA:1,2
DA:24,2
DA:34,2
DA:37,2
DA:38,2
DA:39,2
DA:40,2
DA:41,2
DA:42,2
DA:43,1
DA:46,2
LF:11
LH:11
BRF:0
BRH:0
end_of_record
TN:
SF:src\store\ui.ts
FN:35,(anonymous_1)
FN:38,(anonymous_2)
FN:43,(anonymous_3)
FN:44,(anonymous_4)
FN:45,(anonymous_5)
FN:46,(anonymous_6)
FN:47,(anonymous_7)
FNF:7
FNH:7
FNDA:2,(anonymous_1)
FNDA:1,(anonymous_2)
FNDA:2,(anonymous_3)
FNDA:2,(anonymous_4)
FNDA:2,(anonymous_5)
FNDA:1,(anonymous_6)
FNDA:1,(anonymous_7)
DA:1,2
DA:4,2
DA:23,2
DA:26,2
DA:35,2
DA:40,1
DA:41,1
DA:43,2
DA:44,2
DA:45,2
DA:46,1
DA:47,1
DA:50,2
LF:13
LH:13
BRDA:40,0,0,1
BRF:1
BRH:1
end_of_record
TN:
SF:src\store\user.ts
FN:39,(anonymous_0)
FN:43,(anonymous_1)
FN:44,(anonymous_2)
FN:45,(anonymous_3)
FN:46,(anonymous_4)
FN:47,(anonymous_5)
FNF:6
FNH:6
FNDA:2,(anonymous_0)
FNDA:2,(anonymous_1)
FNDA:2,(anonymous_2)
FNDA:2,(anonymous_3)
FNDA:2,(anonymous_4)
FNDA:1,(anonymous_5)
DA:1,2
DA:30,2
DA:39,2
DA:43,2
DA:44,2
DA:45,2
DA:46,2
DA:47,1
DA:50,2
LF:9
LH:9
BRF:0
BRH:0
end_of_record
TN:
SF:src\types\enums.ts
FN:2,(anonymous_0)
FN:9,(anonymous_1)
FN:29,(anonymous_2)
FN:36,(anonymous_3)
FN:42,(anonymous_4)
FN:48,(anonymous_5)
FN:55,(anonymous_6)
FN:61,(anonymous_7)
FN:70,(anonymous_8)
FN:77,(anonymous_9)
FN:84,(anonymous_10)
FNF:11
FNH:11
FNDA:59,(anonymous_0)
FNDA:59,(anonymous_1)
FNDA:59,(anonymous_2)
FNDA:59,(anonymous_3)
FNDA:59,(anonymous_4)
FNDA:59,(anonymous_5)
FNDA:59,(anonymous_6)
FNDA:59,(anonymous_7)
FNDA:59,(anonymous_8)
FNDA:59,(anonymous_9)
FNDA:59,(anonymous_10)
DA:2,59
DA:3,59
DA:4,59
DA:5,59
DA:9,59
DA:10,59
DA:11,59
DA:12,59
DA:13,59
DA:14,59
DA:15,59
DA:16,59
DA:17,59
DA:18,59
DA:19,59
DA:20,59
DA:21,59
DA:22,59
DA:23,59
DA:24,59
DA:25,59
DA:29,59
DA:30,59
DA:31,59
DA:32,59
DA:36,59
DA:37,59
DA:38,59
DA:42,59
DA:43,59
DA:44,59
DA:45,59
DA:48,59
DA:49,59
DA:50,59
DA:51,59
DA:55,59
DA:56,59
DA:57,59
DA:61,59
DA:62,59
DA:63,59
DA:64,59
DA:65,59
DA:66,59
DA:70,59
DA:71,59
DA:72,59
DA:73,59
DA:74,59
DA:77,59
DA:78,59
DA:79,59
DA:80,59
DA:81,59
DA:84,59
DA:85,59
DA:86,59
LF:58
LH:58
BRDA:2,0,0,59
BRDA:2,0,1,59
BRDA:9,1,0,59
BRDA:9,1,1,59
BRDA:29,2,0,59
BRDA:29,2,1,59
BRDA:36,3,0,59
BRDA:36,3,1,59
BRDA:42,4,0,59
BRDA:42,4,1,59
BRDA:48,5,0,59
BRDA:48,5,1,59
BRDA:55,6,0,59
BRDA:55,6,1,59
BRDA:61,7,0,59
BRDA:61,7,1,59
BRDA:70,8,0,59
BRDA:70,8,1,59
BRDA:77,9,0,59
BRDA:77,9,1,59
BRDA:84,10,0,59
BRDA:84,10,1,59
BRF:22
BRH:22
end_of_record
TN:
SF:src\utils\date.ts
FN:43,(anonymous_1)
FN:49,(anonymous_2)
FN:55,(anonymous_3)
FN:68,(anonymous_4)
FN:93,(anonymous_5)
FNF:5
FNH:5
FNDA:16,(anonymous_1)
FNDA:3,(anonymous_2)
FNDA:13,(anonymous_3)
FNDA:5,(anonymous_4)
FNDA:4,(anonymous_5)
DA:3,15
DA:4,15
DA:5,15
DA:6,15
DA:8,15
DA:11,15
DA:27,15
DA:43,15
DA:44,16
DA:45,16
DA:49,15
DA:50,3
DA:51,3
DA:55,15
DA:56,13
DA:58,13
DA:60,13
DA:61,13
DA:62,13
DA:64,13
DA:68,15
DA:69,5
DA:71,5
DA:72,5
DA:73,5
DA:75,5
DA:93,15
DA:94,4
LF:28
LH:28
BRDA:51,0,0,2
BRDA:51,0,1,1
BRDA:51,1,0,3
BRDA:51,1,1,2
BRDA:55,2,0,1
BRDA:62,3,0,12
BRDA:62,3,1,1
BRDA:62,4,0,0
BRDA:62,4,1,1
BRDA:68,5,0,4
BRDA:75,6,0,2
BRDA:75,6,1,3
BRDA:77,7,0,1
BRDA:77,7,1,2
BRDA:77,8,0,3
BRDA:77,8,1,1
BRDA:79,9,0,1
BRDA:79,9,1,1
BRDA:79,10,0,2
BRDA:79,10,1,1
BRDA:80,11,0,0
BRDA:80,11,1,1
BRDA:84,12,0,1
BRDA:84,12,1,0
BRDA:85,13,0,0
BRDA:85,13,1,1
BRDA:94,14,0,2
BRDA:94,14,1,2
BRF:28
BRH:24
end_of_record
TN:
SF:src\utils\email-check.ts
FN:2,(anonymous_0)
FNF:1
FNH:1
FNDA:31,(anonymous_0)
DA:2,7
DA:4,31
LF:2
LH:2
BRF:0
BRH:0
end_of_record
TN:
SF:src\utils\files.ts
FN:7,(anonymous_1)
FN:21,(anonymous_2)
FNF:2
FNH:2
FNDA:5,(anonymous_1)
FNDA:6,(anonymous_2)
DA:1,1
DA:2,1
DA:4,1
DA:7,1
DA:8,5
DA:10,5
DA:12,5
DA:14,5
DA:15,5
DA:17,5
DA:21,1
DA:22,6
DA:24,6
DA:25,6
DA:27,6
LF:15
LH:15
BRDA:15,0,0,1
BRDA:15,0,1,4
BRDA:27,1,0,6
BRDA:27,1,1,0
BRF:4
BRH:3
end_of_record
TN:
SF:src\utils\index.ts
FN:8,(anonymous_1)
FN:17,(anonymous_2)
FN:23,(anonymous_3)
FN:35,(anonymous_4)
FNF:4
FNH:4
FNDA:8,(anonymous_1)
FNDA:12,(anonymous_2)
FNDA:2,(anonymous_3)
FNDA:4,(anonymous_4)
DA:1,21
DA:5,21
DA:8,21
DA:9,8
DA:11,8
DA:17,21
DA:18,12
DA:19,12
DA:23,21
DA:24,2
DA:26,2
DA:27,2
DA:28,2
DA:29,2
DA:30,2
DA:31,2
DA:35,21
DA:37,4
LF:18
LH:18
BRDA:11,0,0,3
BRDA:11,0,1,5
BRDA:11,1,0,8
BRDA:11,1,1,4
BRDA:13,2,0,5
BRDA:13,2,1,0
BRDA:19,3,0,12
BRDA:19,3,1,0
BRDA:23,4,0,1
BRDA:37,5,0,2
BRDA:37,5,1,2
BRF:11
BRH:9
end_of_record
TN:
SF:src\utils\time.ts
FN:9,(anonymous_1)
FN:15,(anonymous_2)
FNF:2
FNH:2
FNDA:7,(anonymous_1)
FNDA:1,(anonymous_2)
DA:1,15
DA:3,15
DA:6,15
DA:9,15
DA:10,7
DA:11,7
DA:15,15
DA:16,1
DA:17,1
LF:9
LH:9
BRDA:11,0,0,5
BRDA:11,0,1,2
BRF:2
BRH:2
end_of_record
TN:
SF:src\utils\to-format-socket-ack.ts
FN:5,toFormatAck
FNF:1
FNH:1
FNDA:4,toFormatAck
DA:5,7
DA:6,4
DA:10,4
DA:12,4
LF:4
LH:4
BRDA:6,0,0,2
BRDA:6,0,1,2
BRDA:12,1,0,1
BRF:3
BRH:3
end_of_record
